{
  "parameter(s)": [
    ",",
    "f",
    1,
    6
  ],
  "test_compare_lengths_with_large_string": [
    "passed",
    "",
    0.00024
  ],
  "test_property_of_function": [
    "passed",
    "",
    0.00028
  ],
  "test_repeat_char": [
    "failed",
    "AssertionError: assert 'mmm' == 'mmmmmmmm'\n  - mmmmmmmm\n  + mmm",
    0.00029
  ],
  "test_chars_in_range": [
    "failed",
    "AssertionError: assert 'G' not in '0eG@4ACQJ:`O[TJA'\n  'G' is contained here:\n    0eG@4ACQJ:`O[TJA\n  ?   +",
    0.00029
  ]
}