{"category": "PytestAssertRewriteWarning", "filename": "/data/miniconda3/envs/benchmark/lib/python3.12/site-packages/_pytest/config/__init__.py", "lineno": 1277, "message": "Module already imported so cannot be rewritten: anyio", "$report_type": "WarningMessage", "when": "config", "location": ["/data/miniconda3/envs/benchmark/lib/python3.12/site-packages/_pytest/config/__init__.py", 1277, "_consider_importhook"]}
{"category": "PytestAssertRewriteWarning", "filename": "/data/miniconda3/envs/benchmark/lib/python3.12/site-packages/_pytest/config/__init__.py", "lineno": 1277, "message": "Module already imported so cannot be rewritten: anyio", "$report_type": "WarningMessage", "when": "config", "location": ["/data/miniconda3/envs/benchmark/lib/python3.12/site-packages/_pytest/config/__init__.py", 1277, "_consider_importhook"]}
{"pytest_version": "8.3.3", "$report_type": "SessionStart"}
{"nodeid": "tests53_47_3.py::test_string_of_similar_chars_of_length_77", "location": ["tests53_47_3.py", 5, "test_string_of_similar_chars_of_length_77"], "keywords": {"test_string_of_similar_chars_of_length_77": 1, "tests53_47_3.py": 1, "Folder_47": 1, "": 1}, "outcome": "passed", "longrepr": null, "when": "setup", "user_properties": [], "sections": [], "duration": 0.0001208970024890732, "start": 1738556435.5225925, "stop": 1738556435.522714, "$report_type": "TestReport", "item_index": 0, "worker_id": "gw0", "testrun_uid": "16e2ead885e04aea929cfa8dd92c10cb", "node": "<WorkerController gw0>"}
{"nodeid": "tests53_47_3.py::test_string_of_similar_chars_of_length_77", "location": ["tests53_47_3.py", 5, "test_string_of_similar_chars_of_length_77"], "keywords": {"test_string_of_similar_chars_of_length_77": 1, "tests53_47_3.py": 1, "Folder_47": 1, "": 1}, "outcome": "failed", "longrepr": {"reprcrash": {"path": "/data/ASE2024_GitHub/Turbulence-Benchmark-main/Dolphin_T_D/Q53/dolphin2_9_2_results_3/Folder_47/tests53_47_3.py", "lineno": 8, "message": "AssertionError: assert {'a', 'aa', '...'aaaaaa', ...} == {'aaaaaaaaaaa...aaaaaaaaaaaa'}\n  \n  Extra items in the left set:\n  'aaaaaaaaaaaaaaaaaaaaaaaaaaaaaaaaaaaaaaaaaaaaaaaaaaaaaaaaaaaaaaaaaaaaaaaa'\n  'aaaaaaaaaaaaaaaaaa'\n  'aaaaaaaaaaaaaa'\n  'aaaaaaaaaaaaaaaaaaaaaaaaaaaaaaaaaaaa'\n  'aaaaaaaaaaaa'...\n  \n  ...Full output truncated (152 lines hidden), use '-vv' to show"}, "reprtraceback": {"reprentries": [{"type": "ReprEntry", "data": {"lines": ["    def test_string_of_similar_chars_of_length_77():", "        s = ''.join('a' for _ in range(77))", ">       assert palindrome_of_length_at_least_n(s) == {s}", "E       AssertionError: assert {'a', 'aa', '...'aaaaaa', ...} == {'aaaaaaaaaaa...aaaaaaaaaaaa'}", "E         ", "E         Extra items in the left set:", "E         'aaaaaaaaaaaaaaaaaaaaaaaaaaaaaaaaaaaaaaaaaaaaaaaaaaaaaaaaaaaaaaaaaaaaaaaa'", "E         'aaaaaaaaaaaaaaaaaa'", "E         'aaaaaaaaaaaaaa'", "E         'aaaaaaaaaaaaaaaaaaaaaaaaaaaaaaaaaaaa'", "E         'aaaaaaaaaaaa'...", "E         ", "E         ...Full output truncated (152 lines hidden), use '-vv' to show"], "reprfuncargs": {"args": []}, "reprlocals": null, "reprfileloc": {"path": "Q53/dolphin2_9_2_results_3/Folder_47/tests53_47_3.py", "lineno": 8, "message": "AssertionError"}, "style": "long"}}], "extraline": null, "style": "long"}, "sections": [], "chain": [[{"reprentries": [{"type": "ReprEntry", "data": {"lines": ["    def test_string_of_similar_chars_of_length_77():", "        s = ''.join('a' for _ in range(77))", ">       assert palindrome_of_length_at_least_n(s) == {s}", "E       AssertionError: assert {'a', 'aa', '...'aaaaaa', ...} == {'aaaaaaaaaaa...aaaaaaaaaaaa'}", "E         ", "E         Extra items in the left set:", "E         'aaaaaaaaaaaaaaaaaaaaaaaaaaaaaaaaaaaaaaaaaaaaaaaaaaaaaaaaaaaaaaaaaaaaaaaa'", "E         'aaaaaaaaaaaaaaaaaa'", "E         'aaaaaaaaaaaaaa'", "E         'aaaaaaaaaaaaaaaaaaaaaaaaaaaaaaaaaaaa'", "E         'aaaaaaaaaaaa'...", "E         ", "E         ...Full output truncated (152 lines hidden), use '-vv' to show"], "reprfuncargs": {"args": []}, "reprlocals": null, "reprfileloc": {"path": "Q53/dolphin2_9_2_results_3/Folder_47/tests53_47_3.py", "lineno": 8, "message": "AssertionError"}, "style": "long"}}], "extraline": null, "style": "long"}, {"path": "/data/ASE2024_GitHub/Turbulence-Benchmark-main/Dolphin_T_D/Q53/dolphin2_9_2_results_3/Folder_47/tests53_47_3.py", "lineno": 8, "message": "AssertionError: assert {'a', 'aa', '...'aaaaaa', ...} == {'aaaaaaaaaaa...aaaaaaaaaaaa'}\n  \n  Extra items in the left set:\n  'aaaaaaaaaaaaaaaaaaaaaaaaaaaaaaaaaaaaaaaaaaaaaaaaaaaaaaaaaaaaaaaaaaaaaaaa'\n  'aaaaaaaaaaaaaaaaaa'\n  'aaaaaaaaaaaaaa'\n  'aaaaaaaaaaaaaaaaaaaaaaaaaaaaaaaaaaaa'\n  'aaaaaaaaaaaa'...\n  \n  ...Full output truncated (152 lines hidden), use '-vv' to show"}, null]]}, "when": "call", "user_properties": [], "sections": [], "duration": 0.002999026997713372, "start": 1738556435.52289, "stop": 1738556435.5258899, "extras": [], "$report_type": "TestReport", "item_index": 0, "worker_id": "gw0", "testrun_uid": "16e2ead885e04aea929cfa8dd92c10cb", "node": "<WorkerController gw0>"}
{"nodeid": "tests53_47_3.py::test_string_of_similar_chars_of_length_77", "location": ["tests53_47_3.py", 5, "test_string_of_similar_chars_of_length_77"], "keywords": {"test_string_of_similar_chars_of_length_77": 1, "tests53_47_3.py": 1, "Folder_47": 1, "": 1}, "outcome": "passed", "longrepr": null, "when": "teardown", "user_properties": [], "sections": [], "duration": 0.00010877599925152026, "start": 1738556435.534984, "stop": 1738556435.5350935, "$report_type": "TestReport", "item_index": 0, "worker_id": "gw0", "testrun_uid": "16e2ead885e04aea929cfa8dd92c10cb", "node": "<WorkerController gw0>"}
{"exitstatus": 2, "$report_type": "SessionFinish"}
