{
  "parameter(s)": [
    20,
    43
  ],
  "test_absence_of_duplicates": [
    "failed",
    "AssertionError: assert 'x' not in 'ABCxaRphFDZUflTonHMPEw'\n  'x' is contained here:\n    ABCxaRphFDZUflTonHMPEw\n  ?    +",
    0.00046
  ],
  "test_repeat_char": [
    "failed",
    "AssertionError: assert not 'a'\n +  where 'a' = remove_repeat_chars('aaaaaaaaaaaaaaaaaaaaaaaaaaaaaaaaaaaaaaaaaaaaa')",
    0.00023
  ],
  "test_merged_strings": [
    "failed",
    "AssertionError: assert 'a' == 'bbbbbbbbbbbb...bbbbbbbbbbbbb'\n  - bbbbbbbbbbbbbbbbbbbbbbbbbbbbbbbbbbbbbbbbbbb\n  + a",
    0.00036
  ]
}