{
  "parameter(s)": [
    "P",
    "x",
    12,
    25
  ],
  "test_compare_lengths_with_large_string": [
    "passed",
    "",
    0.0001
  ],
  "test_property_of_function": [
    "failed",
    "AssertionError: assert 'U' not in 'fjAcgiwVBYO...qTAMazcsfuFk'\n  'U' is contained here:\n    fjAcgiwVBYOozyJEeUtSeWuQefWMqTAMazcsfuFk\n  ?                  +",
    0.00039
  ],
  "test_repeat_char": [
    "failed",
    "AssertionError: assert 'mmmmmmmmmmmmm' == ''\n  + mmmmmmmmmmmmm",
    0.00035
  ]
}