{
  "parameter(s)": [
    18,
    0,
    17
  ],
  "test_result_is_in_given_string": [
    "passed",
    "",
    0.00018
  ],
  "test_result_is_smaller": [
    "failed",
    "AssertionError: assert 11 == (18 - 18)\n +  where 18 = len('2a1w.0s~(Z{iR)=n|+')",
    0.00027
  ],
  "test_result_is_larger": [
    "failed",
    "assert 10 == (18 - 1)",
    0.0003
  ],
  "test_random_string": [
    "failed",
    "AssertionError: assert 'o' == 'x'\n  - x\n  + o",
    0.00039
  ]
}