{
  "parameter(s)": [
    2,
    "ascending"
  ],
  "test_length_of_result": [
    "passed",
    "",
    0.00019
  ],
  "test_strings_of_size_equal_to_2": [
    "failed",
    "AssertionError: assert ['Q', 'E'] == ['E', 'Q']\n  At index 0 diff: 'Q' != 'E'\n  Full diff:\n  - ['E', 'Q']\n  + ['Q', 'E']",
    0.0005
  ],
  "test_if_result_is_sorted": [
    "failed",
    "AssertionError: assert ['w', 'v'] == ['v', 'w']\n  At index 0 diff: 'w' != 'v'\n  Full diff:\n  - ['v', 'w']\n  + ['w', 'v']",
    0.00062
  ]
}