{"category": "PytestAssertRewriteWarning", "filename": "/data/miniconda3/envs/benchmark/lib/python3.12/site-packages/_pytest/config/__init__.py", "lineno": 1277, "message": "Module already imported so cannot be rewritten: anyio", "$report_type": "WarningMessage", "when": "config", "location": ["/data/miniconda3/envs/benchmark/lib/python3.12/site-packages/_pytest/config/__init__.py", 1277, "_consider_importhook"]}
{"category": "PytestAssertRewriteWarning", "filename": "/data/miniconda3/envs/benchmark/lib/python3.12/site-packages/_pytest/config/__init__.py", "lineno": 1277, "message": "Module already imported so cannot be rewritten: anyio", "$report_type": "WarningMessage", "when": "config", "location": ["/data/miniconda3/envs/benchmark/lib/python3.12/site-packages/_pytest/config/__init__.py", 1277, "_consider_importhook"]}
{"pytest_version": "8.3.3", "$report_type": "SessionStart"}
{"nodeid": "tests53_76_5.py::test_string_of_similar_chars_of_length_137", "location": ["tests53_76_5.py", 5, "test_string_of_similar_chars_of_length_137"], "keywords": {"test_string_of_similar_chars_of_length_137": 1, "tests53_76_5.py": 1, "Folder_76": 1, "": 1}, "outcome": "passed", "longrepr": null, "when": "setup", "user_properties": [], "sections": [], "duration": 0.0001263301819562912, "start": 1738459388.1811812, "stop": 1738459388.1813083, "$report_type": "TestReport", "item_index": 0, "worker_id": "gw0", "testrun_uid": "5972cf3d00bd4acf8a04c21644bc3fd8", "node": "<WorkerController gw0>"}
{"nodeid": "tests53_76_5.py::test_string_of_similar_chars_of_length_137", "location": ["tests53_76_5.py", 5, "test_string_of_similar_chars_of_length_137"], "keywords": {"test_string_of_similar_chars_of_length_137": 1, "tests53_76_5.py": 1, "Folder_76": 1, "": 1}, "outcome": "failed", "longrepr": {"reprcrash": {"path": "/data/ASE2024_GitHub/Turbulence-Benchmark-main/Phi3_T_D/Q53/Phi_3_results_5/Folder_76/tests53_76_5.py", "lineno": 8, "message": "AssertionError: assert {'', 'a', 'aa... 'aaaaa', ...} == {'aaaaaaaaaaa...aaaaaaaaaaaa'}\n  \n  Extra items in the left set:\n  ''\n  'aaaaaaaaaaaaaaaaaaaaaaaaaaaaaaaaaaaaaaaaaaaaaaaaaaaaaaaaaaaaaaaaaaaaaaaaaaaaaaaaaaaaaaaaaaaaaaaaaaaaaaaaaaaaaaaaaaaaaaaaaaaaaaaaaa'\n  'aaaaaaaaaaaaaaaaaaaaaaaaaaaaaaaaaaaaaaaaaaaaaaaaaa'\n  'aaaaaaaaaaaaaaaaaaaaaaaaaaaaaaaaaaaaaaaaaaaaaaaaaaaaa'\n  'aaaa'...\n  \n  ...Full output truncated (274 lines hidden), use '-vv' to show"}, "reprtraceback": {"reprentries": [{"type": "ReprEntry", "data": {"lines": ["    def test_string_of_similar_chars_of_length_137():", "        s = ''.join('a' for _ in range(137))", ">       assert palindrome_of_length_at_least_n(s) == {s}", "E       AssertionError: assert {'', 'a', 'aa... 'aaaaa', ...} == {'aaaaaaaaaaa...aaaaaaaaaaaa'}", "E         ", "E         Extra items in the left set:", "E         ''", "E         'aaaaaaaaaaaaaaaaaaaaaaaaaaaaaaaaaaaaaaaaaaaaaaaaaaaaaaaaaaaaaaaaaaaaaaaaaaaaaaaaaaaaaaaaaaaaaaaaaaaaaaaaaaaaaaaaaaaaaaaaaaaaaaaaaa'", "E         'aaaaaaaaaaaaaaaaaaaaaaaaaaaaaaaaaaaaaaaaaaaaaaaaaa'", "E         'aaaaaaaaaaaaaaaaaaaaaaaaaaaaaaaaaaaaaaaaaaaaaaaaaaaaa'", "E         'aaaa'...", "E         ", "E         ...Full output truncated (274 lines hidden), use '-vv' to show"], "reprfuncargs": {"args": []}, "reprlocals": null, "reprfileloc": {"path": "Q53/Phi_3_results_5/Folder_76/tests53_76_5.py", "lineno": 8, "message": "AssertionError"}, "style": "long"}}], "extraline": null, "style": "long"}, "sections": [], "chain": [[{"reprentries": [{"type": "ReprEntry", "data": {"lines": ["    def test_string_of_similar_chars_of_length_137():", "        s = ''.join('a' for _ in range(137))", ">       assert palindrome_of_length_at_least_n(s) == {s}", "E       AssertionError: assert {'', 'a', 'aa... 'aaaaa', ...} == {'aaaaaaaaaaa...aaaaaaaaaaaa'}", "E         ", "E         Extra items in the left set:", "E         ''", "E         'aaaaaaaaaaaaaaaaaaaaaaaaaaaaaaaaaaaaaaaaaaaaaaaaaaaaaaaaaaaaaaaaaaaaaaaaaaaaaaaaaaaaaaaaaaaaaaaaaaaaaaaaaaaaaaaaaaaaaaaaaaaaaaaaaa'", "E         'aaaaaaaaaaaaaaaaaaaaaaaaaaaaaaaaaaaaaaaaaaaaaaaaaa'", "E         'aaaaaaaaaaaaaaaaaaaaaaaaaaaaaaaaaaaaaaaaaaaaaaaaaaaaa'", "E         'aaaa'...", "E         ", "E         ...Full output truncated (274 lines hidden), use '-vv' to show"], "reprfuncargs": {"args": []}, "reprlocals": null, "reprfileloc": {"path": "Q53/Phi_3_results_5/Folder_76/tests53_76_5.py", "lineno": 8, "message": "AssertionError"}, "style": "long"}}], "extraline": null, "style": "long"}, {"path": "/data/ASE2024_GitHub/Turbulence-Benchmark-main/Phi3_T_D/Q53/Phi_3_results_5/Folder_76/tests53_76_5.py", "lineno": 8, "message": "AssertionError: assert {'', 'a', 'aa... 'aaaaa', ...} == {'aaaaaaaaaaa...aaaaaaaaaaaa'}\n  \n  Extra items in the left set:\n  ''\n  'aaaaaaaaaaaaaaaaaaaaaaaaaaaaaaaaaaaaaaaaaaaaaaaaaaaaaaaaaaaaaaaaaaaaaaaaaaaaaaaaaaaaaaaaaaaaaaaaaaaaaaaaaaaaaaaaaaaaaaaaaaaaaaaaaa'\n  'aaaaaaaaaaaaaaaaaaaaaaaaaaaaaaaaaaaaaaaaaaaaaaaaaa'\n  'aaaaaaaaaaaaaaaaaaaaaaaaaaaaaaaaaaaaaaaaaaaaaaaaaaaaa'\n  'aaaa'...\n  \n  ...Full output truncated (274 lines hidden), use '-vv' to show"}, null]]}, "when": "call", "user_properties": [], "sections": [], "duration": 0.004099205136299133, "start": 1738459388.1814768, "stop": 1738459388.1855772, "extras": [], "$report_type": "TestReport", "item_index": 0, "worker_id": "gw0", "testrun_uid": "5972cf3d00bd4acf8a04c21644bc3fd8", "node": "<WorkerController gw0>"}
{"nodeid": "tests53_76_5.py::test_string_of_similar_chars_of_length_137", "location": ["tests53_76_5.py", 5, "test_string_of_similar_chars_of_length_137"], "keywords": {"test_string_of_similar_chars_of_length_137": 1, "tests53_76_5.py": 1, "Folder_76": 1, "": 1}, "outcome": "passed", "longrepr": null, "when": "teardown", "user_properties": [], "sections": [], "duration": 0.00010686647146940231, "start": 1738459388.1941714, "stop": 1738459388.1942787, "$report_type": "TestReport", "item_index": 0, "worker_id": "gw0", "testrun_uid": "5972cf3d00bd4acf8a04c21644bc3fd8", "node": "<WorkerController gw0>"}
{"exitstatus": 2, "$report_type": "SessionFinish"}
