{
  "parameter(s)": [
    35
  ],
  "test_string_of_many_chars": [
    "passed",
    "",
    0.00017
  ],
  "test_string_of_similar_chars_of_length_35": [
    "passed",
    "",
    0.00018
  ],
  "test_string_of_similar_chars_of_length_greater_than_35": [
    "passed",
    "",
    0.00012
  ],
  "test_string_of_spaces_and_letters": [
    "failed",
    "AssertionError: assert not {'  a  a  a  a  a  a  a  a  a  a  a  ', '  a  a  a  a  a  a  a  a  a  a  a  a  ', '  a  a  a  a  a  a  a  a  a  a  a  a  a  ', '  a  a  a  a  a  a  a  a  a  a  a  a  a  a  ', '  a  a  a  a  a  a  a  a  a  a  a  a  a  a  a  ', '  a  a  a  a  a  a  a  a  a  a  a  a  a  a  a  a  ', ...}\n +  where {'  a  a  a  a  a  a  a  a  a  a  a  ', '  a  a  a  a  a  a  a  a  a  a  a  a  ', '  a  a  a  a  a  a  a  a  a  a  a  a  a  ', '  a  a  a  a  a  a  a  a  a  a  a  a  a  a  ', '  a  a  a  a  a  a  a  a  a  a  a  a  a  a  a  ', '  a  a  a  a  a  a  a  a  a  a  a  a  a  a  a  a  ', ...} = palindrome_of_length_at_least_n(' a  a  a  a  a  a  a  a  a  a  a  a  a  a  a  a  a  a  a  a  a  a  a  a  a  a  a  a  a  a  a  a  a  a  a  a  a  a  a  a  a  a  a  a  a  a  a  a  a  a  a  a  a  a  a  a  a  a  a  a  a  a  a  a  a  a  a  a  a  a ')",
    0.00552
  ],
  "test_string_of_punctuations_and_letters": [
    "failed",
    "AssertionError: assert not {'%a%a%a%a%a%a%a%a%a%a%a%a%a%a%a%a%a%', '%a%a%a%a%a%a%a%a%a%a%a%a%a%a%a%a%a%a%', '%a%a%a%a%a%a%a%a%a%a%a%a%a%a%a%a%a%a%a%', '%a%a%a%a%a%a%a%a%a%a%a%a%a%a%a%a%a%a%a%a%', '%a%a%a%a%a%a%a%a%a%a%a%a%a%a%a%a%a%a%a%a%a%', '%a%a%a%a%a%a%a%a%a%a%a%a%a%a%a%a%a%a%a%a%a%a%', ...}\n +  where {'%a%a%a%a%a%a%a%a%a%a%a%a%a%a%a%a%a%', '%a%a%a%a%a%a%a%a%a%a%a%a%a%a%a%a%a%a%', '%a%a%a%a%a%a%a%a%a%a%a%a%a%a%a%a%a%a%a%', '%a%a%a%a%a%a%a%a%a%a%a%a%a%a%a%a%a%a%a%a%', '%a%a%a%a%a%a%a%a%a%a%a%a%a%a%a%a%a%a%a%a%a%', '%a%a%a%a%a%a%a%a%a%a%a%a%a%a%a%a%a%a%a%a%a%a%', ...} = palindrome_of_length_at_least_n('a%a%a%a%a%a%a%a%a%a%a%a%a%a%a%a%a%a%a%a%a%a%a%a%a%a%a%a%a%a%a%a%a%a%a%')",
    0.00106
  ],
  "test_string_of_spaces": [
    "failed",
    "AssertionError: assert not {'                                   ', '                                    ', '                                     ', '                                      ', '                                       ', '                                        ', ...}\n +  where {'                                   ', '                                    ', '                                     ', '                                      ', '                                       ', '                                        ', ...} = palindrome_of_length_at_least_n('                                                                      ')",
    0.00125
  ]
}