{
  "parameter(s)": [
    "c",
    "n",
    13,
    28
  ],
  "test_compare_lengths_with_large_string": [
    "passed",
    "",
    9e-05
  ],
  "test_repeat_char": [
    "failed",
    "AssertionError: assert 'mmmmmmmmmmmmmm' == ''\n  + mmmmmmmmmmmmmm",
    0.00023
  ],
  "test_property_of_function": [
    "failed",
    "AssertionError: assert 'e' not in 'CGhkgWzefGi...TJNmFwprjfgo'\n  'e' is contained here:\n    CGhkgWzefGiFxQuyMITFtKGbCXHxbKLeYlcGOXhgTJNmFwprjfgo\n  ?        +",
    0.00058
  ]
}