{
  "parameter(s)": [
    60
  ],
  "test_one_character_string": [
    "passed",
    "",
    0.00017
  ],
  "test_length_of_substring_result": [
    "passed",
    "",
    8e-05
  ],
  "test_same_character_string": [
    "failed",
    "AssertionError: assert not ['aaaaaaaaaaaaaaaaaaaaaaaaaaaaaaaaaaaaaaaaaaaaaaaaaaaaaaaaaaaa']\n +  where ['aaaaaaaaaaaaaaaaaaaaaaaaaaaaaaaaaaaaaaaaaaaaaaaaaaaaaaaaaaaa'] = all_substring_of_size_n('aaaaaaaaaaaaaaaaaaaaaaaaaaaaaaaaaaaaaaaaaaaaaaaaaaaaaaaaaaaa')",
    0.00023
  ],
  "test_string_of_same_character": [
    "failed",
    "AssertionError: assert not ['                                                            ']\n +  where ['                                                            '] = all_substring_of_size_n('                                                                     ')",
    0.00036
  ]
}