{
  "parameter(s)": [
    13,
    0,
    18
  ],
  "test_result_is_in_given_string": [
    "passed",
    "",
    0.00016
  ],
  "test_result_is_smaller": [
    "failed",
    "AssertionError: assert 17 == (19 - 13)\n +  where 19 = len(',{C%lr`[V<2yox0ZX@B')",
    0.00041
  ],
  "test_result_is_larger": [
    "failed",
    "assert 1 == (13 - 1)",
    0.00042
  ],
  "test_random_string": [
    "failed",
    "AssertionError: assert ',' == 'P'\n  - P\n  + ,",
    0.00025
  ]
}