{
  "parameter(s)": [
    32,
    35
  ],
  "test_range_size": [
    "passed",
    "",
    0.00013
  ],
  "test_all_zero_range": [
    "passed",
    "",
    0.00017
  ],
  "test_range_sum_positive_odds": [
    "passed",
    "",
    8e-05
  ],
  "test_range_sum_negative_odds": [
    "passed",
    "",
    0.00014
  ],
  "test_odd_range": [
    "failed",
    "AssertionError: assert [121, 121, 12...121, 121, ...] == [121, 121, 121, 121]\n  Left contains 356 more items, first extra item: 121\n  Full diff:\n    [\n     121,\n     121,\n     121,\n     121,...\n  \n  ...Full output truncated (357 lines hidden), use '-vv' to show",
    0.00128
  ],
  "test_all_one_range": [
    "failed",
    "AssertionError: assert [1, 1, 1, 1, 1, 1, ...] == [1, 1, 1, 1]\n  Left contains 40 more items, first extra item: 1\n  Full diff:\n    [\n     1,\n     1,\n     1,\n     1,...\n  \n  ...Full output truncated (41 lines hidden), use '-vv' to show",
    0.00043
  ],
  "test_all_negative_ones": [
    "failed",
    "AssertionError: assert [-1, -1, -1, -1, -1, -1, ...] == [-1, -1, -1, -1]\n  Left contains 40 more items, first extra item: -1\n  Full diff:\n    [\n     -1,\n     -1,\n     -1,\n     -1,...\n  \n  ...Full output truncated (41 lines hidden), use '-vv' to show",
    0.0006
  ]
}