{
  "parameter(s)": [
    14,
    47,
    70
  ],
  "test_result_is_in_given_string": [
    "passed",
    "",
    0.00014
  ],
  "test_result_is_larger": [
    "failed",
    "assert 6 == (14 - 1)",
    0.00043
  ],
  "test_result_is_smaller": [
    "failed",
    "AssertionError: assert 14 == (24 - 14)\n +  where 24 = len('*-kWDua8PK,_R@=OZJ3te<?0')",
    0.00051
  ],
  "test_random_string": [
    "failed",
    "AssertionError: assert 't' == '`'\n  - `\n  + t",
    0.00032
  ]
}