{
  "parameter(s)": [
    15
  ],
  "test_one_character_string": [
    "passed",
    "",
    0.00018
  ],
  "test_length_of_substring_result": [
    "passed",
    "",
    0.00011
  ],
  "test_string_of_same_character": [
    "failed",
    "AssertionError: assert not ['               ']\n +  where ['               '] = all_substring_of_size_n('                        ')",
    0.00024
  ],
  "test_same_character_string": [
    "failed",
    "AssertionError: assert not ['aaaaaaaaaaaaaaa']\n +  where ['aaaaaaaaaaaaaaa'] = all_substring_of_size_n('aaaaaaaaaaaaaaa')",
    0.00025
  ]
}