{
  "parameter(s)": [
    14
  ],
  "test_one_character_string": [
    "passed",
    "",
    0.00016
  ],
  "test_length_of_substring_result": [
    "passed",
    "",
    9e-05
  ],
  "test_same_character_string": [
    "failed",
    "AssertionError: assert not ['aaaaaaaaaaaaaa']\n +  where ['aaaaaaaaaaaaaa'] = all_substring_of_size_n('aaaaaaaaaaaaaa')",
    0.00022
  ],
  "test_string_of_same_character": [
    "failed",
    "AssertionError: assert not ['              ']\n +  where ['              '] = all_substring_of_size_n('                       ')",
    0.00025
  ]
}