{"category": "PytestAssertRewriteWarning", "filename": "/data/miniconda3/envs/benchmark/lib/python3.12/site-packages/_pytest/config/__init__.py", "lineno": 1277, "message": "Module already imported so cannot be rewritten: anyio", "$report_type": "WarningMessage", "when": "config", "location": ["/data/miniconda3/envs/benchmark/lib/python3.12/site-packages/_pytest/config/__init__.py", 1277, "_consider_importhook"]}
{"category": "PytestAssertRewriteWarning", "filename": "/data/miniconda3/envs/benchmark/lib/python3.12/site-packages/_pytest/config/__init__.py", "lineno": 1277, "message": "Module already imported so cannot be rewritten: anyio", "$report_type": "WarningMessage", "when": "config", "location": ["/data/miniconda3/envs/benchmark/lib/python3.12/site-packages/_pytest/config/__init__.py", 1277, "_consider_importhook"]}
{"pytest_version": "8.3.3", "$report_type": "SessionStart"}
{"nodeid": "tests53_80_3.py::test_string_of_similar_chars_of_length_30", "location": ["tests53_80_3.py", 5, "test_string_of_similar_chars_of_length_30"], "keywords": {"test_string_of_similar_chars_of_length_30": 1, "tests53_80_3.py": 1, "Folder_80": 1, "": 1}, "outcome": "passed", "longrepr": null, "when": "setup", "user_properties": [], "sections": [], "duration": 0.0001224610023200512, "start": 1738556462.8825774, "stop": 1738556462.8827004, "$report_type": "TestReport", "item_index": 0, "worker_id": "gw0", "testrun_uid": "4f6abf92e328427db9668000b820e11a", "node": "<WorkerController gw0>"}
{"nodeid": "tests53_80_3.py::test_string_of_similar_chars_of_length_30", "location": ["tests53_80_3.py", 5, "test_string_of_similar_chars_of_length_30"], "keywords": {"test_string_of_similar_chars_of_length_30": 1, "tests53_80_3.py": 1, "Folder_80": 1, "": 1}, "outcome": "failed", "longrepr": {"reprcrash": {"path": "/data/ASE2024_GitHub/Turbulence-Benchmark-main/Dolphin_T_D/Q53/dolphin2_9_2_results_3/Folder_80/tests53_80_3.py", "lineno": 8, "message": "AssertionError: assert {'aa', 'aaa',...aaaaaaa', ...} == {'aaaaaaaaaaa...aaaaaaaaaaaa'}\n  \n  Extra items in the left set:\n  'aaaaaaaaaaaaaaaaaaaa'\n  'aaa'\n  'aaaaaaaaaaaa'\n  'aaaaa'\n  'aaaaaaaaaaaaa'...\n  \n  ...Full output truncated (56 lines hidden), use '-vv' to show"}, "reprtraceback": {"reprentries": [{"type": "ReprEntry", "data": {"lines": ["    def test_string_of_similar_chars_of_length_30():", "        s = ''.join('a' for _ in range(30))", ">       assert palindrome_of_length_at_least_n(s) == {s}", "E       AssertionError: assert {'aa', 'aaa',...aaaaaaa', ...} == {'aaaaaaaaaaa...aaaaaaaaaaaa'}", "E         ", "E         Extra items in the left set:", "E         'aaaaaaaaaaaaaaaaaaaa'", "E         'aaa'", "E         'aaaaaaaaaaaa'", "E         'aaaaa'", "E         'aaaaaaaaaaaaa'...", "E         ", "E         ...Full output truncated (56 lines hidden), use '-vv' to show"], "reprfuncargs": {"args": []}, "reprlocals": null, "reprfileloc": {"path": "Q53/dolphin2_9_2_results_3/Folder_80/tests53_80_3.py", "lineno": 8, "message": "AssertionError"}, "style": "long"}}], "extraline": null, "style": "long"}, "sections": [], "chain": [[{"reprentries": [{"type": "ReprEntry", "data": {"lines": ["    def test_string_of_similar_chars_of_length_30():", "        s = ''.join('a' for _ in range(30))", ">       assert palindrome_of_length_at_least_n(s) == {s}", "E       AssertionError: assert {'aa', 'aaa',...aaaaaaa', ...} == {'aaaaaaaaaaa...aaaaaaaaaaaa'}", "E         ", "E         Extra items in the left set:", "E         'aaaaaaaaaaaaaaaaaaaa'", "E         'aaa'", "E         'aaaaaaaaaaaa'", "E         'aaaaa'", "E         'aaaaaaaaaaaaa'...", "E         ", "E         ...Full output truncated (56 lines hidden), use '-vv' to show"], "reprfuncargs": {"args": []}, "reprlocals": null, "reprfileloc": {"path": "Q53/dolphin2_9_2_results_3/Folder_80/tests53_80_3.py", "lineno": 8, "message": "AssertionError"}, "style": "long"}}], "extraline": null, "style": "long"}, {"path": "/data/ASE2024_GitHub/Turbulence-Benchmark-main/Dolphin_T_D/Q53/dolphin2_9_2_results_3/Folder_80/tests53_80_3.py", "lineno": 8, "message": "AssertionError: assert {'aa', 'aaa',...aaaaaaa', ...} == {'aaaaaaaaaaa...aaaaaaaaaaaa'}\n  \n  Extra items in the left set:\n  'aaaaaaaaaaaaaaaaaaaa'\n  'aaa'\n  'aaaaaaaaaaaa'\n  'aaaaa'\n  'aaaaaaaaaaaaa'...\n  \n  ...Full output truncated (56 lines hidden), use '-vv' to show"}, null]]}, "when": "call", "user_properties": [], "sections": [], "duration": 0.0006279679982981179, "start": 1738556462.8828793, "stop": 1738556462.8835077, "extras": [], "$report_type": "TestReport", "item_index": 0, "worker_id": "gw0", "testrun_uid": "4f6abf92e328427db9668000b820e11a", "node": "<WorkerController gw0>"}
{"nodeid": "tests53_80_3.py::test_string_of_similar_chars_of_length_30", "location": ["tests53_80_3.py", 5, "test_string_of_similar_chars_of_length_30"], "keywords": {"test_string_of_similar_chars_of_length_30": 1, "tests53_80_3.py": 1, "Folder_80": 1, "": 1}, "outcome": "passed", "longrepr": null, "when": "teardown", "user_properties": [], "sections": [], "duration": 0.00010292699880665168, "start": 1738556462.8921819, "stop": 1738556462.892285, "$report_type": "TestReport", "item_index": 0, "worker_id": "gw0", "testrun_uid": "4f6abf92e328427db9668000b820e11a", "node": "<WorkerController gw0>"}
{"exitstatus": 2, "$report_type": "SessionFinish"}
