{
  "parameter(s)": [
    95
  ],
  "test_same_character_string": [
    "failed",
    "AssertionError: assert not ['a']\n +  where ['a'] = all_substring_of_size_n('aaaaaaaaaaaaaaaaaaaaaaaaaaaaaaaaaaaaaaaaaaaaaaaaaaaaaaaaaaaaaaaaaaaaaaaaaaaaaaaaaaaaaaaaaaaaaaa')",
    0.00022
  ],
  "test_string_of_same_character": [
    "failed",
    "AssertionError: assert not [' ']\n +  where [' '] = all_substring_of_size_n('                                                                                                        ')",
    0.00031
  ],
  "test_one_character_string": [
    "failed",
    "AssertionError: assert not ['a']\n +  where ['a'] = all_substring_of_size_n('a')",
    0.00034
  ]
}