{
  "parameter(s)": [
    -26,
    25,
    59
  ],
  "test_sums": [
    "passed",
    "",
    0.0001
  ],
  "test_negate_of_divisors": [
    "failed",
    "AssertionError: assert [26, 52] == [26, 26, 26, 26, 26, 26, ...]\n  At index 1 diff: 52 != 26\n  Right contains 33 more items, first extra item: 26\n  Full diff:\n    [\n     26,\n  -  26,\n  ?   -...\n  \n  ...Full output truncated (36 lines hidden), use '-vv' to show",
    0.00062
  ],
  "test_list_of_zeros": [
    "failed",
    "AssertionError: assert [26, 52] == [0, 0, 0, 0, 0, 0, ...]\n  At index 0 diff: 26 != 0\n  Right contains 33 more items, first extra item: 0\n  Full diff:\n    [\n  +  26,\n  +  52,\n  -  0,...\n  \n  ...Full output truncated (35 lines hidden), use '-vv' to show",
    0.00073
  ],
  "test_coefficient_of_divisor": [
    "failed",
    "AssertionError: assert [26, 52] == [-676, -702, ...80, -806, ...]\n  At index 0 diff: 26 != -676\n  Right contains 32 more items, first extra item: -728\n  Full diff:\n    [\n  +  26,\n  +  52,\n  -  -676,...\n  \n  ...Full output truncated (34 lines hidden), use '-vv' to show",
    0.0005
  ]
}