{
  "parameter(s)": [
    11,
    21,
    59
  ],
  "test_result_is_in_given_string": [
    "passed",
    "",
    0.00011
  ],
  "test_result_is_smaller": [
    "failed",
    "AssertionError: assert 11 == (39 - 11)\n +  where 39 = len('4\\\\z2}@C|=Qyd_WJ53 K{6uM`!0$pHj-&1.[v/on')",
    0.00025
  ],
  "test_result_is_larger": [
    "failed",
    "assert 27 == (11 - 1)",
    0.00028
  ],
  "test_random_string": [
    "failed",
    "AssertionError: assert 'c' == '8'\n  - 8\n  + c",
    0.00021
  ]
}