{
  "parameter(s)": [
    "A",
    "U",
    52,
    81
  ],
  "test_compare_lengths_with_large_string": [
    "passed",
    "",
    0.00012
  ],
  "test_property_of_function": [
    "failed",
    "AssertionError: assert 'B' not in 'BDHBPQBQPHBDHD'\n  'B' is contained here:\n    BDHBPQBQPHBDHD\n  ? +",
    0.00034
  ],
  "test_repeat_char": [
    "failed",
    "AssertionError: assert '' == 'mmmmmmmmmmmm...mmmmmmmmmmmmm'\n  - mmmmmmmmmmmmmmmmmmmmmmmmmmmmmmmmmmmmmmmmmmmmmmmmmmmmmmmmmmmmmmmmmmmmmmmmmmmmmmmmmmm",
    0.00031
  ]
}