{
  "parameter(s)": [
    "Y",
    "s",
    3,
    5
  ],
  "test_property_of_function": [
    "passed",
    "",
    0.0001
  ],
  "test_compare_lengths_with_large_string": [
    "passed",
    "",
    9e-05
  ],
  "test_repeat_char": [
    "failed",
    "AssertionError: assert not 'mmmmm'\n +  where 'mmmmm' = filter_chars('mmmmmmm')",
    0.00015
  ],
  "test_chars_in_range": [
    "failed",
    "AssertionError: assert 'f' not in '\\\\\\\\ifkogfp`bo^'\n  'f' is contained here:\n    \\\\ifkogfp`bo^\n  ?    +",
    0.00023
  ]
}