{
  "parameter(s)": [
    19,
    "ascending"
  ],
  "test_length_of_result": [
    "passed",
    "",
    0.00011
  ],
  "test_if_result_is_sorted": [
    "failed",
    "AssertionError: assert ['~', '}', 'i...'_', '^', ...] == [')', '+', '-...'5', '7', ...]\n  At index 0 diff: '~' != ')'\n  Full diff:\n    [\n  +  '~',\n  +  '}',\n  +  'i',\n  +  'g',...\n  \n  ...Full output truncated (34 lines hidden), use '-vv' to show",
    0.00041
  ],
  "test_strings_of_size_equal_to_19": [
    "failed",
    "AssertionError: assert ['}', 'z', 'q...'Y', 'U', ...] == ['+', '.', '8...';', '=', ...]\n  At index 0 diff: '}' != '+'\n  Full diff:\n    [\n  +  '}',\n  +  'z',\n  +  'q',\n  +  'h',...\n  \n  ...Full output truncated (34 lines hidden), use '-vv' to show",
    0.00038
  ]
}