{
  "parameter(s)": [
    141,
    925
  ],
  "test_lengths": [
    "passed",
    "",
    0.00021
  ],
  "test_sums": [
    "passed",
    "",
    0.00016
  ],
  "test_even_range": [
    "failed",
    "AssertionError: assert [282, 284, 28...290, 292, ...] == [284, 286, 28...292, 294, ...]\n  At index 0 diff: 282 != 284\n  Full diff:\n    [\n  +  282,\n     284,\n     286,\n     288,...\n  \n  ...Full output truncated (781 lines hidden), use '-vv' to show",
    0.00213
  ],
  "test_large_range": [
    "failed",
    "AssertionError: assert [141, 142, 14...145, 146, ...] == [142, 143, 14...146, 147, ...]\n  At index 0 diff: 141 != 142\n  Full diff:\n    [\n  +  141,\n     142,\n     143,\n     144,...\n  \n  ...Full output truncated (781 lines hidden), use '-vv' to show",
    0.0025
  ],
  "test_list_concat": [
    "failed",
    "AssertionError: assert [0, 1, 2, 3, 4, 5, ...] == [0, 1, 2, 3, 4, 5, ...]\n  At index 142 diff: 141 != 142\n  Full diff:\n    [\n     0,\n     1,\n     2,\n     3,...\n  \n  ...Full output truncated (9258 lines hidden), use '-vv' to show",
    0.02199
  ]
}