{
  "parameter(s)": [
    12,
    36,
    79
  ],
  "test_result_is_in_given_string": [
    "passed",
    "",
    0.00016
  ],
  "test_result_is_larger": [
    "failed",
    "assert 24 == (12 - 1)",
    0.0003
  ],
  "test_result_is_smaller": [
    "failed",
    "AssertionError: assert 31 == (44 - 12)\n +  where 44 = len('E/a@wqQ&jNJzWnxlr5~]S:}G7U3V b-i_mso2Th)\\\\=cX')",
    0.00038
  ],
  "test_random_string": [
    "failed",
    "AssertionError: assert '?' == '7'\n  - 7\n  + ?",
    0.00042
  ]
}