{"category": "PytestAssertRewriteWarning", "filename": "/data/miniconda3/envs/benchmark/lib/python3.12/site-packages/_pytest/config/__init__.py", "lineno": 1277, "message": "Module already imported so cannot be rewritten: anyio", "$report_type": "WarningMessage", "when": "config", "location": ["/data/miniconda3/envs/benchmark/lib/python3.12/site-packages/_pytest/config/__init__.py", 1277, "_consider_importhook"]}
{"category": "PytestAssertRewriteWarning", "filename": "/data/miniconda3/envs/benchmark/lib/python3.12/site-packages/_pytest/config/__init__.py", "lineno": 1277, "message": "Module already imported so cannot be rewritten: anyio", "$report_type": "WarningMessage", "when": "config", "location": ["/data/miniconda3/envs/benchmark/lib/python3.12/site-packages/_pytest/config/__init__.py", 1277, "_consider_importhook"]}
{"pytest_version": "8.3.3", "$report_type": "SessionStart"}
{"nodeid": "tests53_26_3.py::test_string_of_similar_chars_of_length_32", "location": ["tests53_26_3.py", 5, "test_string_of_similar_chars_of_length_32"], "keywords": {"test_string_of_similar_chars_of_length_32": 1, "tests53_26_3.py": 1, "Folder_26": 1, "": 1}, "outcome": "passed", "longrepr": null, "when": "setup", "user_properties": [], "sections": [], "duration": 0.0001410570002917666, "start": 1738556421.330763, "stop": 1738556421.3309045, "$report_type": "TestReport", "item_index": 0, "worker_id": "gw0", "testrun_uid": "2f93e50562374190bf2e2edc68d94568", "node": "<WorkerController gw0>"}
{"nodeid": "tests53_26_3.py::test_string_of_similar_chars_of_length_32", "location": ["tests53_26_3.py", 5, "test_string_of_similar_chars_of_length_32"], "keywords": {"test_string_of_similar_chars_of_length_32": 1, "tests53_26_3.py": 1, "Folder_26": 1, "": 1}, "outcome": "failed", "longrepr": {"reprcrash": {"path": "/data/ASE2024_GitHub/Turbulence-Benchmark-main/Dolphin_T_D/Q53/dolphin2_9_2_results_3/Folder_26/tests53_26_3.py", "lineno": 8, "message": "AssertionError: assert {'aaaaaaaaaaa...aaaaaaaaaaaa'} == {'aaaaaaaaaaa...aaaaaaaaaaaa'}\n  \n  Extra items in the left set:\n  'aaaaaaaaaaaaaaaaaaaaaaaaaaaaaaa'\n  \n  Full diff:\n    {\n  +     'aaaaaaaaaaaaaaaaaaaaaaaaaaaaaaa',\n        'aaaaaaaaaaaaaaaaaaaaaaaaaaaaaaaa',\n    }"}, "reprtraceback": {"reprentries": [{"type": "ReprEntry", "data": {"lines": ["    def test_string_of_similar_chars_of_length_32():", "        s = ''.join('a' for _ in range(32))", ">       assert palindrome_of_length_at_least_n(s) == {s}", "E       AssertionError: assert {'aaaaaaaaaaa...aaaaaaaaaaaa'} == {'aaaaaaaaaaa...aaaaaaaaaaaa'}", "E         ", "E         Extra items in the left set:", "E         'aaaaaaaaaaaaaaaaaaaaaaaaaaaaaaa'", "E         ", "E         Full diff:", "E           {", "E         +     'aaaaaaaaaaaaaaaaaaaaaaaaaaaaaaa',", "E               'aaaaaaaaaaaaaaaaaaaaaaaaaaaaaaaa',", "E           }"], "reprfuncargs": {"args": []}, "reprlocals": null, "reprfileloc": {"path": "Q53/dolphin2_9_2_results_3/Folder_26/tests53_26_3.py", "lineno": 8, "message": "AssertionError"}, "style": "long"}}], "extraline": null, "style": "long"}, "sections": [], "chain": [[{"reprentries": [{"type": "ReprEntry", "data": {"lines": ["    def test_string_of_similar_chars_of_length_32():", "        s = ''.join('a' for _ in range(32))", ">       assert palindrome_of_length_at_least_n(s) == {s}", "E       AssertionError: assert {'aaaaaaaaaaa...aaaaaaaaaaaa'} == {'aaaaaaaaaaa...aaaaaaaaaaaa'}", "E         ", "E         Extra items in the left set:", "E         'aaaaaaaaaaaaaaaaaaaaaaaaaaaaaaa'", "E         ", "E         Full diff:", "E           {", "E         +     'aaaaaaaaaaaaaaaaaaaaaaaaaaaaaaa',", "E               'aaaaaaaaaaaaaaaaaaaaaaaaaaaaaaaa',", "E           }"], "reprfuncargs": {"args": []}, "reprlocals": null, "reprfileloc": {"path": "Q53/dolphin2_9_2_results_3/Folder_26/tests53_26_3.py", "lineno": 8, "message": "AssertionError"}, "style": "long"}}], "extraline": null, "style": "long"}, {"path": "/data/ASE2024_GitHub/Turbulence-Benchmark-main/Dolphin_T_D/Q53/dolphin2_9_2_results_3/Folder_26/tests53_26_3.py", "lineno": 8, "message": "AssertionError: assert {'aaaaaaaaaaa...aaaaaaaaaaaa'} == {'aaaaaaaaaaa...aaaaaaaaaaaa'}\n  \n  Extra items in the left set:\n  'aaaaaaaaaaaaaaaaaaaaaaaaaaaaaaa'\n  \n  Full diff:\n    {\n  +     'aaaaaaaaaaaaaaaaaaaaaaaaaaaaaaa',\n        'aaaaaaaaaaaaaaaaaaaaaaaaaaaaaaaa',\n    }"}, null]]}, "when": "call", "user_properties": [], "sections": [], "duration": 0.0005059630020696204, "start": 1738556421.331094, "stop": 1738556421.3316007, "extras": [], "$report_type": "TestReport", "item_index": 0, "worker_id": "gw0", "testrun_uid": "2f93e50562374190bf2e2edc68d94568", "node": "<WorkerController gw0>"}
{"nodeid": "tests53_26_3.py::test_string_of_similar_chars_of_length_32", "location": ["tests53_26_3.py", 5, "test_string_of_similar_chars_of_length_32"], "keywords": {"test_string_of_similar_chars_of_length_32": 1, "tests53_26_3.py": 1, "Folder_26": 1, "": 1}, "outcome": "passed", "longrepr": null, "when": "teardown", "user_properties": [], "sections": [], "duration": 0.00011153199739055708, "start": 1738556421.3447444, "stop": 1738556421.3448565, "$report_type": "TestReport", "item_index": 0, "worker_id": "gw0", "testrun_uid": "2f93e50562374190bf2e2edc68d94568", "node": "<WorkerController gw0>"}
{"exitstatus": 2, "$report_type": "SessionFinish"}
