{
  "parameter(s)": [
    "<",
    "w",
    57,
    96
  ],
  "test_compare_lengths_with_large_string": [
    "passed",
    "",
    0.00015
  ],
  "test_property_of_function": [
    "failed",
    "AssertionError: assert 'V' not in 'jDPUEpWrcCp...VyHjysSoGxFW'\n  'V' is contained here:\n    jDPUEpWrcCpCOraKwhYFPSetTGdQuWJDWsgSalNPwqnbValegBpISIUclzmFPJKYJrKBNMdcNBZjVMtpdPhdXqsQBTGQjUGPCUEaGfmUcOMYuqvtpRRQmXufOmBsrUXPilNWvZsKFqwCxVyHjysSoGxFW\n  ?                                             +",
    0.00064
  ],
  "test_repeat_char": [
    "failed",
    "AssertionError: assert 'mmmmmmmmmmmm...mmmmmmmmmmmmm' == ''\n  + mmmmmmmmmmmmmmmmmmmmmmmmmmmmmmmmmmmmmmmmmmmmmmmmmmmmmmmmmm",
    0.00034
  ]
}