{
  "parameter(s)": [
    20,
    36
  ],
  "test_lengths": [
    "passed",
    "",
    0.0001
  ],
  "test_large_range": [
    "failed",
    "AssertionError: assert [20, 21, 22, 23, 24, 25, ...] == [21, 22, 23, 24, 25, 26, ...]\n  At index 0 diff: 20 != 21\n  Left contains 2007 more items, first extra item: 35\n  Full diff:\n    [\n  +  20,\n     21,\n     22,...\n  \n  ...Full output truncated (2020 lines hidden), use '-vv' to show",
    0.00435
  ],
  "test_even_range": [
    "failed",
    "AssertionError: assert [40, 42, 44, 46, 48, 50, ...] == [42, 44, 46, 48, 50, 52, ...]\n  At index 0 diff: 40 != 42\n  Left contains 9 more items, first extra item: 70\n  Full diff:\n    [\n  +  40,\n     42,\n     44,...\n  \n  ...Full output truncated (22 lines hidden), use '-vv' to show",
    0.00061
  ],
  "test_sums": [
    "failed",
    "assert 707 <= 666\n +  where 707 = sum([20, 21, 22, 23, 24, 25, ...])\n +  and   666 = sum([0, 1, 2, 3, 4, 5, ...])",
    0.00016
  ]
}