{
  "parameter(s)": [
    29,
    "descending"
  ],
  "test_length_of_result": [
    "passed",
    "",
    0.00018
  ],
  "test_strings_of_size_equal_to_29": [
    "failed",
    "AssertionError: assert [' ', ')', ',...'3', '4', ...] == ['}', '{', 'u...'m', 'k', ...]\n  At index 0 diff: ' ' != '}'\n  Full diff:\n    [\n  +  ' ',\n  +  ')',\n  +  ',',\n  +  '/',...\n  \n  ...Full output truncated (54 lines hidden), use '-vv' to show",
    0.00051
  ],
  "test_if_result_is_sorted": [
    "failed",
    "AssertionError: assert ['&', '(', '+...'.', '5', ...] == ['x', 'o', 'j...'f', 'd', ...]\n  At index 0 diff: '&' != 'x'\n  Full diff:\n    [\n  +  '&',\n  +  '(',\n  +  '+',\n  +  ',',...\n  \n  ...Full output truncated (54 lines hidden), use '-vv' to show",
    0.00082
  ]
}