{
  "parameter(s)": [
    10,
    79
  ],
  "test_lengths": [
    "passed",
    "",
    0.00011
  ],
  "test_sums": [
    "passed",
    "",
    8e-05
  ],
  "test_even_range": [
    "failed",
    "AssertionError: assert [20, 22, 24, 26, 28, 30, ...] == [22, 24, 26, 28, 30, 32, ...]\n  At index 0 diff: 20 != 22\n  Left contains one more item: 156\n  Full diff:\n    [\n  +  20,\n     22,\n     24,...\n  \n  ...Full output truncated (67 lines hidden), use '-vv' to show",
    0.00053
  ],
  "test_large_range": [
    "failed",
    "AssertionError: assert [10, 11, 12, 13, 14, 15, ...] == [11, 12, 13, 14, 15, 16, ...]\n  At index 0 diff: 10 != 11\n  Left contains one more item: 78\n  Full diff:\n    [\n  +  10,\n     11,\n     12,...\n  \n  ...Full output truncated (67 lines hidden), use '-vv' to show",
    0.00083
  ],
  "test_list_concat": [
    "failed",
    "AssertionError: assert [0, 1, 2, 3, 4, 5, ...] == [0, 1, 2, 3, 4, 5, ...]\n  At index 11 diff: 10 != 11\n  Left contains one more item: 799\n  Full diff:\n    [\n     0,\n     1,\n     2,...\n  \n  ...Full output truncated (799 lines hidden), use '-vv' to show",
    0.00257
  ]
}