{
  "parameter(s)": [
    "R",
    "t",
    8,
    9
  ],
  "test_compare_lengths_with_large_string": [
    "passed",
    "",
    0.0001
  ],
  "test_repeat_char": [
    "failed",
    "AssertionError: assert 'mmmmmmmmm' == ''\n  + mmmmmmmmm",
    0.00036
  ],
  "test_property_of_function": [
    "failed",
    "AssertionError: assert 'e' not in 'ZzAKReZAujmBFoPR'\n  'e' is contained here:\n    ZzAKReZAujmBFoPR\n  ?      +",
    0.00044
  ]
}