{
  "parameter(s)": [
    117
  ],
  "test_binary_of_zero": [
    "passed",
    "",
    0.00013
  ],
  "test_binary_of_one": [
    "failed",
    "AssertionError: assert not True\n +  where True = if_decimal_is_divisible('1')",
    0.00015
  ],
  "test_binary_of_two": [
    "failed",
    "AssertionError: assert not True\n +  where True = if_decimal_is_divisible('10')",
    0.00014
  ],
  "test_binary_of_three": [
    "failed",
    "AssertionError: assert not True\n +  where True = if_decimal_is_divisible('11')",
    0.00012
  ]
}