{
  "parameter(s)": [
    "W",
    "{",
    15,
    55
  ],
  "test_compare_lengths_with_large_string": [
    "passed",
    "",
    0.0001
  ],
  "test_repeat_char": [
    "failed",
    "AssertionError: assert 'mmmmmmmmmmmmmmmm' == ''\n  + mmmmmmmmmmmmmmmm",
    0.00031
  ],
  "test_property_of_function": [
    "failed",
    "AssertionError: assert 't' not in 'EJNmVMPTmut...TSiHuBvExXou'\n  't' is contained here:\n    EJNmVMPTmuttvoZJEAVLPDDHSOTpwHLLymHBayiqJzdRYMGQkgEWGCajToPCrMgeWdXQvTSiHuBvExXou\n  ?           +",
    0.00045
  ]
}