{
  "parameter(s)": [
    323,
    972
  ],
  "test_zero_range": [
    "passed",
    "",
    0.0002
  ],
  "test_range_size": [
    "passed",
    "",
    0.00015
  ],
  "test_range_sum": [
    "passed",
    "",
    0.00012
  ],
  "test_even_range": [
    "failed",
    "AssertionError: assert [324] == [650, 652, 65...658, 660, ...]\n  At index 0 diff: 324 != 650\n  Right contains 647 more items, first extra item: 652\n  Full diff:\n    [\n  -  650,\n  -  652,\n  -  654,...\n  \n  ...Full output truncated (648 lines hidden), use '-vv' to show",
    0.00277
  ],
  "test_large_range": [
    "failed",
    "AssertionError: assert [324] == [325, 326, 32...329, 330, ...]\n  At index 0 diff: 324 != 325\n  Right contains 647 more items, first extra item: 326\n  Full diff:\n    [\n  -  325,\n  ?    ^\n  +  324,...\n  \n  ...Full output truncated (649 lines hidden), use '-vv' to show",
    0.00396
  ],
  "test_ones_range_sum": [
    "failed",
    "assert 0 == ((972 - 323) - 1)\n +  where 0 = sum([])\n +    where [] = all_pos_ints_exclusive([1, 1, 1, 1, 1, 1, ...])",
    0.00037
  ]
}