{
  "parameter(s)": [
    "K",
    "z",
    29,
    79
  ],
  "test_compare_lengths_with_large_string": [
    "passed",
    "",
    0.00018
  ],
  "test_property_of_function": [
    "failed",
    "AssertionError: assert 'k' not in 'IxYLirfBgvB...xymudeZpnKul'\n  'k' is contained here:\n    IxYLirfBgvBJhaxcLnaObSIBlOcyqAGCBCGFEEIbEqZHXkAoDTANjOophAMseFNnIBNlYevcBowCeEzUNtzbhEGBhIpQcvdwWEYzrEnxymudeZpnKul\n  ?                                              +",
    0.0005
  ],
  "test_repeat_char": [
    "failed",
    "AssertionError: assert 'mmmmmmmmmmmm...mmmmmmmmmmmmm' == ''\n  + mmmmmmmmmmmmmmmmmmmmmmmmmmmmmm",
    0.00037
  ]
}