{
  "parameter(s)": [
    12,
    32,
    67
  ],
  "test_result_is_in_given_string": [
    "passed",
    "",
    0.00015
  ],
  "test_result_is_smaller": [
    "failed",
    "AssertionError: assert 32 == (36 - 12)\n +  where 36 = len('-yFgo*hAT0ZtNiB>V!H.1sl|}(j4wE5 D8:I')",
    0.00031
  ],
  "test_result_is_larger": [
    "failed",
    "assert 3 == (12 - 1)",
    0.00044
  ],
  "test_random_string": [
    "failed",
    "AssertionError: assert '+' == '?'\n  - ?\n  + +",
    0.0003
  ]
}