{
  "parameter(s)": [
    63
  ],
  "test_one_character_string": [
    "passed",
    "",
    0.00018
  ],
  "test_length_of_substring_result": [
    "passed",
    "",
    0.0001
  ],
  "test_string_of_same_character": [
    "failed",
    "AssertionError: assert not ['                                                               ']\n +  where ['                                                               '] = all_substring_of_size_n('                                                                        ')",
    0.00042
  ],
  "test_same_character_string": [
    "failed",
    "AssertionError: assert not ['aaaaaaaaaaaaaaaaaaaaaaaaaaaaaaaaaaaaaaaaaaaaaaaaaaaaaaaaaaaaaaa']\n +  where ['aaaaaaaaaaaaaaaaaaaaaaaaaaaaaaaaaaaaaaaaaaaaaaaaaaaaaaaaaaaaaaa'] = all_substring_of_size_n('aaaaaaaaaaaaaaaaaaaaaaaaaaaaaaaaaaaaaaaaaaaaaaaaaaaaaaaaaaaaaaa')",
    0.00027
  ]
}