{
  "parameter(s)": [
    23,
    "ascending"
  ],
  "test_length_of_result": [
    "passed",
    "",
    0.00015
  ],
  "test_if_result_is_sorted": [
    "failed",
    "AssertionError: assert ['{', 'w', 'v...'q', 'k', ...] == [')', '*', ',...'1', '3', ...]\n  At index 0 diff: '{' != ')'\n  Full diff:\n    [\n  +  '{',\n  +  'w',\n  +  'v',\n  +  't',...\n  \n  ...Full output truncated (42 lines hidden), use '-vv' to show",
    0.00045
  ],
  "test_strings_of_size_equal_to_23": [
    "failed",
    "AssertionError: assert ['|', 'z', 'p...'j', 'i', ...] == ['!', ')', ',...':', '<', ...]\n  At index 0 diff: '|' != '!'\n  Full diff:\n    [\n  +  '|',\n  +  'z',\n  +  'p',\n  +  'n',...\n  \n  ...Full output truncated (42 lines hidden), use '-vv' to show",
    0.00041
  ]
}