{
  "parameter(s)": [
    "P",
    "x",
    12,
    25
  ],
  "test_compare_lengths_with_large_string": [
    "passed",
    "",
    0.00018
  ],
  "test_repeat_char": [
    "failed",
    "AssertionError: assert 'mmmmmmmmmmmmmmmmmmmmmmmmmmm' == ''\n  + mmmmmmmmmmmmmmmmmmmmmmmmmmm",
    0.00035
  ],
  "test_property_of_function": [
    "failed",
    "AssertionError: assert 'n' not in 'FnLKyGJzNKNzCnGLKLFIJGF'\n  'n' is contained here:\n    FnLKyGJzNKNzCnGLKLFIJGF\n  ?  +",
    0.00042
  ]
}