{
  "parameter(s)": [
    24
  ],
  "test_one_character_string": [
    "passed",
    "",
    0.00012
  ],
  "test_length_of_substring_result": [
    "passed",
    "",
    8e-05
  ],
  "test_string_of_same_character": [
    "failed",
    "AssertionError: assert not [' ']\n +  where [' '] = all_substring_of_size_n('                                 ')",
    0.00055
  ],
  "test_same_character_string": [
    "failed",
    "AssertionError: assert not ['a']\n +  where ['a'] = all_substring_of_size_n('aaaaaaaaaaaaaaaaaaaaaaaa')",
    0.00028
  ]
}