{"category": "PytestAssertRewriteWarning", "filename": "/data/miniconda3/envs/benchmark/lib/python3.12/site-packages/_pytest/config/__init__.py", "lineno": 1277, "message": "Module already imported so cannot be rewritten: anyio", "$report_type": "WarningMessage", "when": "config", "location": ["/data/miniconda3/envs/benchmark/lib/python3.12/site-packages/_pytest/config/__init__.py", 1277, "_consider_importhook"]}
{"category": "PytestAssertRewriteWarning", "filename": "/data/miniconda3/envs/benchmark/lib/python3.12/site-packages/_pytest/config/__init__.py", "lineno": 1277, "message": "Module already imported so cannot be rewritten: anyio", "$report_type": "WarningMessage", "when": "config", "location": ["/data/miniconda3/envs/benchmark/lib/python3.12/site-packages/_pytest/config/__init__.py", 1277, "_consider_importhook"]}
{"pytest_version": "8.3.3", "$report_type": "SessionStart"}
{"nodeid": "tests37_95_3.py::test_repeat_char", "location": ["tests37_95_3.py", 5, "test_repeat_char"], "keywords": {"test_repeat_char": 1, "tests37_95_3.py": 1, "Folder_95": 1, "": 1}, "outcome": "passed", "longrepr": null, "when": "setup", "user_properties": [], "sections": [], "duration": 8.999835699796677e-05, "start": 1738508049.8963034, "stop": 1738508049.8963935, "$report_type": "TestReport", "item_index": 0, "worker_id": "gw0", "testrun_uid": "8cb1faa9d3b24b1997b76c90eb831b6d", "node": "<WorkerController gw0>"}
{"nodeid": "tests37_95_3.py::test_repeat_char", "location": ["tests37_95_3.py", 5, "test_repeat_char"], "keywords": {"test_repeat_char": 1, "tests37_95_3.py": 1, "Folder_95": 1, "": 1}, "outcome": "passed", "longrepr": null, "when": "call", "user_properties": [], "sections": [], "duration": 8.807051926851273e-05, "start": 1738508049.8965168, "stop": 1738508049.8966053, "extras": [], "$report_type": "TestReport", "item_index": 0, "worker_id": "gw0", "testrun_uid": "8cb1faa9d3b24b1997b76c90eb831b6d", "node": "<WorkerController gw0>"}
{"nodeid": "tests37_95_3.py::test_repeat_char", "location": ["tests37_95_3.py", 5, "test_repeat_char"], "keywords": {"test_repeat_char": 1, "tests37_95_3.py": 1, "Folder_95": 1, "": 1}, "outcome": "passed", "longrepr": null, "when": "teardown", "user_properties": [], "sections": [], "duration": 5.687586963176727e-05, "start": 1738508049.8968136, "stop": 1738508049.8968709, "$report_type": "TestReport", "item_index": 0, "worker_id": "gw0", "testrun_uid": "8cb1faa9d3b24b1997b76c90eb831b6d", "node": "<WorkerController gw0>"}
{"nodeid": "tests37_95_3.py::test_property_of_function", "location": ["tests37_95_3.py", 13, "test_property_of_function"], "keywords": {"test_property_of_function": 1, "tests37_95_3.py": 1, "Folder_95": 1, "": 1}, "outcome": "passed", "longrepr": null, "when": "setup", "user_properties": [], "sections": [], "duration": 9.912066161632538e-05, "start": 1738508049.8981266, "stop": 1738508049.8982263, "$report_type": "TestReport", "item_index": 1, "worker_id": "gw0", "testrun_uid": "8cb1faa9d3b24b1997b76c90eb831b6d", "node": "<WorkerController gw0>"}
{"nodeid": "tests37_95_3.py::test_property_of_function", "location": ["tests37_95_3.py", 13, "test_property_of_function"], "keywords": {"test_property_of_function": 1, "tests37_95_3.py": 1, "Folder_95": 1, "": 1}, "outcome": "failed", "longrepr": {"reprcrash": {"path": "/data/ASE2024_GitHub/Turbulence-Benchmark-main/Command_r_plus_T_D/Q37/command_r_plus_results_3/Folder_95/tests37_95_3.py", "lineno": 20, "message": "AssertionError: assert 'Z' not in 'ZRdRbjudLXS...TELBXIkIyzzD'\n  \n  'Z' is contained here:\n    ZRdRbjudLXSYXaEYmfdBuRpkLHwfBMWSxzTznyZZhmxmefqwJTLzYBfaOnDfKVnTELBXIkIyzzD\n  ? +"}, "reprtraceback": {"reprentries": [{"type": "ReprEntry", "data": {"lines": ["    def test_property_of_function():", "        s = ''.join(random.choice(string.ascii_letters) for _ in range(40 * 2))", "        returned_s = filter_chars(s)", "        sliced_s = s[35:40+1]", "        for char in sliced_s:", "            if ')' <= char <= 'l':", ">               assert char not in returned_s", "E               AssertionError: assert 'Z' not in 'ZRdRbjudLXS...TELBXIkIyzzD'", "E                 ", "E                 'Z' is contained here:", "E                   ZRdRbjudLXSYXaEYmfdBuRpkLHwfBMWSxzTznyZZhmxmefqwJTLzYBfaOnDfKVnTELBXIkIyzzD", "E                 ? +"], "reprfuncargs": {"args": []}, "reprlocals": null, "reprfileloc": {"path": "Q37/command_r_plus_results_3/Folder_95/tests37_95_3.py", "lineno": 20, "message": "AssertionError"}, "style": "long"}}], "extraline": null, "style": "long"}, "sections": [], "chain": [[{"reprentries": [{"type": "ReprEntry", "data": {"lines": ["    def test_property_of_function():", "        s = ''.join(random.choice(string.ascii_letters) for _ in range(40 * 2))", "        returned_s = filter_chars(s)", "        sliced_s = s[35:40+1]", "        for char in sliced_s:", "            if ')' <= char <= 'l':", ">               assert char not in returned_s", "E               AssertionError: assert 'Z' not in 'ZRdRbjudLXS...TELBXIkIyzzD'", "E                 ", "E                 'Z' is contained here:", "E                   ZRdRbjudLXSYXaEYmfdBuRpkLHwfBMWSxzTznyZZhmxmefqwJTLzYBfaOnDfKVnTELBXIkIyzzD", "E                 ? +"], "reprfuncargs": {"args": []}, "reprlocals": null, "reprfileloc": {"path": "Q37/command_r_plus_results_3/Folder_95/tests37_95_3.py", "lineno": 20, "message": "AssertionError"}, "style": "long"}}], "extraline": null, "style": "long"}, {"path": "/data/ASE2024_GitHub/Turbulence-Benchmark-main/Command_r_plus_T_D/Q37/command_r_plus_results_3/Folder_95/tests37_95_3.py", "lineno": 20, "message": "AssertionError: assert 'Z' not in 'ZRdRbjudLXS...TELBXIkIyzzD'\n  \n  'Z' is contained here:\n    ZRdRbjudLXSYXaEYmfdBuRpkLHwfBMWSxzTznyZZhmxmefqwJTLzYBfaOnDfKVnTELBXIkIyzzD\n  ? +"}, null]]}, "when": "call", "user_properties": [], "sections": [], "duration": 0.0004720482975244522, "start": 1738508049.8983335, "stop": 1738508049.8988059, "extras": [], "$report_type": "TestReport", "item_index": 1, "worker_id": "gw0", "testrun_uid": "8cb1faa9d3b24b1997b76c90eb831b6d", "node": "<WorkerController gw0>"}
{"nodeid": "tests37_95_3.py::test_property_of_function", "location": ["tests37_95_3.py", 13, "test_property_of_function"], "keywords": {"test_property_of_function": 1, "tests37_95_3.py": 1, "Folder_95": 1, "": 1}, "outcome": "passed", "longrepr": null, "when": "teardown", "user_properties": [], "sections": [], "duration": 9.873975068330765e-05, "start": 1738508049.9071004, "stop": 1738508049.9071994, "$report_type": "TestReport", "item_index": 1, "worker_id": "gw0", "testrun_uid": "8cb1faa9d3b24b1997b76c90eb831b6d", "node": "<WorkerController gw0>"}
{"exitstatus": 2, "$report_type": "SessionFinish"}
