{
  "parameter(s)": [
    59
  ],
  "test_binary_of_zero": [
    "passed",
    "",
    0.00018
  ],
  "test_binary_of_three": [
    "passed",
    "",
    0.00016
  ],
  "test_binary_of_two": [
    "failed",
    "AssertionError: assert not True\n +  where True = if_decimal_is_divisible('10')",
    0.00025
  ],
  "test_binary_of_one": [
    "failed",
    "AssertionError: assert not True\n +  where True = if_decimal_is_divisible('1')",
    0.00028
  ]
}