{
  "parameter(s)": [
    "X",
    "p",
    51,
    96
  ],
  "test_compare_lengths_with_large_string": [
    "passed",
    "",
    0.00011
  ],
  "test_repeat_char": [
    "failed",
    "AssertionError: assert 'mmmmmmmmmmmm...mmmmmmmmmmmmm' == ''\n  + mmmmmmmmmmmmmmmmmmmmmmmmmmmmmmmmmmmmmmmmmmmmmm",
    0.00024
  ],
  "test_property_of_function": [
    "failed",
    "AssertionError: assert 'f' not in 'foZjkjbilflYYlimpdpf'\n  'f' is contained here:\n    foZjkjbilflYYlimpdpf\n  ? +",
    0.00049
  ]
}