{
  "parameter(s)": [
    2,
    "ascending"
  ],
  "test_length_of_result": [
    "passed",
    "",
    0.00017
  ],
  "test_if_result_is_sorted": [
    "failed",
    "AssertionError: assert ['~', 'u'] == ['u', '~']\n  At index 0 diff: '~' != 'u'\n  Full diff:\n  - ['u', '~']\n  + ['~', 'u']",
    0.00054
  ],
  "test_strings_of_size_equal_to_2": [
    "failed",
    "AssertionError: assert ['t', 'R'] == ['R', 't']\n  At index 0 diff: 't' != 'R'\n  Full diff:\n  - ['R', 't']\n  + ['t', 'R']",
    0.00039
  ]
}