{"category": "PytestAssertRewriteWarning", "filename": "/data/miniconda3/envs/benchmark/lib/python3.12/site-packages/_pytest/config/__init__.py", "lineno": 1277, "message": "Module already imported so cannot be rewritten: anyio", "$report_type": "WarningMessage", "when": "config", "location": ["/data/miniconda3/envs/benchmark/lib/python3.12/site-packages/_pytest/config/__init__.py", 1277, "_consider_importhook"]}
{"category": "PytestAssertRewriteWarning", "filename": "/data/miniconda3/envs/benchmark/lib/python3.12/site-packages/_pytest/config/__init__.py", "lineno": 1277, "message": "Module already imported so cannot be rewritten: anyio", "$report_type": "WarningMessage", "when": "config", "location": ["/data/miniconda3/envs/benchmark/lib/python3.12/site-packages/_pytest/config/__init__.py", 1277, "_consider_importhook"]}
{"pytest_version": "8.3.3", "$report_type": "SessionStart"}
{"nodeid": "tests52_90_5.py::test_string_of_many_chars", "location": ["tests52_90_5.py", 6, "test_string_of_many_chars"], "keywords": {"test_string_of_many_chars": 1, "tests52_90_5.py": 1, "Folder_90": 1, "": 1}, "outcome": "passed", "longrepr": null, "when": "setup", "user_properties": [], "sections": [], "duration": 0.00010854100037249736, "start": 1738556246.9781497, "stop": 1738556246.9782584, "$report_type": "TestReport", "item_index": 0, "worker_id": "gw0", "testrun_uid": "63e8a636d8684b8080ce914b7654db47", "node": "<WorkerController gw0>"}
{"nodeid": "tests52_90_5.py::test_string_of_many_chars", "location": ["tests52_90_5.py", 6, "test_string_of_many_chars"], "keywords": {"test_string_of_many_chars": 1, "tests52_90_5.py": 1, "Folder_90": 1, "": 1}, "outcome": "passed", "longrepr": null, "when": "call", "user_properties": [], "sections": [], "duration": 0.00011137700130348094, "start": 1738556246.9784355, "stop": 1738556246.9785476, "extras": [], "$report_type": "TestReport", "item_index": 0, "worker_id": "gw0", "testrun_uid": "63e8a636d8684b8080ce914b7654db47", "node": "<WorkerController gw0>"}
{"nodeid": "tests52_90_5.py::test_string_of_many_chars", "location": ["tests52_90_5.py", 6, "test_string_of_many_chars"], "keywords": {"test_string_of_many_chars": 1, "tests52_90_5.py": 1, "Folder_90": 1, "": 1}, "outcome": "passed", "longrepr": null, "when": "teardown", "user_properties": [], "sections": [], "duration": 7.511900184908882e-05, "start": 1738556246.9788456, "stop": 1738556246.9789212, "$report_type": "TestReport", "item_index": 0, "worker_id": "gw0", "testrun_uid": "63e8a636d8684b8080ce914b7654db47", "node": "<WorkerController gw0>"}
{"nodeid": "tests52_90_5.py::test_string_of_spaces", "location": ["tests52_90_5.py", 11, "test_string_of_spaces"], "keywords": {"test_string_of_spaces": 1, "tests52_90_5.py": 1, "Folder_90": 1, "": 1}, "outcome": "passed", "longrepr": null, "when": "setup", "user_properties": [], "sections": [], "duration": 8.377500125789084e-05, "start": 1738556246.9793117, "stop": 1738556246.9793959, "$report_type": "TestReport", "item_index": 1, "worker_id": "gw0", "testrun_uid": "63e8a636d8684b8080ce914b7654db47", "node": "<WorkerController gw0>"}
{"nodeid": "tests52_90_5.py::test_string_of_spaces", "location": ["tests52_90_5.py", 11, "test_string_of_spaces"], "keywords": {"test_string_of_spaces": 1, "tests52_90_5.py": 1, "Folder_90": 1, "": 1}, "outcome": "failed", "longrepr": {"reprcrash": {"path": "/data/ASE2024_GitHub/Turbulence-Benchmark-main/Dolphin_T_D/Q52/dolphin2_9_2_results_5/Folder_90/tests52_90_5.py", "lineno": 14, "message": "AssertionError: assert not {'                                                                                                                                                                                                                                                                                                                              '}\n +  where {'                                                                                                                                                                                                                                                                                                                              '} = palindrome_of_length_n('                                                                                                                                                                                                                                                                                                                                                                                                                                                                                                                                                                                                                                                            ')"}, "reprtraceback": {"reprentries": [{"type": "ReprEntry", "data": {"lines": ["    def test_string_of_spaces():", "        s = ' ' * (318 * 2)", ">       assert not palindrome_of_length_n(s)", "E       AssertionError: assert not {'                                                                                                                                                                                                                                                                                                                              '}", "E        +  where {'                                                                                                                                                                                                                                                                                                                              '} = palindrome_of_length_n('                                                                                                                                                                                                                                                                                                                                                                                                                                                                                                                                                                                                                                                            ')"], "reprfuncargs": {"args": []}, "reprlocals": null, "reprfileloc": {"path": "Q52/dolphin2_9_2_results_5/Folder_90/tests52_90_5.py", "lineno": 14, "message": "AssertionError"}, "style": "long"}}], "extraline": null, "style": "long"}, "sections": [], "chain": [[{"reprentries": [{"type": "ReprEntry", "data": {"lines": ["    def test_string_of_spaces():", "        s = ' ' * (318 * 2)", ">       assert not palindrome_of_length_n(s)", "E       AssertionError: assert not {'                                                                                                                                                                                                                                                                                                                              '}", "E        +  where {'                                                                                                                                                                                                                                                                                                                              '} = palindrome_of_length_n('                                                                                                                                                                                                                                                                                                                                                                                                                                                                                                                                                                                                                                                            ')"], "reprfuncargs": {"args": []}, "reprlocals": null, "reprfileloc": {"path": "Q52/dolphin2_9_2_results_5/Folder_90/tests52_90_5.py", "lineno": 14, "message": "AssertionError"}, "style": "long"}}], "extraline": null, "style": "long"}, {"path": "/data/ASE2024_GitHub/Turbulence-Benchmark-main/Dolphin_T_D/Q52/dolphin2_9_2_results_5/Folder_90/tests52_90_5.py", "lineno": 14, "message": "AssertionError: assert not {'                                                                                                                                                                                                                                                                                                                              '}\n +  where {'                                                                                                                                                                                                                                                                                                                              '} = palindrome_of_length_n('                                                                                                                                                                                                                                                                                                                                                                                                                                                                                                                                                                                                                                                            ')"}, null]]}, "when": "call", "user_properties": [], "sections": [], "duration": 0.00034811000296031125, "start": 1738556246.9794955, "stop": 1738556246.9798439, "extras": [], "$report_type": "TestReport", "item_index": 1, "worker_id": "gw0", "testrun_uid": "63e8a636d8684b8080ce914b7654db47", "node": "<WorkerController gw0>"}
{"nodeid": "tests52_90_5.py::test_string_of_spaces", "location": ["tests52_90_5.py", 11, "test_string_of_spaces"], "keywords": {"test_string_of_spaces": 1, "tests52_90_5.py": 1, "Folder_90": 1, "": 1}, "outcome": "passed", "longrepr": null, "when": "teardown", "user_properties": [], "sections": [], "duration": 9.917799980030395e-05, "start": 1738556246.988068, "stop": 1738556246.988168, "$report_type": "TestReport", "item_index": 1, "worker_id": "gw0", "testrun_uid": "63e8a636d8684b8080ce914b7654db47", "node": "<WorkerController gw0>"}
{"exitstatus": 2, "$report_type": "SessionFinish"}
