{
  "parameter(s)": [
    "O",
    "d",
    28,
    65
  ],
  "test_compare_lengths_with_large_string": [
    "passed",
    "",
    0.0001
  ],
  "test_repeat_char": [
    "failed",
    "AssertionError: assert 'mmmmmmmmmmmm...mmmmmmmmmmmmm' == 'mmmmmmmmmmmm...mmmmmmmmmmmmm'\n  - mmmmmmmmmmmmmmmmmmmmmmmmmmmmmmmmmmmmmmmmmmmmmmmmmmmmmmmmmmmmmmmmmmm\n  + mmmmmmmmmmmmmmmmmmmmmmmmmmmmm",
    0.00025
  ],
  "test_property_of_function": [
    "failed",
    "AssertionError: assert 'T' not in 'xKJTItBmYCx...dspANplOJNEp'\n  'T' is contained here:\n    xKJTItBmYCxDnMXXFjhZuTKsjeHPSKdirilRdkvtLmziWPyOZQPAsIfdsUIDCDEIscUjqKAyTcusYEFLdspANplOJNEp\n  ?    +",
    0.00056
  ]
}