{"category": "PytestAssertRewriteWarning", "filename": "/data/miniconda3/envs/benchmark/lib/python3.12/site-packages/_pytest/config/__init__.py", "lineno": 1204, "message": "Module already imported so cannot be rewritten: anyio", "$report_type": "WarningMessage", "when": "config", "location": ["/data/miniconda3/envs/benchmark/lib/python3.12/site-packages/_pytest/config/__init__.py", 1204, "_consider_importhook"]}
{"category": "PytestAssertRewriteWarning", "filename": "/data/miniconda3/envs/benchmark/lib/python3.12/site-packages/_pytest/config/__init__.py", "lineno": 1204, "message": "Module already imported so cannot be rewritten: anyio", "$report_type": "WarningMessage", "when": "config", "location": ["/data/miniconda3/envs/benchmark/lib/python3.12/site-packages/_pytest/config/__init__.py", 1204, "_consider_importhook"]}
{"pytest_version": "7.4.4", "$report_type": "SessionStart"}
{"nodeid": "tests34_31_3.py::test_similar_sets", "location": ["tests34_31_3.py", 17, "test_similar_sets"], "keywords": {"test_similar_sets": 1, "tests34_31_3.py": 1, "Folder_31": 1}, "outcome": "passed", "longrepr": null, "when": "setup", "user_properties": [], "sections": [], "duration": 9.851600043475628e-05, "start": 1730956757.0535042, "stop": 1730956757.0536032, "$report_type": "TestReport", "item_index": 2, "worker_id": "gw2", "testrun_uid": "6bf4c41e7bde4e6d8819c459e0cafdf0", "node": "<WorkerController gw2>"}
{"nodeid": "tests34_31_3.py::test_one_element_similar_sets", "location": ["tests34_31_3.py", 3, "test_one_element_similar_sets"], "keywords": {"test_one_element_similar_sets": 1, "tests34_31_3.py": 1, "Folder_31": 1}, "outcome": "passed", "longrepr": null, "when": "setup", "user_properties": [], "sections": [], "duration": 0.00018017494585365057, "start": 1730956757.0536537, "stop": 1730956757.0538347, "$report_type": "TestReport", "item_index": 0, "worker_id": "gw0", "testrun_uid": "6bf4c41e7bde4e6d8819c459e0cafdf0", "node": "<WorkerController gw0>"}
{"nodeid": "tests34_31_3.py::test_distinct_one_element_sets", "location": ["tests34_31_3.py", 10, "test_distinct_one_element_sets"], "keywords": {"test_distinct_one_element_sets": 1, "tests34_31_3.py": 1, "Folder_31": 1}, "outcome": "passed", "longrepr": null, "when": "setup", "user_properties": [], "sections": [], "duration": 0.00014464592095464468, "start": 1730956757.0536213, "stop": 1730956757.0537663, "$report_type": "TestReport", "item_index": 1, "worker_id": "gw1", "testrun_uid": "6bf4c41e7bde4e6d8819c459e0cafdf0", "node": "<WorkerController gw1>"}
{"nodeid": "tests34_31_3.py::test_similar_sets", "location": ["tests34_31_3.py", 17, "test_similar_sets"], "keywords": {"test_similar_sets": 1, "tests34_31_3.py": 1, "Folder_31": 1}, "outcome": "failed", "longrepr": {"reprcrash": {"path": "/data/ASE2024_GitHub/Turbulence-Benchmark-main/Dolphin_T_D/Q34/dolphin2_9_2_results_3/Folder_31/tests34_31_3.py", "lineno": 22, "message": "AssertionError: assert 'Invalid argument. Expected a set.' == {0, 1, 2, 3, 4, 5, ...}\n +  where 'Invalid argument. Expected a set.' = find_original_set(*[{0, 1, 2, 3, 4, 5, ...}, {0, 1, 2, 3, 4, 5, ...}, {0, 1, 2, 3, 4, 5, ...}, {0, 1, 2, 3, 4, 5, ...}, {0, 1, 2, 3, 4, 5, ...}, {0, 1, 2, 3, 4, 5, ...}, ...])\n +  and   {0, 1, 2, 3, 4, 5, ...} = set(range(0, 10))\n +    where range(0, 10) = range(10)"}, "reprtraceback": {"reprentries": [{"type": "ReprEntry", "data": {"lines": ["    def test_similar_sets():", "        l = []", "        for i in range(34):", "            l.append(set(range(10)))", ">       assert find_original_set(*l) == set(range(10))", "E       AssertionError: assert 'Invalid argument. Expected a set.' == {0, 1, 2, 3, 4, 5, ...}", "E        +  where 'Invalid argument. Expected a set.' = find_original_set(*[{0, 1, 2, 3, 4, 5, ...}, {0, 1, 2, 3, 4, 5, ...}, {0, 1, 2, 3, 4, 5, ...}, {0, 1, 2, 3, 4, 5, ...}, {0, 1, 2, 3, 4, 5, ...}, {0, 1, 2, 3, 4, 5, ...}, ...])", "E        +  and   {0, 1, 2, 3, 4, 5, ...} = set(range(0, 10))", "E        +    where range(0, 10) = range(10)"], "reprfuncargs": {"args": []}, "reprlocals": null, "reprfileloc": {"path": "Q34/dolphin2_9_2_results_3/Folder_31/tests34_31_3.py", "lineno": 22, "message": "AssertionError"}, "style": "long"}}], "extraline": null, "style": "long"}, "sections": [], "chain": [[{"reprentries": [{"type": "ReprEntry", "data": {"lines": ["    def test_similar_sets():", "        l = []", "        for i in range(34):", "            l.append(set(range(10)))", ">       assert find_original_set(*l) == set(range(10))", "E       AssertionError: assert 'Invalid argument. Expected a set.' == {0, 1, 2, 3, 4, 5, ...}", "E        +  where 'Invalid argument. Expected a set.' = find_original_set(*[{0, 1, 2, 3, 4, 5, ...}, {0, 1, 2, 3, 4, 5, ...}, {0, 1, 2, 3, 4, 5, ...}, {0, 1, 2, 3, 4, 5, ...}, {0, 1, 2, 3, 4, 5, ...}, {0, 1, 2, 3, 4, 5, ...}, ...])", "E        +  and   {0, 1, 2, 3, 4, 5, ...} = set(range(0, 10))", "E        +    where range(0, 10) = range(10)"], "reprfuncargs": {"args": []}, "reprlocals": null, "reprfileloc": {"path": "Q34/dolphin2_9_2_results_3/Folder_31/tests34_31_3.py", "lineno": 22, "message": "AssertionError"}, "style": "long"}}], "extraline": null, "style": "long"}, {"path": "/data/ASE2024_GitHub/Turbulence-Benchmark-main/Dolphin_T_D/Q34/dolphin2_9_2_results_3/Folder_31/tests34_31_3.py", "lineno": 22, "message": "AssertionError: assert 'Invalid argument. Expected a set.' == {0, 1, 2, 3, 4, 5, ...}\n +  where 'Invalid argument. Expected a set.' = find_original_set(*[{0, 1, 2, 3, 4, 5, ...}, {0, 1, 2, 3, 4, 5, ...}, {0, 1, 2, 3, 4, 5, ...}, {0, 1, 2, 3, 4, 5, ...}, {0, 1, 2, 3, 4, 5, ...}, {0, 1, 2, 3, 4, 5, ...}, ...])\n +  and   {0, 1, 2, 3, 4, 5, ...} = set(range(0, 10))\n +    where range(0, 10) = range(10)"}, null]]}, "when": "call", "user_properties": [], "sections": [], "duration": 0.00024887698236852884, "start": 1730956757.053842, "stop": 1730956757.0540915, "extras": [], "$report_type": "TestReport", "item_index": 2, "worker_id": "gw2", "testrun_uid": "6bf4c41e7bde4e6d8819c459e0cafdf0", "node": "<WorkerController gw2>"}
{"nodeid": "tests34_31_3.py::test_similar_sets", "location": ["tests34_31_3.py", 17, "test_similar_sets"], "keywords": {"test_similar_sets": 1, "tests34_31_3.py": 1, "Folder_31": 1}, "outcome": "passed", "longrepr": null, "when": "teardown", "user_properties": [], "sections": [], "duration": 0.0001057980116456747, "start": 1730956757.0625396, "stop": 1730956757.062646, "$report_type": "TestReport", "item_index": 2, "worker_id": "gw2", "testrun_uid": "6bf4c41e7bde4e6d8819c459e0cafdf0", "node": "<WorkerController gw2>"}
{"nodeid": "tests34_31_3.py::test_distinct_one_element_sets", "location": ["tests34_31_3.py", 10, "test_distinct_one_element_sets"], "keywords": {"test_distinct_one_element_sets": 1, "tests34_31_3.py": 1, "Folder_31": 1}, "outcome": "failed", "longrepr": {"reprcrash": {"path": "/data/ASE2024_GitHub/Turbulence-Benchmark-main/Dolphin_T_D/Q34/dolphin2_9_2_results_3/Folder_31/tests34_31_3.py", "lineno": 15, "message": "AssertionError: assert 'Invalid argument. Expected a set.' == {0, 1, 2, 3, 4, 5, ...}\n +  where 'Invalid argument. Expected a set.' = find_original_set(*[{0}, {1}, {2}, {3}, {4}, {5}, ...])\n +  and   {0, 1, 2, 3, 4, 5, ...} = set(range(0, 34))\n +    where range(0, 34) = range(34)"}, "reprtraceback": {"reprentries": [{"type": "ReprEntry", "data": {"lines": ["    def test_distinct_one_element_sets():", "        l = []", "        for i in range(34):", "            l.append({i})", ">       assert find_original_set(*l) == set(range(34))", "E       AssertionError: assert 'Invalid argument. Expected a set.' == {0, 1, 2, 3, 4, 5, ...}", "E        +  where 'Invalid argument. Expected a set.' = find_original_set(*[{0}, {1}, {2}, {3}, {4}, {5}, ...])", "E        +  and   {0, 1, 2, 3, 4, 5, ...} = set(range(0, 34))", "E        +    where range(0, 34) = range(34)"], "reprfuncargs": {"args": []}, "reprlocals": null, "reprfileloc": {"path": "Q34/dolphin2_9_2_results_3/Folder_31/tests34_31_3.py", "lineno": 15, "message": "AssertionError"}, "style": "long"}}], "extraline": null, "style": "long"}, "sections": [], "chain": [[{"reprentries": [{"type": "ReprEntry", "data": {"lines": ["    def test_distinct_one_element_sets():", "        l = []", "        for i in range(34):", "            l.append({i})", ">       assert find_original_set(*l) == set(range(34))", "E       AssertionError: assert 'Invalid argument. Expected a set.' == {0, 1, 2, 3, 4, 5, ...}", "E        +  where 'Invalid argument. Expected a set.' = find_original_set(*[{0}, {1}, {2}, {3}, {4}, {5}, ...])", "E        +  and   {0, 1, 2, 3, 4, 5, ...} = set(range(0, 34))", "E        +    where range(0, 34) = range(34)"], "reprfuncargs": {"args": []}, "reprlocals": null, "reprfileloc": {"path": "Q34/dolphin2_9_2_results_3/Folder_31/tests34_31_3.py", "lineno": 15, "message": "AssertionError"}, "style": "long"}}], "extraline": null, "style": "long"}, {"path": "/data/ASE2024_GitHub/Turbulence-Benchmark-main/Dolphin_T_D/Q34/dolphin2_9_2_results_3/Folder_31/tests34_31_3.py", "lineno": 15, "message": "AssertionError: assert 'Invalid argument. Expected a set.' == {0, 1, 2, 3, 4, 5, ...}\n +  where 'Invalid argument. Expected a set.' = find_original_set(*[{0}, {1}, {2}, {3}, {4}, {5}, ...])\n +  and   {0, 1, 2, 3, 4, 5, ...} = set(range(0, 34))\n +    where range(0, 34) = range(34)"}, null]]}, "when": "call", "user_properties": [], "sections": [], "duration": 0.0002523029688745737, "start": 1730956757.0540514, "stop": 1730956757.054304, "extras": [], "$report_type": "TestReport", "item_index": 1, "worker_id": "gw1", "testrun_uid": "6bf4c41e7bde4e6d8819c459e0cafdf0", "node": "<WorkerController gw1>"}
{"nodeid": "tests34_31_3.py::test_distinct_one_element_sets", "location": ["tests34_31_3.py", 10, "test_distinct_one_element_sets"], "keywords": {"test_distinct_one_element_sets": 1, "tests34_31_3.py": 1, "Folder_31": 1}, "outcome": "passed", "longrepr": null, "when": "teardown", "user_properties": [], "sections": [], "duration": 9.99929616227746e-05, "start": 1730956757.0628521, "stop": 1730956757.0629528, "$report_type": "TestReport", "item_index": 1, "worker_id": "gw1", "testrun_uid": "6bf4c41e7bde4e6d8819c459e0cafdf0", "node": "<WorkerController gw1>"}
{"nodeid": "tests34_31_3.py::test_one_element_similar_sets", "location": ["tests34_31_3.py", 3, "test_one_element_similar_sets"], "keywords": {"test_one_element_similar_sets": 1, "tests34_31_3.py": 1, "Folder_31": 1}, "outcome": "failed", "longrepr": {"reprcrash": {"path": "/data/ASE2024_GitHub/Turbulence-Benchmark-main/Dolphin_T_D/Q34/dolphin2_9_2_results_3/Folder_31/tests34_31_3.py", "lineno": 8, "message": "AssertionError: assert 'Invalid argument. Expected a set.' == {1}\n +  where 'Invalid argument. Expected a set.' = find_original_set(*[{1}, {1}, {1}, {1}, {1}, {1}, ...])"}, "reprtraceback": {"reprentries": [{"type": "ReprEntry", "data": {"lines": ["    def test_one_element_similar_sets():", "        l = []", "        for i in range(34):", "            l.append({1})", ">       assert find_original_set(*l) == {1}", "E       AssertionError: assert 'Invalid argument. Expected a set.' == {1}", "E        +  where 'Invalid argument. Expected a set.' = find_original_set(*[{1}, {1}, {1}, {1}, {1}, {1}, ...])"], "reprfuncargs": {"args": []}, "reprlocals": null, "reprfileloc": {"path": "Q34/dolphin2_9_2_results_3/Folder_31/tests34_31_3.py", "lineno": 8, "message": "AssertionError"}, "style": "long"}}], "extraline": null, "style": "long"}, "sections": [], "chain": [[{"reprentries": [{"type": "ReprEntry", "data": {"lines": ["    def test_one_element_similar_sets():", "        l = []", "        for i in range(34):", "            l.append({1})", ">       assert find_original_set(*l) == {1}", "E       AssertionError: assert 'Invalid argument. Expected a set.' == {1}", "E        +  where 'Invalid argument. Expected a set.' = find_original_set(*[{1}, {1}, {1}, {1}, {1}, {1}, ...])"], "reprfuncargs": {"args": []}, "reprlocals": null, "reprfileloc": {"path": "Q34/dolphin2_9_2_results_3/Folder_31/tests34_31_3.py", "lineno": 8, "message": "AssertionError"}, "style": "long"}}], "extraline": null, "style": "long"}, {"path": "/data/ASE2024_GitHub/Turbulence-Benchmark-main/Dolphin_T_D/Q34/dolphin2_9_2_results_3/Folder_31/tests34_31_3.py", "lineno": 8, "message": "AssertionError: assert 'Invalid argument. Expected a set.' == {1}\n +  where 'Invalid argument. Expected a set.' = find_original_set(*[{1}, {1}, {1}, {1}, {1}, {1}, ...])"}, null]]}, "when": "call", "user_properties": [], "sections": [], "duration": 0.00025824597105383873, "start": 1730956757.0540605, "stop": 1730956757.0543191, "extras": [], "$report_type": "TestReport", "item_index": 0, "worker_id": "gw0", "testrun_uid": "6bf4c41e7bde4e6d8819c459e0cafdf0", "node": "<WorkerController gw0>"}
{"nodeid": "tests34_31_3.py::test_one_element_similar_sets", "location": ["tests34_31_3.py", 3, "test_one_element_similar_sets"], "keywords": {"test_one_element_similar_sets": 1, "tests34_31_3.py": 1, "Folder_31": 1}, "outcome": "passed", "longrepr": null, "when": "teardown", "user_properties": [], "sections": [], "duration": 9.724299889057875e-05, "start": 1730956757.062986, "stop": 1730956757.063084, "$report_type": "TestReport", "item_index": 0, "worker_id": "gw0", "testrun_uid": "6bf4c41e7bde4e6d8819c459e0cafdf0", "node": "<WorkerController gw0>"}
{"exitstatus": 2, "$report_type": "SessionFinish"}
