{
  "parameter(s)": [
    19,
    0,
    18
  ],
  "test_result_is_in_given_string": [
    "passed",
    "",
    0.00016
  ],
  "test_result_is_smaller": [
    "failed",
    "AssertionError: assert 17 == (19 - 19)\n +  where 19 = len(')BgNYqt_|He]$-fb{5\\\\')",
    0.00038
  ],
  "test_result_is_larger": [
    "failed",
    "assert 11 == (19 - 1)",
    0.00044
  ],
  "test_random_string": [
    "failed",
    "AssertionError: assert '#' == 'y'\n  - y\n  + #",
    0.00032
  ]
}