{
  "parameter(s)": [
    26,
    62,
    96
  ],
  "test_lengths": [
    "passed",
    "",
    9e-05
  ],
  "test_sums": [
    "passed",
    "",
    6e-05
  ],
  "test_negate_of_divisors": [
    "failed",
    "AssertionError: assert [-26, -26, -2...-26, -26, ...] == []\n  Left contains 34 more items, first extra item: -26\n  Full diff:\n    [\n  -  ,\n  +  -26,\n  +  -26,\n  +  -26,...\n  \n  ...Full output truncated (32 lines hidden), use '-vv' to show",
    0.00069
  ],
  "test_list_of_zeros": [
    "failed",
    "AssertionError: assert [0, 0, 0, 0, 0, 0, ...] == []\n  Left contains 34 more items, first extra item: 0\n  Full diff:\n    [\n  -  ,\n  +  0,\n  ?  +\n  +  0,...\n  \n  ...Full output truncated (33 lines hidden), use '-vv' to show",
    0.00069
  ],
  "test_coefficient_of_divisor": [
    "failed",
    "AssertionError: assert [-260, -260, ...60, -260, ...] == []\n  Left contains 34 more items, first extra item: -260\n  Full diff:\n    [\n  -  ,\n  +  -260,\n  +  -260,\n  +  -260,...\n  \n  ...Full output truncated (32 lines hidden), use '-vv' to show",
    0.0004
  ]
}