{
  "parameter(s)": [
    45,
    "ascending"
  ],
  "test_length_of_result": [
    "passed",
    "",
    0.00012
  ],
  "test_if_result_is_sorted": [
    "failed",
    "AssertionError: assert ['}', '|', '{...'r', 'p', ...] == ['$', '(', '+...'.', '/', ...]\n  At index 0 diff: '}' != '$'\n  Full diff:\n    [\n  +  '}',\n  +  '|',\n  +  '{',\n  +  't',...\n  \n  ...Full output truncated (86 lines hidden), use '-vv' to show",
    0.00045
  ],
  "test_strings_of_size_equal_to_45": [
    "failed",
    "AssertionError: assert ['{', 'z', 'y...'t', 's', ...] == ['!', '%', '&...'+', '-', ...]\n  At index 0 diff: '{' != '!'\n  Full diff:\n    [\n  +  '{',\n  +  'z',\n  +  'y',\n  +  'x',...\n  \n  ...Full output truncated (86 lines hidden), use '-vv' to show",
    0.00054
  ]
}