{
  "parameter(s)": [
    "W",
    "x",
    34,
    67
  ],
  "test_compare_lengths_with_large_string": [
    "passed",
    "",
    0.00017
  ],
  "test_repeat_char": [
    "failed",
    "AssertionError: assert 'mmmmmmmmmmmm...mmmmmmmmmmmmm' == ''\n  + mmmmmmmmmmmmmmmmmmmmmmmmmmmmmmmmmmm",
    0.00034
  ],
  "test_property_of_function": [
    "failed",
    "AssertionError: assert 'w' not in 'DDAIruCvjLF...ZErQrCeBdoxo'\n  'w' is contained here:\n    DDAIruCvjLFtVUODEZsPOKskfOLspcKlmsPBGAIVyFIJJPEgKTkFwmWWmdgQKDRQrkpmBFvxpJrOOxHZdsfvvMHytplYutgthnNabZErQrCeBdoxo\n  ?                                                     +",
    0.00078
  ]
}