{
  "parameter(s)": [
    34,
    55
  ],
  "test_lengths": [
    "passed",
    "",
    0.00018
  ],
  "test_large_range": [
    "failed",
    "AssertionError: assert [34, 35, 36, 37, 38, 39, ...] == [34, 35, 36, 37, 38, 39, ...]\n  At index 21 diff: 34 != 55\n  Left contains 20 more items, first extra item: 35\n  Full diff:\n    [\n     34,\n     35,\n     36,...\n  \n  ...Full output truncated (43 lines hidden), use '-vv' to show",
    0.00061
  ],
  "test_even_range": [
    "failed",
    "AssertionError: assert [68, 70, 72, 74, 76, 78, ...] == [68, 70, 72, 74, 76, 78, ...]\n  At index 21 diff: 68 != 110\n  Left contains 20 more items, first extra item: 70\n  Full diff:\n    [\n     68,\n     70,\n     72,...\n  \n  ...Full output truncated (43 lines hidden), use '-vv' to show",
    0.00062
  ],
  "test_sums": [
    "failed",
    "assert 1848 <= 1540\n +  where 1848 = sum([34, 35, 36, 37, 38, 39, ...])\n +  and   1540 = sum([0, 1, 2, 3, 4, 5, ...])",
    0.00028
  ]
}