{
  "parameter(s)": [
    20,
    "ascending"
  ],
  "test_length_of_result": [
    "passed",
    "",
    0.00019
  ],
  "test_if_result_is_sorted": [
    "failed",
    "AssertionError: assert ['y', 's', 'r...'k', 'h', ...] == ['(', ')', '-...'1', '5', ...]\n  At index 0 diff: 'y' != '('\n  Full diff:\n    [\n  +  'y',\n  +  's',\n  +  'r',\n  +  'p',...\n  \n  ...Full output truncated (36 lines hidden), use '-vv' to show",
    0.00051
  ],
  "test_strings_of_size_equal_to_20": [
    "failed",
    "AssertionError: assert ['|', '{', 'o...']', 'Y', ...] == [' ', '!', '&...'2', '7', ...]\n  At index 0 diff: '|' != ' '\n  Full diff:\n    [\n  +  '|',\n  +  '{',\n  +  'o',\n  +  'd',...\n  \n  ...Full output truncated (36 lines hidden), use '-vv' to show",
    0.00064
  ]
}