{
  "parameter(s)": [
    28,
    "ascending"
  ],
  "test_length_of_result": [
    "passed",
    "",
    0.00017
  ],
  "test_strings_of_size_equal_to_28": [
    "failed",
    "AssertionError: assert ['x', 'u', 't...'j', 'h', ...] == [' ', '$', ')...'-', '1', ...]\n  At index 0 diff: 'x' != ' '\n  Full diff:\n    [\n  +  'x',\n  +  'u',\n  +  't',\n  +  'q',...\n  \n  ...Full output truncated (52 lines hidden), use '-vv' to show",
    0.00067
  ],
  "test_if_result_is_sorted": [
    "failed",
    "AssertionError: assert ['{', 'y', 'w...'k', 'i', ...] == [',', '/', '0...'5', '6', ...]\n  At index 0 diff: '{' != ','\n  Full diff:\n    [\n  +  '{',\n  +  'y',\n  +  'w',\n  +  'u',...\n  \n  ...Full output truncated (52 lines hidden), use '-vv' to show",
    0.00081
  ]
}