{
  "parameter(s)": [
    19,
    "ascending"
  ],
  "test_length_of_result": [
    "passed",
    "",
    0.00017
  ],
  "test_if_result_is_sorted": [
    "failed",
    "AssertionError: assert ['z', 'y', 'w...'e', 'c', ...] == ['2', '3', '5...'9', 'B', ...]\n  At index 0 diff: 'z' != '2'\n  Full diff:\n    [\n  +  'z',\n  +  'y',\n  +  'w',\n  +  'o',...\n  \n  ...Full output truncated (34 lines hidden), use '-vv' to show",
    0.00041
  ],
  "test_strings_of_size_equal_to_19": [
    "failed",
    "AssertionError: assert ['u', 'j', 'a...'X', 'W', ...] == [' ', '%', '(...'+', '.', ...]\n  At index 0 diff: 'u' != ' '\n  Full diff:\n    [\n  +  'u',\n  +  'j',\n  +  'a',\n  +  'Y',...\n  \n  ...Full output truncated (34 lines hidden), use '-vv' to show",
    0.00038
  ]
}