{"category": "PytestAssertRewriteWarning", "filename": "/data/miniconda3/envs/benchmark/lib/python3.12/site-packages/_pytest/config/__init__.py", "lineno": 1277, "message": "Module already imported so cannot be rewritten: anyio", "$report_type": "WarningMessage", "when": "config", "location": ["/data/miniconda3/envs/benchmark/lib/python3.12/site-packages/_pytest/config/__init__.py", 1277, "_consider_importhook"]}
{"category": "PytestAssertRewriteWarning", "filename": "/data/miniconda3/envs/benchmark/lib/python3.12/site-packages/_pytest/config/__init__.py", "lineno": 1277, "message": "Module already imported so cannot be rewritten: anyio", "$report_type": "WarningMessage", "when": "config", "location": ["/data/miniconda3/envs/benchmark/lib/python3.12/site-packages/_pytest/config/__init__.py", 1277, "_consider_importhook"]}
{"pytest_version": "8.3.3", "$report_type": "SessionStart"}
{"nodeid": "tests52_2_4.py::test_string_of_many_chars", "location": ["tests52_2_4.py", 6, "test_string_of_many_chars"], "keywords": {"test_string_of_many_chars": 1, "tests52_2_4.py": 1, "Folder_2": 1, "": 1}, "outcome": "passed", "longrepr": null, "when": "setup", "user_properties": [], "sections": [], "duration": 0.00011642600293271244, "start": 1738561127.4167366, "stop": 1738561127.4168532, "$report_type": "TestReport", "item_index": 0, "worker_id": "gw0", "testrun_uid": "7221888fd7354d4e94b5cf947bea06c4", "node": "<WorkerController gw0>"}
{"nodeid": "tests52_2_4.py::test_string_of_many_chars", "location": ["tests52_2_4.py", 6, "test_string_of_many_chars"], "keywords": {"test_string_of_many_chars": 1, "tests52_2_4.py": 1, "Folder_2": 1, "": 1}, "outcome": "passed", "longrepr": null, "when": "call", "user_properties": [], "sections": [], "duration": 0.0001175700017483905, "start": 1738561127.4169886, "stop": 1738561127.4171066, "extras": [], "$report_type": "TestReport", "item_index": 0, "worker_id": "gw0", "testrun_uid": "7221888fd7354d4e94b5cf947bea06c4", "node": "<WorkerController gw0>"}
{"nodeid": "tests52_2_4.py::test_string_of_many_chars", "location": ["tests52_2_4.py", 6, "test_string_of_many_chars"], "keywords": {"test_string_of_many_chars": 1, "tests52_2_4.py": 1, "Folder_2": 1, "": 1}, "outcome": "passed", "longrepr": null, "when": "teardown", "user_properties": [], "sections": [], "duration": 7.530999937443994e-05, "start": 1738561127.4173255, "stop": 1738561127.4174013, "$report_type": "TestReport", "item_index": 0, "worker_id": "gw0", "testrun_uid": "7221888fd7354d4e94b5cf947bea06c4", "node": "<WorkerController gw0>"}
{"nodeid": "tests52_2_4.py::test_string_of_spaces", "location": ["tests52_2_4.py", 11, "test_string_of_spaces"], "keywords": {"test_string_of_spaces": 1, "tests52_2_4.py": 1, "Folder_2": 1, "": 1}, "outcome": "passed", "longrepr": null, "when": "setup", "user_properties": [], "sections": [], "duration": 7.17270013410598e-05, "start": 1738561127.417734, "stop": 1738561127.4178061, "$report_type": "TestReport", "item_index": 1, "worker_id": "gw0", "testrun_uid": "7221888fd7354d4e94b5cf947bea06c4", "node": "<WorkerController gw0>"}
{"nodeid": "tests52_2_4.py::test_string_of_spaces", "location": ["tests52_2_4.py", 11, "test_string_of_spaces"], "keywords": {"test_string_of_spaces": 1, "tests52_2_4.py": 1, "Folder_2": 1, "": 1}, "outcome": "failed", "longrepr": {"reprcrash": {"path": "/data/ASE2024_GitHub/Turbulence-Benchmark-main/Dolphin_T_0/Q52/dolphin2_9_2_results_4/Folder_2/tests52_2_4.py", "lineno": 14, "message": "AssertionError: assert not {'                                                                                                                                                   '}\n +  where {'                                                                                                                                                   '} = palindrome_of_length_n('                                                                                                                                                                                                                                                                                                      ')"}, "reprtraceback": {"reprentries": [{"type": "ReprEntry", "data": {"lines": ["    def test_string_of_spaces():", "        s = ' ' * (147 * 2)", ">       assert not palindrome_of_length_n(s)", "E       AssertionError: assert not {'                                                                                                                                                   '}", "E        +  where {'                                                                                                                                                   '} = palindrome_of_length_n('                                                                                                                                                                                                                                                                                                      ')"], "reprfuncargs": {"args": []}, "reprlocals": null, "reprfileloc": {"path": "Q52/dolphin2_9_2_results_4/Folder_2/tests52_2_4.py", "lineno": 14, "message": "AssertionError"}, "style": "long"}}], "extraline": null, "style": "long"}, "sections": [], "chain": [[{"reprentries": [{"type": "ReprEntry", "data": {"lines": ["    def test_string_of_spaces():", "        s = ' ' * (147 * 2)", ">       assert not palindrome_of_length_n(s)", "E       AssertionError: assert not {'                                                                                                                                                   '}", "E        +  where {'                                                                                                                                                   '} = palindrome_of_length_n('                                                                                                                                                                                                                                                                                                      ')"], "reprfuncargs": {"args": []}, "reprlocals": null, "reprfileloc": {"path": "Q52/dolphin2_9_2_results_4/Folder_2/tests52_2_4.py", "lineno": 14, "message": "AssertionError"}, "style": "long"}}], "extraline": null, "style": "long"}, {"path": "/data/ASE2024_GitHub/Turbulence-Benchmark-main/Dolphin_T_0/Q52/dolphin2_9_2_results_4/Folder_2/tests52_2_4.py", "lineno": 14, "message": "AssertionError: assert not {'                                                                                                                                                   '}\n +  where {'                                                                                                                                                   '} = palindrome_of_length_n('                                                                                                                                                                                                                                                                                                      ')"}, null]]}, "when": "call", "user_properties": [], "sections": [], "duration": 0.0018693509991862811, "start": 1738561127.417893, "stop": 1738561127.4197624, "extras": [], "$report_type": "TestReport", "item_index": 1, "worker_id": "gw0", "testrun_uid": "7221888fd7354d4e94b5cf947bea06c4", "node": "<WorkerController gw0>"}
{"nodeid": "tests52_2_4.py::test_string_of_spaces", "location": ["tests52_2_4.py", 11, "test_string_of_spaces"], "keywords": {"test_string_of_spaces": 1, "tests52_2_4.py": 1, "Folder_2": 1, "": 1}, "outcome": "passed", "longrepr": null, "when": "teardown", "user_properties": [], "sections": [], "duration": 0.000129793999803951, "start": 1738561127.428092, "stop": 1738561127.4282224, "$report_type": "TestReport", "item_index": 1, "worker_id": "gw0", "testrun_uid": "7221888fd7354d4e94b5cf947bea06c4", "node": "<WorkerController gw0>"}
{"exitstatus": 2, "$report_type": "SessionFinish"}
