{
  "parameter(s)": [
    51,
    76
  ],
  "test_zero_range": [
    "passed",
    "",
    0.00018
  ],
  "test_range_size": [
    "passed",
    "",
    0.00015
  ],
  "test_range_sum": [
    "passed",
    "",
    0.00016
  ],
  "test_even_range": [
    "failed",
    "AssertionError: assert [104, 106, 10...112, 114, ...] == [106, 108, 11...114, 116, ...]\n  At index 0 diff: 104 != 106\n  Left contains one more item: 152\n  Full diff:\n    [\n  +  104,\n     106,\n     108,...\n  \n  ...Full output truncated (23 lines hidden), use '-vv' to show",
    0.00048
  ],
  "test_large_range": [
    "failed",
    "AssertionError: assert [52, 53, 54, 55, 56, 57, ...] == [53, 54, 55, 56, 57, 58, ...]\n  At index 0 diff: 52 != 53\n  Left contains one more item: 76\n  Full diff:\n    [\n  +  52,\n     53,\n     54,...\n  \n  ...Full output truncated (23 lines hidden), use '-vv' to show",
    0.00071
  ],
  "test_ones_range_sum": [
    "failed",
    "assert 25 == ((76 - 51) - 1)\n +  where 25 = sum([1, 1, 1, 1, 1, 1, ...])\n +    where [1, 1, 1, 1, 1, 1, ...] = all_pos_ints_exclusive([1, 1, 1, 1, 1, 1, ...])",
    0.00037
  ]
}