{
  "parameter(s)": [
    36,
    "ascending"
  ],
  "test_length_of_result": [
    "passed",
    "",
    0.00012
  ],
  "test_if_result_is_sorted": [
    "failed",
    "AssertionError: assert ['|', '{', 'y...'u', 's', ...] == ['$', '(', ')...'1', '4', ...]\n  At index 0 diff: '|' != '$'\n  Full diff:\n    [\n  +  '|',\n  +  '{',\n  +  'y',\n  +  'v',...\n  \n  ...Full output truncated (68 lines hidden), use '-vv' to show",
    0.00063
  ],
  "test_strings_of_size_equal_to_36": [
    "failed",
    "AssertionError: assert ['u', 't', 's...'n', 'k', ...] == [' ', '!', '%...'-', '/', ...]\n  At index 0 diff: 'u' != ' '\n  Full diff:\n    [\n  +  'u',\n  +  't',\n  +  's',\n  +  'q',...\n  \n  ...Full output truncated (68 lines hidden), use '-vv' to show",
    0.00054
  ]
}