{
  "parameter(s)": [
    56,
    90
  ],
  "test_absence_of_duplicates": [
    "failed",
    "AssertionError: assert 'T' not in 'dyxCnTFnqhX...kBhZhqOEIPll'\n  'T' is contained here:\n    dyxCnTFnqhXZNqxhoBAXoHhBemXoXUTWyrviIbSJDPFrctIKTPhLyveqlpQYfNeTesOsKrCtSBQiVkyRqxvUDXuPuLExROITmCJrcmIMAXwhFhlSvQTSUCWhgbnpjFofwlMWWGYOYSafXblkBhZhqOEIPll\n  ?      +",
    0.00059
  ],
  "test_merged_strings": [
    "failed",
    "AssertionError: assert 'aaaaaaaaaaaa...bbbbbbbbbbbbb' == 'bbbbbbbbbbbb...bbbbbbbbbbbbb'\n  - bbbbbbbbbbbbbbbbbbbbbbbbbbbbbbbbbbbbbbbbbbbbbbbbbbbbbbbbbbbbbbbbbbbbbbbbbbbbbbbbbbbbbbbbbb\n  + aaaaaaaaaaaaaaaaaaaaaaaaaaaaaaaaaaaaaaaaaaaaaaaaaaaaaaaaaaaaaaaaaaaaaaaaaabbbbbbbbbbbbbbbbbbbbbbbbbbbbbbbbbbbbbbbbbbbbbbbbbbbbbbbbbbbbbbbbbbbbbbbbbb",
    0.00036
  ],
  "test_repeat_char": [
    "failed",
    "IndexError: string index out of range",
    0.00018
  ]
}