{
  "parameter(s)": [
    49,
    74
  ],
  "test_absence_of_duplicates": [
    "failed",
    "AssertionError: assert 'v' not in 'mvCBaPoqKOpUnjRzeEsy'\n  'v' is contained here:\n    mvCBaPoqKOpUnjRzeEsy\n  ?  +",
    0.00044
  ],
  "test_repeat_char": [
    "failed",
    "AssertionError: assert not 'a'\n +  where 'a' = remove_repeat_chars('aaaaaaaaaaaaaaaaaaaaaaaaaaaaaaaaaaaaaaaaaaaaaaaaaaaaaaaaaaaaaaaaaaaaaaaaaaaa')",
    0.00024
  ],
  "test_merged_strings": [
    "failed",
    "AssertionError: assert 'a' == 'bbbbbbbbbbbb...bbbbbbbbbbbbb'\n  - bbbbbbbbbbbbbbbbbbbbbbbbbbbbbbbbbbbbbbbbbbbbbbbbbbbbbbbbbbbbbbbbbbbbbbbbbb\n  + a",
    0.00036
  ]
}