{
  "parameter(s)": [
    48
  ],
  "test_list_of_strings_including_one_same_uppercase_char_1": [
    "failed",
    "Failed: Timeout >7.0s",
    7.00128
  ],
  "test_list_of_strings_of_length_two": [
    "failed",
    "AssertionError: assert not True\n +  where True = if_contains_anagrams(['aa', 'aa', 'aa', 'aa', 'aa', 'aa', ...])",
    0.0004
  ],
  "test_list_of_many_strings_with_different_lengths": [
    "failed",
    "AssertionError: assert not True\n +  where True = if_contains_anagrams(['aaa', 'aaaa', 'aaaaa', 'aaaaaa', 'aaaaaaa', 'aaaaaaaa', ...])",
    0.18054
  ]
}