{
  "parameter(s)": [
    19,
    "ascending"
  ],
  "test_length_of_result": [
    "passed",
    "",
    0.00011
  ],
  "test_if_result_is_sorted": [
    "failed",
    "AssertionError: assert ['~', 'r', 'o...'f', 'e', ...] == [')', '+', '5...'9', 'C', ...]\n  At index 0 diff: '~' != ')'\n  Full diff:\n    [\n  +  '~',\n  +  'r',\n  +  'o',\n  +  'g',...\n  \n  ...Full output truncated (34 lines hidden), use '-vv' to show",
    0.00052
  ],
  "test_strings_of_size_equal_to_19": [
    "failed",
    "AssertionError: assert ['{', 'x', 's...'n', 'h', ...] == ['#', '$', '%...'4', ':', ...]\n  At index 0 diff: '{' != '#'\n  Full diff:\n    [\n  +  '{',\n  +  'x',\n  +  's',\n  +  'p',...\n  \n  ...Full output truncated (34 lines hidden), use '-vv' to show",
    0.00039
  ]
}