{
  "parameter(s)": [
    25
  ],
  "test_one_character_string": [
    "passed",
    "",
    0.00018
  ],
  "test_length_of_substring_result": [
    "passed",
    "",
    0.0001
  ],
  "test_same_character_string": [
    "failed",
    "AssertionError: assert not ['aaaaaaaaaaaaaaaaaaaaaaaaa']\n +  where ['aaaaaaaaaaaaaaaaaaaaaaaaa'] = all_substring_of_size_n('aaaaaaaaaaaaaaaaaaaaaaaaa')",
    0.00026
  ],
  "test_string_of_same_character": [
    "failed",
    "AssertionError: assert not ['                         ']\n +  where ['                         '] = all_substring_of_size_n('                                  ')",
    0.0003
  ]
}