{
  "parameter(s)": [
    "P",
    "x",
    12,
    25
  ],
  "test_compare_lengths_with_large_string": [
    "passed",
    "",
    0.00011
  ],
  "test_property_of_function": [
    "failed",
    "AssertionError: assert 'S' not in 'vVnVxifSSHq...ipvBizZDHGxf'\n  'S' is contained here:\n    vVnVxifSSHqxSOCVHVyNDGGnMkfXwIIyipvBizZDHGxf\n  ?        +",
    0.00042
  ],
  "test_repeat_char": [
    "failed",
    "AssertionError: assert 'mmmmmmmmmmmmmmmmmmmmmmmmmmm' == ''\n  + mmmmmmmmmmmmmmmmmmmmmmmmmmm",
    0.00031
  ]
}