{
  "parameter(s)": [
    44
  ],
  "test_one_character_string": [
    "passed",
    "",
    0.00026
  ],
  "test_length_of_substring_result": [
    "passed",
    "",
    0.00016
  ],
  "test_same_character_string": [
    "failed",
    "AssertionError: assert not ['aaaaaaaaaaaaaaaaaaaaaaaaaaaaaaaaaaaaaaaaaaaa']\n +  where ['aaaaaaaaaaaaaaaaaaaaaaaaaaaaaaaaaaaaaaaaaaaa'] = all_substring_of_size_n('aaaaaaaaaaaaaaaaaaaaaaaaaaaaaaaaaaaaaaaaaaaa')",
    0.00118
  ],
  "test_string_of_same_character": [
    "failed",
    "AssertionError: assert not ['                                            ']\n +  where ['                                            '] = all_substring_of_size_n('                                                     ')",
    0.00028
  ]
}