{
  "parameter(s)": [
    32,
    "ascending"
  ],
  "test_length_of_result": [
    "passed",
    "",
    0.00012
  ],
  "test_if_result_is_sorted": [
    "failed",
    "AssertionError: assert ['{', 'y', 'x...'u', 'q', ...] == ['(', ')', '*...'1', '3', ...]\n  At index 0 diff: '{' != '('\n  Full diff:\n    [\n  +  '{',\n  +  'y',\n  +  'x',\n  +  'w',...\n  \n  ...Full output truncated (60 lines hidden), use '-vv' to show",
    0.00043
  ],
  "test_strings_of_size_equal_to_32": [
    "failed",
    "AssertionError: assert ['~', 'y', 'w...'s', 'q', ...] == ['!', '#', ')...'/', '0', ...]\n  At index 0 diff: '~' != '!'\n  Full diff:\n    [\n  +  '~',\n  +  'y',\n  +  'w',\n  +  'u',...\n  \n  ...Full output truncated (60 lines hidden), use '-vv' to show",
    0.0004
  ]
}