{
  "parameter(s)": [
    37,
    76
  ],
  "test_lengths": [
    "passed",
    "",
    0.00012
  ],
  "test_sums": [
    "passed",
    "",
    9e-05
  ],
  "test_large_range": [
    "failed",
    "AssertionError: assert [37, 38, 39, 40, 41, 42, ...] == [37, 38, 39, 40, 41, 42, ...]\n  Right contains one more item: 76\n  Full diff:\n    [\n     37,\n     38,\n     39,\n     40,...\n  \n  ...Full output truncated (37 lines hidden), use '-vv' to show",
    0.00059
  ],
  "test_even_range": [
    "failed",
    "AssertionError: assert [74, 76, 78, 80, 82, 84, ...] == [74, 76, 78, 80, 82, 84, ...]\n  Right contains one more item: 152\n  Full diff:\n    [\n     74,\n     76,\n     78,\n     80,...\n  \n  ...Full output truncated (37 lines hidden), use '-vv' to show",
    0.00063
  ],
  "test_list_concat": [
    "failed",
    "AssertionError: assert [0, 1, 2, 3, 4, 5, ...] == [0, 1, 2, 3, 4, 5, ...]\n  At index 76 diff: 77 != 76\n  Right contains one more item: 769\n  Full diff:\n    [\n     0,\n     1,\n     2,...\n  \n  ...Full output truncated (768 lines hidden), use '-vv' to show",
    0.00431
  ]
}