{
  "parameter(s)": [
    "E",
    "t",
    35,
    89
  ],
  "test_compare_lengths_with_large_string": [
    "passed",
    "",
    0.00015
  ],
  "test_repeat_char": [
    "passed",
    "",
    0.00032
  ],
  "test_property_of_function": [
    "failed",
    "AssertionError: assert 'Z' not in 'vZttzApyjiU...UAhUUhvtviZt'\n  'Z' is contained here:\n    vZttzApyjiUAvhiUUAhUUhvtviZt\n  ?  +",
    0.00058
  ],
  "test_chars_not_in_range": [
    "failed",
    "AssertionError: assert '' == 'B B@& %v z =... A $xz= D A&C'\n  - B B@& %v z =<<C DCBDC$<u A $xz= D A&C",
    0.00041
  ]
}