{
  "parameter(s)": [
    40,
    "ascending"
  ],
  "test_length_of_result": [
    "passed",
    "",
    0.00016
  ],
  "test_if_result_is_sorted": [
    "failed",
    "AssertionError: assert ['}', 'z', 'y...'w', 'v', ...] == ['%', '(', ')...',', '-', ...]\n  At index 0 diff: '}' != '%'\n  Full diff:\n    [\n  +  '}',\n  +  'z',\n  +  'y',\n  +  'x',...\n  \n  ...Full output truncated (76 lines hidden), use '-vv' to show",
    0.00049
  ],
  "test_strings_of_size_equal_to_40": [
    "failed",
    "AssertionError: assert ['}', '|', 'z...'v', 's', ...] == [' ', '%', '&...')', '+', ...]\n  At index 0 diff: '}' != ' '\n  Full diff:\n    [\n  +  '}',\n  +  '|',\n  +  'z',\n  +  'x',...\n  \n  ...Full output truncated (76 lines hidden), use '-vv' to show",
    0.00074
  ]
}