{
  "parameter(s)": [
    31,
    72
  ],
  "test_even_range": [
    "passed",
    "",
    0.00017
  ],
  "test_large_range": [
    "passed",
    "",
    0.00018
  ],
  "test_minimal_range": [
    "passed",
    "",
    0.00013
  ],
  "test_ones_range_sum": [
    "passed",
    "",
    0.00011
  ],
  "test_zero_range": [
    "failed",
    "AssertionError: assert [0, 0, 0, 0, 0, 0, ...] == []\n  Left contains 42 more items, first extra item: 0\n  Full diff:\n    [\n  -  ,\n  +  0,\n  ?  +\n  +  0,...\n  \n  ...Full output truncated (41 lines hidden), use '-vv' to show",
    0.00078
  ],
  "test_negative_range": [
    "failed",
    "AssertionError: assert [-31, -32, -3...-35, -36, ...] == []\n  Left contains 42 more items, first extra item: -31\n  Full diff:\n    [\n  -  ,\n  +  -31,\n  +  -32,\n  +  -33,...\n  \n  ...Full output truncated (40 lines hidden), use '-vv' to show",
    0.00071
  ]
}