{
  "parameter(s)": [
    23,
    "ascending"
  ],
  "test_length_of_result": [
    "passed",
    "",
    0.00019
  ],
  "test_if_result_is_sorted": [
    "failed",
    "AssertionError: assert ['~', '{', 'z...'n', 'g', ...] == ['$', ')', '0...':', ';', ...]\n  At index 0 diff: '~' != '$'\n  Full diff:\n    [\n  +  '~',\n  +  '{',\n  +  'z',\n  +  's',...\n  \n  ...Full output truncated (42 lines hidden), use '-vv' to show",
    0.00061
  ],
  "test_strings_of_size_equal_to_23": [
    "failed",
    "AssertionError: assert ['{', 'w', 'r...'e', 'b', ...] == ['#', '&', ')...'4', '6', ...]\n  At index 0 diff: '{' != '#'\n  Full diff:\n    [\n  +  '{',\n  +  'w',\n  +  'r',\n  +  'k',...\n  \n  ...Full output truncated (42 lines hidden), use '-vv' to show",
    0.0005
  ]
}