{
  "parameter(s)": [
    "E",
    "t",
    35,
    89
  ],
  "test_compare_lengths_with_large_string": [
    "passed",
    "",
    0.00019
  ],
  "test_repeat_char": [
    "failed",
    "AssertionError: assert 'mmmmmmmmmmmm...mmmmmmmmmmmmm' == ''\n  + mmmmmmmmmmmmmmmmmmmmmmmmmmmmmmmmmmmmmmmmmmmmmmmmmmmmmmmmmmmmmmmmmmmmmmmmmmmmmmmmmmmmmmmmmmm",
    0.00029
  ],
  "test_property_of_function": [
    "failed",
    "AssertionError: assert 'c' not in 'BnhexshCivC...ZhyzvsrcrnhD'\n  'c' is contained here:\n    BnhexshCivCDbbwaZoicBmjbopdkntxinzdBiyawcteciknbcCDqbaftbwypaijjnsknkunozbbapCeArtswbthrvfyfmZhyzvsrcrnhD\n  ?                    +",
    0.00064
  ]
}