{
  "parameter(s)": [
    24,
    "ascending"
  ],
  "test_length_of_result": [
    "passed",
    "",
    0.00024
  ],
  "test_if_result_is_sorted": [
    "failed",
    "AssertionError: assert ['}', '{', 'x...'n', 'm', ...] == ['(', '+', '-...'0', '7', ...]\n  At index 0 diff: '}' != '('\n  Full diff:\n    [\n  +  '}',\n  +  '{',\n  +  'x',\n  +  'r',...\n  \n  ...Full output truncated (44 lines hidden), use '-vv' to show",
    0.00088
  ],
  "test_strings_of_size_equal_to_24": [
    "failed",
    "AssertionError: assert ['y', 'r', 'q...'n', 'f', ...] == ['#', '&', '(...'8', ';', ...]\n  At index 0 diff: 'y' != '#'\n  Full diff:\n    [\n  +  'y',\n  +  'r',\n  +  'q',\n  +  'o',...\n  \n  ...Full output truncated (44 lines hidden), use '-vv' to show",
    0.00067
  ]
}