{
  "parameter(s)": [
    27,
    "descending"
  ],
  "test_length_of_result": [
    "passed",
    "",
    0.00013
  ],
  "test_if_result_is_sorted": [
    "failed",
    "AssertionError: assert ['$', '(', '*...'1', '4', ...] == ['t', 'r', 'p...'k', 'j', ...]\n  At index 0 diff: '$' != 't'\n  Full diff:\n    [\n  +  '$',\n  +  '(',\n  +  '*',\n  +  ',',...\n  \n  ...Full output truncated (50 lines hidden), use '-vv' to show",
    0.00049
  ],
  "test_strings_of_size_equal_to_27": [
    "failed",
    "AssertionError: assert ['%', '&', '*...'3', '9', ...] == ['~', '|', 'z...'s', 'm', ...]\n  At index 0 diff: '%' != '~'\n  Full diff:\n    [\n  +  '%',\n  +  '&',\n  +  '*',\n  +  '0',...\n  \n  ...Full output truncated (50 lines hidden), use '-vv' to show",
    0.00053
  ]
}