{
  "parameter(s)": [
    40,
    "ascending"
  ],
  "test_length_of_result": [
    "passed",
    "",
    0.0002
  ],
  "test_if_result_is_sorted": [
    "failed",
    "AssertionError: assert ['}', '{', 'z...'x', 'n', ...] == [',', '.', '0...'2', '3', ...]\n  At index 0 diff: '}' != ','\n  Full diff:\n    [\n  +  '}',\n  +  '{',\n  +  'z',\n  +  'y',...\n  \n  ...Full output truncated (76 lines hidden), use '-vv' to show",
    0.00077
  ],
  "test_strings_of_size_equal_to_40": [
    "failed",
    "AssertionError: assert ['~', '|', 'x...'t', 'r', ...] == [' ', '!', '$...'+', '3', ...]\n  At index 0 diff: '~' != ' '\n  Full diff:\n    [\n  +  '~',\n  +  '|',\n  +  'x',\n  +  'u',...\n  \n  ...Full output truncated (76 lines hidden), use '-vv' to show",
    0.00078
  ]
}