{
  "parameter(s)": [
    17,
    42,
    59
  ],
  "test_result_is_in_given_string": [
    "passed",
    "",
    0.00012
  ],
  "test_result_is_smaller": [
    "failed",
    "AssertionError: assert 7 == (18 - 17)\n +  where 18 = len('d&%Y`X>nAg/-tsM9@f')",
    0.0003
  ],
  "test_result_is_larger": [
    "failed",
    "assert 10 == (17 - 1)",
    0.0003
  ],
  "test_random_string": [
    "failed",
    "AssertionError: assert '[' == 'z'\n  - z\n  + [",
    0.00027
  ]
}