{
  "parameter(s)": [
    "-",
    "n",
    29,
    97
  ],
  "test_compare_lengths_with_large_string": [
    "passed",
    "",
    0.00013
  ],
  "test_repeat_char": [
    "passed",
    "",
    0.00016
  ],
  "test_property_of_function": [
    "failed",
    "AssertionError: assert 'f' not in 'CFGJOPQRTUXcdfmn'\n  'f' is contained here:\n    CFGJOPQRTUXcdfmn\n  ?              +",
    0.00038
  ],
  "test_chars_not_in_range": [
    "failed",
    "AssertionError: assert '' == 'y  x x vq  w...sro $q py  s '\n  - y  x x vq  w r %u* v %*% sro $q py  s",
    0.00024
  ]
}