{"category": "PytestAssertRewriteWarning", "filename": "/data/miniconda3/envs/benchmark/lib/python3.12/site-packages/_pytest/config/__init__.py", "lineno": 1277, "message": "Module already imported so cannot be rewritten: anyio", "$report_type": "WarningMessage", "when": "config", "location": ["/data/miniconda3/envs/benchmark/lib/python3.12/site-packages/_pytest/config/__init__.py", 1277, "_consider_importhook"]}
{"category": "PytestAssertRewriteWarning", "filename": "/data/miniconda3/envs/benchmark/lib/python3.12/site-packages/_pytest/config/__init__.py", "lineno": 1277, "message": "Module already imported so cannot be rewritten: anyio", "$report_type": "WarningMessage", "when": "config", "location": ["/data/miniconda3/envs/benchmark/lib/python3.12/site-packages/_pytest/config/__init__.py", 1277, "_consider_importhook"]}
{"pytest_version": "8.3.3", "$report_type": "SessionStart"}
{"nodeid": "tests52_54_5.py::test_string_of_many_chars", "location": ["tests52_54_5.py", 6, "test_string_of_many_chars"], "keywords": {"test_string_of_many_chars": 1, "tests52_54_5.py": 1, "Folder_54": 1, "": 1}, "outcome": "passed", "longrepr": null, "when": "setup", "user_properties": [], "sections": [], "duration": 9.564799984218553e-05, "start": 1738561252.5485365, "stop": 1738561252.5486326, "$report_type": "TestReport", "item_index": 0, "worker_id": "gw0", "testrun_uid": "9d0ff90bbe3a4db69a1562971e2f87fe", "node": "<WorkerController gw0>"}
{"nodeid": "tests52_54_5.py::test_string_of_many_chars", "location": ["tests52_54_5.py", 6, "test_string_of_many_chars"], "keywords": {"test_string_of_many_chars": 1, "tests52_54_5.py": 1, "Folder_54": 1, "": 1}, "outcome": "passed", "longrepr": null, "when": "call", "user_properties": [], "sections": [], "duration": 9.9788998340955e-05, "start": 1738561252.5487723, "stop": 1738561252.5488725, "extras": [], "$report_type": "TestReport", "item_index": 0, "worker_id": "gw0", "testrun_uid": "9d0ff90bbe3a4db69a1562971e2f87fe", "node": "<WorkerController gw0>"}
{"nodeid": "tests52_54_5.py::test_string_of_many_chars", "location": ["tests52_54_5.py", 6, "test_string_of_many_chars"], "keywords": {"test_string_of_many_chars": 1, "tests52_54_5.py": 1, "Folder_54": 1, "": 1}, "outcome": "passed", "longrepr": null, "when": "teardown", "user_properties": [], "sections": [], "duration": 6.073199983802624e-05, "start": 1738561252.5491047, "stop": 1738561252.5491655, "$report_type": "TestReport", "item_index": 0, "worker_id": "gw0", "testrun_uid": "9d0ff90bbe3a4db69a1562971e2f87fe", "node": "<WorkerController gw0>"}
{"nodeid": "tests52_54_5.py::test_string_of_spaces", "location": ["tests52_54_5.py", 11, "test_string_of_spaces"], "keywords": {"test_string_of_spaces": 1, "tests52_54_5.py": 1, "Folder_54": 1, "": 1}, "outcome": "passed", "longrepr": null, "when": "setup", "user_properties": [], "sections": [], "duration": 5.755900201620534e-05, "start": 1738561252.549455, "stop": 1738561252.5495126, "$report_type": "TestReport", "item_index": 1, "worker_id": "gw0", "testrun_uid": "9d0ff90bbe3a4db69a1562971e2f87fe", "node": "<WorkerController gw0>"}
{"nodeid": "tests52_54_5.py::test_string_of_spaces", "location": ["tests52_54_5.py", 11, "test_string_of_spaces"], "keywords": {"test_string_of_spaces": 1, "tests52_54_5.py": 1, "Folder_54": 1, "": 1}, "outcome": "failed", "longrepr": {"reprcrash": {"path": "/data/ASE2024_GitHub/Turbulence-Benchmark-main/Dolphin_T_0/Q52/dolphin2_9_2_results_5/Folder_54/tests52_54_5.py", "lineno": 14, "message": "AssertionError: assert not {'                                                                                     ', '                                                                                      ', '                                                                                       ', '                                                                                        ', '                                                                                         ', '                                                                                          ', ...}\n +  where {'                                                                                     ', '                                                                                      ', '                                                                                       ', '                                                                                        ', '                                                                                         ', '                                                                                          ', ...} = palindrome_of_length_n('                                                                                                                                                                          ')"}, "reprtraceback": {"reprentries": [{"type": "ReprEntry", "data": {"lines": ["    def test_string_of_spaces():", "        s = ' ' * (85 * 2)", ">       assert not palindrome_of_length_n(s)", "E       AssertionError: assert not {'                                                                                     ', '                                                                                      ', '                                                                                       ', '                                                                                        ', '                                                                                         ', '                                                                                          ', ...}", "E        +  where {'                                                                                     ', '                                                                                      ', '                                                                                       ', '                                                                                        ', '                                                                                         ', '                                                                                          ', ...} = palindrome_of_length_n('                                                                                                                                                                          ')"], "reprfuncargs": {"args": []}, "reprlocals": null, "reprfileloc": {"path": "Q52/dolphin2_9_2_results_5/Folder_54/tests52_54_5.py", "lineno": 14, "message": "AssertionError"}, "style": "long"}}], "extraline": null, "style": "long"}, "sections": [], "chain": [[{"reprentries": [{"type": "ReprEntry", "data": {"lines": ["    def test_string_of_spaces():", "        s = ' ' * (85 * 2)", ">       assert not palindrome_of_length_n(s)", "E       AssertionError: assert not {'                                                                                     ', '                                                                                      ', '                                                                                       ', '                                                                                        ', '                                                                                         ', '                                                                                          ', ...}", "E        +  where {'                                                                                     ', '                                                                                      ', '                                                                                       ', '                                                                                        ', '                                                                                         ', '                                                                                          ', ...} = palindrome_of_length_n('                                                                                                                                                                          ')"], "reprfuncargs": {"args": []}, "reprlocals": null, "reprfileloc": {"path": "Q52/dolphin2_9_2_results_5/Folder_54/tests52_54_5.py", "lineno": 14, "message": "AssertionError"}, "style": "long"}}], "extraline": null, "style": "long"}, {"path": "/data/ASE2024_GitHub/Turbulence-Benchmark-main/Dolphin_T_0/Q52/dolphin2_9_2_results_5/Folder_54/tests52_54_5.py", "lineno": 14, "message": "AssertionError: assert not {'                                                                                     ', '                                                                                      ', '                                                                                       ', '                                                                                        ', '                                                                                         ', '                                                                                          ', ...}\n +  where {'                                                                                     ', '                                                                                      ', '                                                                                       ', '                                                                                        ', '                                                                                         ', '                                                                                          ', ...} = palindrome_of_length_n('                                                                                                                                                                          ')"}, null]]}, "when": "call", "user_properties": [], "sections": [], "duration": 0.0007920329990156461, "start": 1738561252.5495822, "stop": 1738561252.5503747, "extras": [], "$report_type": "TestReport", "item_index": 1, "worker_id": "gw0", "testrun_uid": "9d0ff90bbe3a4db69a1562971e2f87fe", "node": "<WorkerController gw0>"}
{"nodeid": "tests52_54_5.py::test_string_of_spaces", "location": ["tests52_54_5.py", 11, "test_string_of_spaces"], "keywords": {"test_string_of_spaces": 1, "tests52_54_5.py": 1, "Folder_54": 1, "": 1}, "outcome": "passed", "longrepr": null, "when": "teardown", "user_properties": [], "sections": [], "duration": 0.00010283499796059914, "start": 1738561252.5615466, "stop": 1738561252.56165, "$report_type": "TestReport", "item_index": 1, "worker_id": "gw0", "testrun_uid": "9d0ff90bbe3a4db69a1562971e2f87fe", "node": "<WorkerController gw0>"}
{"exitstatus": 2, "$report_type": "SessionFinish"}
