{
  "parameter(s)": [
    "c",
    "n",
    13,
    28
  ],
  "test_compare_lengths_with_large_string": [
    "passed",
    "",
    0.00011
  ],
  "test_repeat_char": [
    "failed",
    "AssertionError: assert 'mmmmmmmmmmmmmm' == ''\n  + mmmmmmmmmmmmmm",
    0.00036
  ],
  "test_property_of_function": [
    "failed",
    "AssertionError: assert 'n' not in 'plUJTJNZwcF...pQIroLnGpOJX'\n  'n' is contained here:\n    plUJTJNZwcFELRGELzIxrbRFqGdsIuwSPARQeXppQIroLnGpOJX\n  ?                                              +",
    0.00047
  ]
}