{
  "parameter(s)": [
    "S",
    "{",
    19,
    33
  ],
  "test_compare_lengths_with_large_string": [
    "passed",
    "",
    9e-05
  ],
  "test_repeat_char": [
    "failed",
    "AssertionError: assert 'mmmmmmmmmmmm...mmmmmmmmmmmmm' == ''\n  + mmmmmmmmmmmmmmmmmmmmmmmmmmmmmmmmmmm",
    0.00023
  ],
  "test_property_of_function": [
    "failed",
    "AssertionError: assert 'T' not in 'tDqNmpHwJpK...GLVLesjAdpeP'\n  'T' is contained here:\n    tDqNmpHwJpKcATQAYIsTqBTwEAjKormtDiMygbGLVLesjAdpeP\n  ?              +",
    0.00041
  ]
}