{
  "parameter(s)": [
    66,
    93
  ],
  "test_lengths": [
    "passed",
    "",
    0.0001
  ],
  "test_sums": [
    "passed",
    "",
    8e-05
  ],
  "test_even_range": [
    "failed",
    "AssertionError: assert [130, 132, 13...138, 140, ...] == [132, 134, 13...140, 142, ...]\n  At index 0 diff: 130 != 132\n  Left contains one more item: 186\n  Full diff:\n    [\n  +  130,\n     132,\n     134,...\n  \n  ...Full output truncated (27 lines hidden), use '-vv' to show",
    0.00043
  ],
  "test_large_range": [
    "failed",
    "AssertionError: assert [65, 66, 67, 68, 69, 70, ...] == [66, 67, 68, 69, 70, 71, ...]\n  At index 0 diff: 65 != 66\n  Left contains one more item: 93\n  Full diff:\n    [\n  +  65,\n     66,\n     67,...\n  \n  ...Full output truncated (27 lines hidden), use '-vv' to show",
    0.00067
  ],
  "test_list_concat": [
    "failed",
    "AssertionError: assert [0, 1, 2, 3, 4, 5, ...] == [0, 1, 2, 3, 4, 5, ...]\n  At index 66 diff: 65 != 66\n  Left contains one more item: 939\n  Full diff:\n    [\n     0,\n     1,\n     2,...\n  \n  ...Full output truncated (939 lines hidden), use '-vv' to show",
    0.0046
  ]
}