{
  "parameter(s)": [
    "Y",
    "s",
    3,
    5
  ],
  "test_property_of_function": [
    "passed",
    "",
    0.00023
  ],
  "test_compare_lengths_with_large_string": [
    "passed",
    "",
    0.00032
  ],
  "test_repeat_char": [
    "failed",
    "AssertionError: assert not 'mmmmm'\n +  where 'mmmmm' = filter_chars('mmmmmmm')",
    0.00022
  ],
  "test_chars_in_range": [
    "failed",
    "AssertionError: assert 'm' not in 'mphZZmlq\\\\ipic'\n  'm' is contained here:\n    mphZZmlq\\ipic\n  ? +",
    0.00027
  ]
}