{
  "parameter(s)": [
    3
  ],
  "test_one_character_string": [
    "passed",
    "",
    0.00016
  ],
  "test_length_of_substring_result": [
    "passed",
    "",
    9e-05
  ],
  "test_same_character_string": [
    "failed",
    "AssertionError: assert not ['a']\n +  where ['a'] = all_substring_of_size_n('aaa')",
    0.00026
  ],
  "test_string_of_same_character": [
    "failed",
    "AssertionError: assert not [' ', ' ', ' ', ' ']\n +  where [' ', ' ', ' ', ' '] = all_substring_of_size_n('            ')",
    0.00024
  ]
}