{
  "parameter(s)": [
    "G",
    "p",
    5,
    6
  ],
  "test_compare_lengths_with_large_string": [
    "passed",
    "",
    0.00012
  ],
  "test_repeat_char": [
    "failed",
    "AssertionError: assert 'mmmmmm' == ''\n  + mmmmmm",
    0.00023
  ],
  "test_property_of_function": [
    "failed",
    "AssertionError: assert 'n' not in 'CKRVRAnkta'\n  'n' is contained here:\n    CKRVRAnkta\n  ?       +",
    0.0003
  ]
}