{
  "parameter(s)": [
    "G",
    "p",
    5,
    6
  ],
  "test_property_of_function": [
    "passed",
    "",
    0.00017
  ],
  "test_compare_lengths_with_large_string": [
    "failed",
    "ValueError: substring not found",
    0.00026
  ],
  "test_repeat_char": [
    "failed",
    "AssertionError: assert 'mmmmmmmm' == ''\n  + mmmmmmmm",
    0.00033
  ],
  "test_chars_in_range": [
    "failed",
    "AssertionError: assert 'GGGGGG' == ''\n  + GGGGGG",
    0.00026
  ]
}