{"category": "PytestAssertRewriteWarning", "filename": "/data/miniconda3/envs/benchmark/lib/python3.12/site-packages/_pytest/config/__init__.py", "lineno": 1277, "message": "Module already imported so cannot be rewritten: anyio", "$report_type": "WarningMessage", "when": "config", "location": ["/data/miniconda3/envs/benchmark/lib/python3.12/site-packages/_pytest/config/__init__.py", 1277, "_consider_importhook"]}
{"category": "PytestAssertRewriteWarning", "filename": "/data/miniconda3/envs/benchmark/lib/python3.12/site-packages/_pytest/config/__init__.py", "lineno": 1277, "message": "Module already imported so cannot be rewritten: anyio", "$report_type": "WarningMessage", "when": "config", "location": ["/data/miniconda3/envs/benchmark/lib/python3.12/site-packages/_pytest/config/__init__.py", 1277, "_consider_importhook"]}
{"pytest_version": "8.3.3", "$report_type": "SessionStart"}
{"nodeid": "tests53_28_5.py::test_string_of_similar_chars_of_length_42", "location": ["tests53_28_5.py", 5, "test_string_of_similar_chars_of_length_42"], "keywords": {"test_string_of_similar_chars_of_length_42": 1, "tests53_28_5.py": 1, "Folder_28": 1, "": 1}, "outcome": "passed", "longrepr": null, "when": "setup", "user_properties": [], "sections": [], "duration": 9.199899795930833e-05, "start": 1738556573.6654036, "stop": 1738556573.665496, "$report_type": "TestReport", "item_index": 0, "worker_id": "gw0", "testrun_uid": "7526ccc8a4bd474db1866f8c4f852081", "node": "<WorkerController gw0>"}
{"nodeid": "tests53_28_5.py::test_string_of_similar_chars_of_length_42", "location": ["tests53_28_5.py", 5, "test_string_of_similar_chars_of_length_42"], "keywords": {"test_string_of_similar_chars_of_length_42": 1, "tests53_28_5.py": 1, "Folder_28": 1, "": 1}, "outcome": "failed", "longrepr": {"reprcrash": {"path": "/data/ASE2024_GitHub/Turbulence-Benchmark-main/Dolphin_T_D/Q53/dolphin2_9_2_results_5/Folder_28/tests53_28_5.py", "lineno": 8, "message": "AssertionError: assert {'aaaa', 'aaa...aaaaaaa', ...} == {'aaaaaaaaaaa...aaaaaaaaaaaa'}\n  \n  Extra items in the left set:\n  'aaaaa'\n  'aaaaaaaaaaaaaaaaaaaaaaaaaaaaaaaaaaaaaaaaa'\n  'aaaaaaaaaaaaaaaaaaaaaaaaaaaaaaaaaaa'\n  'aaaaaaaaaaaaaaaaaaaaaaaaaaaa'\n  'aaaaaaaaaaaaaaaaaaaaaaaaaaaaaaaaaaaaaaaa'...\n  \n  ...Full output truncated (76 lines hidden), use '-vv' to show"}, "reprtraceback": {"reprentries": [{"type": "ReprEntry", "data": {"lines": ["    def test_string_of_similar_chars_of_length_42():", "        s = ''.join('a' for _ in range(42))", ">       assert palindrome_of_length_at_least_n(s) == {s}", "E       AssertionError: assert {'aaaa', 'aaa...aaaaaaa', ...} == {'aaaaaaaaaaa...aaaaaaaaaaaa'}", "E         ", "E         Extra items in the left set:", "E         'aaaaa'", "E         'aaaaaaaaaaaaaaaaaaaaaaaaaaaaaaaaaaaaaaaaa'", "E         'aaaaaaaaaaaaaaaaaaaaaaaaaaaaaaaaaaa'", "E         'aaaaaaaaaaaaaaaaaaaaaaaaaaaa'", "E         'aaaaaaaaaaaaaaaaaaaaaaaaaaaaaaaaaaaaaaaa'...", "E         ", "E         ...Full output truncated (76 lines hidden), use '-vv' to show"], "reprfuncargs": {"args": []}, "reprlocals": null, "reprfileloc": {"path": "Q53/dolphin2_9_2_results_5/Folder_28/tests53_28_5.py", "lineno": 8, "message": "AssertionError"}, "style": "long"}}], "extraline": null, "style": "long"}, "sections": [], "chain": [[{"reprentries": [{"type": "ReprEntry", "data": {"lines": ["    def test_string_of_similar_chars_of_length_42():", "        s = ''.join('a' for _ in range(42))", ">       assert palindrome_of_length_at_least_n(s) == {s}", "E       AssertionError: assert {'aaaa', 'aaa...aaaaaaa', ...} == {'aaaaaaaaaaa...aaaaaaaaaaaa'}", "E         ", "E         Extra items in the left set:", "E         'aaaaa'", "E         'aaaaaaaaaaaaaaaaaaaaaaaaaaaaaaaaaaaaaaaaa'", "E         'aaaaaaaaaaaaaaaaaaaaaaaaaaaaaaaaaaa'", "E         'aaaaaaaaaaaaaaaaaaaaaaaaaaaa'", "E         'aaaaaaaaaaaaaaaaaaaaaaaaaaaaaaaaaaaaaaaa'...", "E         ", "E         ...Full output truncated (76 lines hidden), use '-vv' to show"], "reprfuncargs": {"args": []}, "reprlocals": null, "reprfileloc": {"path": "Q53/dolphin2_9_2_results_5/Folder_28/tests53_28_5.py", "lineno": 8, "message": "AssertionError"}, "style": "long"}}], "extraline": null, "style": "long"}, {"path": "/data/ASE2024_GitHub/Turbulence-Benchmark-main/Dolphin_T_D/Q53/dolphin2_9_2_results_5/Folder_28/tests53_28_5.py", "lineno": 8, "message": "AssertionError: assert {'aaaa', 'aaa...aaaaaaa', ...} == {'aaaaaaaaaaa...aaaaaaaaaaaa'}\n  \n  Extra items in the left set:\n  'aaaaa'\n  'aaaaaaaaaaaaaaaaaaaaaaaaaaaaaaaaaaaaaaaaa'\n  'aaaaaaaaaaaaaaaaaaaaaaaaaaaaaaaaaaa'\n  'aaaaaaaaaaaaaaaaaaaaaaaaaaaa'\n  'aaaaaaaaaaaaaaaaaaaaaaaaaaaaaaaaaaaaaaaa'...\n  \n  ...Full output truncated (76 lines hidden), use '-vv' to show"}, null]]}, "when": "call", "user_properties": [], "sections": [], "duration": 0.0005078139984107111, "start": 1738556573.665621, "stop": 1738556573.666129, "extras": [], "$report_type": "TestReport", "item_index": 0, "worker_id": "gw0", "testrun_uid": "7526ccc8a4bd474db1866f8c4f852081", "node": "<WorkerController gw0>"}
{"nodeid": "tests53_28_5.py::test_string_of_similar_chars_of_length_42", "location": ["tests53_28_5.py", 5, "test_string_of_similar_chars_of_length_42"], "keywords": {"test_string_of_similar_chars_of_length_42": 1, "tests53_28_5.py": 1, "Folder_28": 1, "": 1}, "outcome": "passed", "longrepr": null, "when": "teardown", "user_properties": [], "sections": [], "duration": 7.838399687898345e-05, "start": 1738556573.6744072, "stop": 1738556573.6744857, "$report_type": "TestReport", "item_index": 0, "worker_id": "gw0", "testrun_uid": "7526ccc8a4bd474db1866f8c4f852081", "node": "<WorkerController gw0>"}
{"exitstatus": 2, "$report_type": "SessionFinish"}
