{
  "parameter(s)": [
    19,
    32
  ],
  "test_merged_strings": [
    "failed",
    "AssertionError: assert 'ab' == 'bbbbbbbbbbbb...bbbbbbbbbbbbb'\n  - bbbbbbbbbbbbbbbbbbbbbbbbbbbbbbbb\n  + ab",
    0.00042
  ],
  "test_repeat_char": [
    "failed",
    "AssertionError: assert not 'a'\n +  where 'a' = remove_repeat_chars('aaaaaaaaaaaaaaaaaaaaaaaaaaaaaaaaaa')",
    0.00037
  ],
  "test_absence_of_duplicates": [
    "failed",
    "AssertionError: assert 'K' not in 'RBnQkQIcmWT...SpTfUlRioVxR'\n  'K' is contained here:\n    RBnQkQIcmWTwMuaswkNdRlKqonPEKxigPVxbyUjzyEUHnedfWxrSpTfUlRioVxR\n  ?                       +",
    0.00054
  ]
}