{"category": "PytestAssertRewriteWarning", "filename": "/data/miniconda3/envs/benchmark/lib/python3.12/site-packages/_pytest/config/__init__.py", "lineno": 1277, "message": "Module already imported so cannot be rewritten: anyio", "$report_type": "WarningMessage", "when": "config", "location": ["/data/miniconda3/envs/benchmark/lib/python3.12/site-packages/_pytest/config/__init__.py", 1277, "_consider_importhook"]}
{"category": "PytestAssertRewriteWarning", "filename": "/data/miniconda3/envs/benchmark/lib/python3.12/site-packages/_pytest/config/__init__.py", "lineno": 1277, "message": "Module already imported so cannot be rewritten: anyio", "$report_type": "WarningMessage", "when": "config", "location": ["/data/miniconda3/envs/benchmark/lib/python3.12/site-packages/_pytest/config/__init__.py", 1277, "_consider_importhook"]}
{"pytest_version": "8.3.3", "$report_type": "SessionStart"}
{"nodeid": "tests52_90_5.py::test_string_of_many_chars", "location": ["tests52_90_5.py", 6, "test_string_of_many_chars"], "keywords": {"test_string_of_many_chars": 1, "tests52_90_5.py": 1, "Folder_90": 1, "": 1}, "outcome": "passed", "longrepr": null, "when": "setup", "user_properties": [], "sections": [], "duration": 8.980371057987213e-05, "start": 1738458845.5476627, "stop": 1738458845.5477526, "$report_type": "TestReport", "item_index": 0, "worker_id": "gw0", "testrun_uid": "35414233753a4f4287cbd87fea3f2df1", "node": "<WorkerController gw0>"}
{"nodeid": "tests52_90_5.py::test_string_of_many_chars", "location": ["tests52_90_5.py", 6, "test_string_of_many_chars"], "keywords": {"test_string_of_many_chars": 1, "tests52_90_5.py": 1, "Folder_90": 1, "": 1}, "outcome": "passed", "longrepr": null, "when": "call", "user_properties": [], "sections": [], "duration": 8.779950439929962e-05, "start": 1738458845.547881, "stop": 1738458845.547969, "extras": [], "$report_type": "TestReport", "item_index": 0, "worker_id": "gw0", "testrun_uid": "35414233753a4f4287cbd87fea3f2df1", "node": "<WorkerController gw0>"}
{"nodeid": "tests52_90_5.py::test_string_of_many_chars", "location": ["tests52_90_5.py", 6, "test_string_of_many_chars"], "keywords": {"test_string_of_many_chars": 1, "tests52_90_5.py": 1, "Folder_90": 1, "": 1}, "outcome": "passed", "longrepr": null, "when": "teardown", "user_properties": [], "sections": [], "duration": 5.3241848945617676e-05, "start": 1738458845.548173, "stop": 1738458845.5482266, "$report_type": "TestReport", "item_index": 0, "worker_id": "gw0", "testrun_uid": "35414233753a4f4287cbd87fea3f2df1", "node": "<WorkerController gw0>"}
{"nodeid": "tests52_90_5.py::test_string_of_spaces", "location": ["tests52_90_5.py", 11, "test_string_of_spaces"], "keywords": {"test_string_of_spaces": 1, "tests52_90_5.py": 1, "Folder_90": 1, "": 1}, "outcome": "passed", "longrepr": null, "when": "setup", "user_properties": [], "sections": [], "duration": 5.487818270921707e-05, "start": 1738458845.5484917, "stop": 1738458845.5485468, "$report_type": "TestReport", "item_index": 1, "worker_id": "gw0", "testrun_uid": "35414233753a4f4287cbd87fea3f2df1", "node": "<WorkerController gw0>"}
{"nodeid": "tests52_90_5.py::test_string_of_spaces", "location": ["tests52_90_5.py", 11, "test_string_of_spaces"], "keywords": {"test_string_of_spaces": 1, "tests52_90_5.py": 1, "Folder_90": 1, "": 1}, "outcome": "failed", "longrepr": {"reprcrash": {"path": "/data/ASE2024_GitHub/Turbulence-Benchmark-main/Phi3_T_D/Q52/Phi_3_results_5/Folder_90/tests52_90_5.py", "lineno": 14, "message": "AssertionError: assert not {'                                                                                                                                                                                                                                                                                                                              '}\n +  where {'                                                                                                                                                                                                                                                                                                                              '} = palindrome_of_length_n('                                                                                                                                                                                                                                                                                                                                                                                                                                                                                                                                                                                                                                                            ')"}, "reprtraceback": {"reprentries": [{"type": "ReprEntry", "data": {"lines": ["    def test_string_of_spaces():", "        s = ' ' * (318 * 2)", ">       assert not palindrome_of_length_n(s)", "E       AssertionError: assert not {'                                                                                                                                                                                                                                                                                                                              '}", "E        +  where {'                                                                                                                                                                                                                                                                                                                              '} = palindrome_of_length_n('                                                                                                                                                                                                                                                                                                                                                                                                                                                                                                                                                                                                                                                            ')"], "reprfuncargs": {"args": []}, "reprlocals": null, "reprfileloc": {"path": "Q52/Phi_3_results_5/Folder_90/tests52_90_5.py", "lineno": 14, "message": "AssertionError"}, "style": "long"}}], "extraline": null, "style": "long"}, "sections": [], "chain": [[{"reprentries": [{"type": "ReprEntry", "data": {"lines": ["    def test_string_of_spaces():", "        s = ' ' * (318 * 2)", ">       assert not palindrome_of_length_n(s)", "E       AssertionError: assert not {'                                                                                                                                                                                                                                                                                                                              '}", "E        +  where {'                                                                                                                                                                                                                                                                                                                              '} = palindrome_of_length_n('                                                                                                                                                                                                                                                                                                                                                                                                                                                                                                                                                                                                                                                            ')"], "reprfuncargs": {"args": []}, "reprlocals": null, "reprfileloc": {"path": "Q52/Phi_3_results_5/Folder_90/tests52_90_5.py", "lineno": 14, "message": "AssertionError"}, "style": "long"}}], "extraline": null, "style": "long"}, {"path": "/data/ASE2024_GitHub/Turbulence-Benchmark-main/Phi3_T_D/Q52/Phi_3_results_5/Folder_90/tests52_90_5.py", "lineno": 14, "message": "AssertionError: assert not {'                                                                                                                                                                                                                                                                                                                              '}\n +  where {'                                                                                                                                                                                                                                                                                                                              '} = palindrome_of_length_n('                                                                                                                                                                                                                                                                                                                                                                                                                                                                                                                                                                                                                                                            ')"}, null]]}, "when": "call", "user_properties": [], "sections": [], "duration": 0.0002542659640312195, "start": 1738458845.548613, "stop": 1738458845.5488677, "extras": [], "$report_type": "TestReport", "item_index": 1, "worker_id": "gw0", "testrun_uid": "35414233753a4f4287cbd87fea3f2df1", "node": "<WorkerController gw0>"}
{"nodeid": "tests52_90_5.py::test_string_of_spaces", "location": ["tests52_90_5.py", 11, "test_string_of_spaces"], "keywords": {"test_string_of_spaces": 1, "tests52_90_5.py": 1, "Folder_90": 1, "": 1}, "outcome": "passed", "longrepr": null, "when": "teardown", "user_properties": [], "sections": [], "duration": 9.869132190942764e-05, "start": 1738458845.5571005, "stop": 1738458845.5571997, "$report_type": "TestReport", "item_index": 1, "worker_id": "gw0", "testrun_uid": "35414233753a4f4287cbd87fea3f2df1", "node": "<WorkerController gw0>"}
{"exitstatus": 2, "$report_type": "SessionFinish"}
