{
  "parameter(s)": [
    34,
    "ascending"
  ],
  "test_length_of_result": [
    "passed",
    "",
    0.00017
  ],
  "test_if_result_is_sorted": [
    "failed",
    "AssertionError: assert ['|', 'y', 'x...'q', 'l', ...] == ['+', ',', '/...'5', '7', ...]\n  At index 0 diff: '|' != '+'\n  Full diff:\n    [\n  +  '|',\n  +  'y',\n  +  'x',\n  +  'w',...\n  \n  ...Full output truncated (64 lines hidden), use '-vv' to show",
    0.00077
  ],
  "test_strings_of_size_equal_to_34": [
    "failed",
    "AssertionError: assert ['~', '}', 'u...'s', 'p', ...] == ['!', '$', '%...'4', '6', ...]\n  At index 0 diff: '~' != '!'\n  Full diff:\n    [\n  +  '~',\n  +  '}',\n  +  'u',\n  +  't',...\n  \n  ...Full output truncated (64 lines hidden), use '-vv' to show",
    0.00062
  ]
}