{
  "parameter(s)": [
    29,
    53
  ],
  "test_lengths": [
    "passed",
    "",
    0.0001
  ],
  "test_sums": [
    "passed",
    "",
    8e-05
  ],
  "test_even_range": [
    "failed",
    "AssertionError: assert [60, 62, 64, 66, 68, 70, ...] == [60, 62, 64, 66, 68, 70, ...]\n  Right contains one more item: 104\n  Full diff:\n    [\n     60,\n     62,\n     64,\n     66,...\n  \n  ...Full output truncated (20 lines hidden), use '-vv' to show",
    0.00042
  ],
  "test_large_range": [
    "failed",
    "AssertionError: assert [30, 31, 32, 33, 34, 35, ...] == [30, 31, 32, 33, 34, 35, ...]\n  Right contains one more item: 52\n  Full diff:\n    [\n     30,\n     31,\n     32,\n     33,...\n  \n  ...Full output truncated (20 lines hidden), use '-vv' to show",
    0.00052
  ],
  "test_list_concat": [
    "failed",
    "AssertionError: assert [0, 1, 2, 3, 4, 5, ...] == [0, 1, 2, 3, 4, 5, ...]\n  At index 52 diff: 53 != 52\n  Right contains one more item: 539\n  Full diff:\n    [\n     0,\n     1,\n     2,...\n  \n  ...Full output truncated (538 lines hidden), use '-vv' to show",
    0.00294
  ]
}