{
  "parameter(s)": [
    43,
    "ascending"
  ],
  "test_length_of_result": [
    "passed",
    "",
    0.00016
  ],
  "test_if_result_is_sorted": [
    "failed",
    "AssertionError: assert ['~', '}', 'x...'s', 'r', ...] == ['%', '*', '-...'4', '6', ...]\n  At index 0 diff: '~' != '%'\n  Full diff:\n    [\n  +  '~',\n  +  '}',\n  +  'x',\n  +  'w',...\n  \n  ...Full output truncated (82 lines hidden), use '-vv' to show",
    0.00044
  ],
  "test_strings_of_size_equal_to_43": [
    "failed",
    "AssertionError: assert ['z', 'y', 'v...'t', 'q', ...] == [' ', '!', '$...')', '*', ...]\n  At index 0 diff: 'z' != ' '\n  Full diff:\n    [\n  +  'z',\n  +  'y',\n  +  'v',\n  +  'u',...\n  \n  ...Full output truncated (82 lines hidden), use '-vv' to show",
    0.00063
  ]
}