{
  "parameter(s)": [
    10
  ],
  "test_one_character_string": [
    "passed",
    "",
    0.00016
  ],
  "test_length_of_substring_result": [
    "passed",
    "",
    0.0001
  ],
  "test_string_of_same_character": [
    "failed",
    "AssertionError: assert not ['          ']\n +  where ['          '] = all_substring_of_size_n('                   ')",
    0.00035
  ],
  "test_same_character_string": [
    "failed",
    "AssertionError: assert not ['aaaaaaaaaa']\n +  where ['aaaaaaaaaa'] = all_substring_of_size_n('aaaaaaaaaa')",
    0.00325
  ]
}