{
  "parameter(s)": [
    38,
    52
  ],
  "test_absence_of_duplicates": [
    "failed",
    "AssertionError: assert 'v' not in 'xvxTdZjOEqs...wuuYwshRatgK'\n  'v' is contained here:\n    xvxTdZjOEqsvpsFKWUyIFGdEacjFLRkEvkoiBqvOvMHeBjrbgTlANgnLphqEAXcBVIvoKuqiFbqEqzDbrhPwuuYwshRatgK\n  ?  +",
    0.00045
  ],
  "test_merged_strings": [
    "failed",
    "AssertionError: assert 'aaaaaaaaaaaa...bbbbbbbbbbbbb' == 'bbbbbbbbbbbb...bbbbbbbbbbbbb'\n  - bbbbbbbbbbbbbbbbbbbbbbbbbbbbbbbbbbbbbbbbbbbbbbbbbbbb\n  + aaaaaaaaaaaaaaaaaaaaaaaaaaaaaaaaaaaaaaaaaaaaaabbbbbbbbbbbbbbbbbbbbbbbbbbbbbbbbbbbbbbbbbbbbbb",
    0.00037
  ],
  "test_repeat_char": [
    "failed",
    "IndexError: string index out of range",
    0.00017
  ]
}