{
  "parameter(s)": [
    141,
    925
  ],
  "test_lengths": [
    "passed",
    "",
    0.0001
  ],
  "test_sums": [
    "passed",
    "",
    8e-05
  ],
  "test_even_range": [
    "failed",
    "AssertionError: assert [284, 286, 28...292, 294, ...] == [284, 286, 28...292, 294, ...]\n  Right contains one more item: 1848\n  Full diff:\n    [\n     284,\n     286,\n     288,\n     290,...\n  \n  ...Full output truncated (780 lines hidden), use '-vv' to show",
    0.00242
  ],
  "test_large_range": [
    "failed",
    "AssertionError: assert [142, 143, 14...146, 147, ...] == [142, 143, 14...146, 147, ...]\n  Right contains one more item: 924\n  Full diff:\n    [\n     142,\n     143,\n     144,\n     145,...\n  \n  ...Full output truncated (780 lines hidden), use '-vv' to show",
    0.00267
  ],
  "test_list_concat": [
    "failed",
    "AssertionError: assert [0, 1, 2, 3, 4, 5, ...] == [0, 1, 2, 3, 4, 5, ...]\n  At index 924 diff: 925 != 924\n  Right contains one more item: 9259\n  Full diff:\n    [\n     0,\n     1,\n     2,...\n  \n  ...Full output truncated (9258 lines hidden), use '-vv' to show",
    0.02663
  ]
}