{
  "parameter(s)": [
    "$",
    "?",
    0,
    3
  ],
  "test_repeat_char": [
    "passed",
    "",
    0.00013
  ],
  "test_compare_lengths_with_large_string": [
    "passed",
    "",
    0.0001
  ],
  "test_property_of_function": [
    "passed",
    "",
    0.00016
  ],
  "test_chars_not_in_range": [
    "failed",
    "AssertionError: assert '$$$$$$py$$ $d' == '$BFOBQpyN$ Ud'\n  - $BFOBQpyN$ Ud\n  + $$$$$$py$$ $d",
    0.00022
  ],
  "test_chars_in_range": [
    "failed",
    "AssertionError: assert '5' not in '.573.02>9>6=='\n  '5' is contained here:\n    .573.02>9>6==\n  ?  +",
    0.0003
  ]
}