{"category": "PytestAssertRewriteWarning", "filename": "/data/miniconda3/envs/benchmark/lib/python3.12/site-packages/_pytest/config/__init__.py", "lineno": 1277, "message": "Module already imported so cannot be rewritten: anyio", "$report_type": "WarningMessage", "when": "config", "location": ["/data/miniconda3/envs/benchmark/lib/python3.12/site-packages/_pytest/config/__init__.py", 1277, "_consider_importhook"]}
{"category": "PytestAssertRewriteWarning", "filename": "/data/miniconda3/envs/benchmark/lib/python3.12/site-packages/_pytest/config/__init__.py", "lineno": 1277, "message": "Module already imported so cannot be rewritten: anyio", "$report_type": "WarningMessage", "when": "config", "location": ["/data/miniconda3/envs/benchmark/lib/python3.12/site-packages/_pytest/config/__init__.py", 1277, "_consider_importhook"]}
{"pytest_version": "8.3.3", "$report_type": "SessionStart"}
{"nodeid": "tests53_48_1.py::test_string_of_similar_chars_of_length_150", "location": ["tests53_48_1.py", 5, "test_string_of_similar_chars_of_length_150"], "keywords": {"test_string_of_similar_chars_of_length_150": 1, "tests53_48_1.py": 1, "Folder_48": 1, "": 1}, "outcome": "passed", "longrepr": null, "when": "setup", "user_properties": [], "sections": [], "duration": 0.00010320799992769025, "start": 1738556288.9147463, "stop": 1738556288.91485, "$report_type": "TestReport", "item_index": 0, "worker_id": "gw0", "testrun_uid": "fc6c633689b54849adf2e1d0736cde4f", "node": "<WorkerController gw0>"}
{"nodeid": "tests53_48_1.py::test_string_of_similar_chars_of_length_150", "location": ["tests53_48_1.py", 5, "test_string_of_similar_chars_of_length_150"], "keywords": {"test_string_of_similar_chars_of_length_150": 1, "tests53_48_1.py": 1, "Folder_48": 1, "": 1}, "outcome": "failed", "longrepr": {"reprcrash": {"path": "/data/ASE2024_GitHub/Turbulence-Benchmark-main/Dolphin_T_D/Q53/dolphin2_9_2_results_1/Folder_48/tests53_48_1.py", "lineno": 8, "message": "AssertionError: assert set() == {'aaaaaaaaaaa...aaaaaaaaaaaa'}\n  \n  Extra items in the right set:\n  'aaaaaaaaaaaaaaaaaaaaaaaaaaaaaaaaaaaaaaaaaaaaaaaaaaaaaaaaaaaaaaaaaaaaaaaaaaaaaaaaaaaaaaaaaaaaaaaaaaaaaaaaaaaaaaaaaaaaaaaaaaaaaaaaaaaaaaaaaaaaaaaaaaaaaa'\n  \n  Full diff:\n  + set()\n  - {\n  -     'aaaaaaaaaaaaaaaaaaaaaaaaaaaaaaaaaaaaaaaaaaaaaaaaaaaaaaaaaaaaaaaaaaaaaaaaaaaaaaaaaaaaaaaaaaaaaaaaaaaaaaaaaaaaaaaaaaaaaaaaaaaaaaaaaaaaaaaaaaaaaaaaaaaaaa',\n  - }"}, "reprtraceback": {"reprentries": [{"type": "ReprEntry", "data": {"lines": ["    def test_string_of_similar_chars_of_length_150():", "        s = ''.join('a' for _ in range(150))", ">       assert palindrome_of_length_at_least_n(s) == {s}", "E       AssertionError: assert set() == {'aaaaaaaaaaa...aaaaaaaaaaaa'}", "E         ", "E         Extra items in the right set:", "E         'aaaaaaaaaaaaaaaaaaaaaaaaaaaaaaaaaaaaaaaaaaaaaaaaaaaaaaaaaaaaaaaaaaaaaaaaaaaaaaaaaaaaaaaaaaaaaaaaaaaaaaaaaaaaaaaaaaaaaaaaaaaaaaaaaaaaaaaaaaaaaaaaaaaaaa'", "E         ", "E         Full diff:", "E         + set()", "E         - {", "E         -     'aaaaaaaaaaaaaaaaaaaaaaaaaaaaaaaaaaaaaaaaaaaaaaaaaaaaaaaaaaaaaaaaaaaaaaaaaaaaaaaaaaaaaaaaaaaaaaaaaaaaaaaaaaaaaaaaaaaaaaaaaaaaaaaaaaaaaaaaaaaaaaaaaaaaaa',", "E         - }"], "reprfuncargs": {"args": []}, "reprlocals": null, "reprfileloc": {"path": "Q53/dolphin2_9_2_results_1/Folder_48/tests53_48_1.py", "lineno": 8, "message": "AssertionError"}, "style": "long"}}], "extraline": null, "style": "long"}, "sections": [], "chain": [[{"reprentries": [{"type": "ReprEntry", "data": {"lines": ["    def test_string_of_similar_chars_of_length_150():", "        s = ''.join('a' for _ in range(150))", ">       assert palindrome_of_length_at_least_n(s) == {s}", "E       AssertionError: assert set() == {'aaaaaaaaaaa...aaaaaaaaaaaa'}", "E         ", "E         Extra items in the right set:", "E         'aaaaaaaaaaaaaaaaaaaaaaaaaaaaaaaaaaaaaaaaaaaaaaaaaaaaaaaaaaaaaaaaaaaaaaaaaaaaaaaaaaaaaaaaaaaaaaaaaaaaaaaaaaaaaaaaaaaaaaaaaaaaaaaaaaaaaaaaaaaaaaaaaaaaaa'", "E         ", "E         Full diff:", "E         + set()", "E         - {", "E         -     'aaaaaaaaaaaaaaaaaaaaaaaaaaaaaaaaaaaaaaaaaaaaaaaaaaaaaaaaaaaaaaaaaaaaaaaaaaaaaaaaaaaaaaaaaaaaaaaaaaaaaaaaaaaaaaaaaaaaaaaaaaaaaaaaaaaaaaaaaaaaaaaaaaaaaa',", "E         - }"], "reprfuncargs": {"args": []}, "reprlocals": null, "reprfileloc": {"path": "Q53/dolphin2_9_2_results_1/Folder_48/tests53_48_1.py", "lineno": 8, "message": "AssertionError"}, "style": "long"}}], "extraline": null, "style": "long"}, {"path": "/data/ASE2024_GitHub/Turbulence-Benchmark-main/Dolphin_T_D/Q53/dolphin2_9_2_results_1/Folder_48/tests53_48_1.py", "lineno": 8, "message": "AssertionError: assert set() == {'aaaaaaaaaaa...aaaaaaaaaaaa'}\n  \n  Extra items in the right set:\n  'aaaaaaaaaaaaaaaaaaaaaaaaaaaaaaaaaaaaaaaaaaaaaaaaaaaaaaaaaaaaaaaaaaaaaaaaaaaaaaaaaaaaaaaaaaaaaaaaaaaaaaaaaaaaaaaaaaaaaaaaaaaaaaaaaaaaaaaaaaaaaaaaaaaaaa'\n  \n  Full diff:\n  + set()\n  - {\n  -     'aaaaaaaaaaaaaaaaaaaaaaaaaaaaaaaaaaaaaaaaaaaaaaaaaaaaaaaaaaaaaaaaaaaaaaaaaaaaaaaaaaaaaaaaaaaaaaaaaaaaaaaaaaaaaaaaaaaaaaaaaaaaaaaaaaaaaaaaaaaaaaaaaaaaaa',\n  - }"}, null]]}, "when": "call", "user_properties": [], "sections": [], "duration": 0.00037347699981182814, "start": 1738556288.914982, "stop": 1738556288.915356, "extras": [], "$report_type": "TestReport", "item_index": 0, "worker_id": "gw0", "testrun_uid": "fc6c633689b54849adf2e1d0736cde4f", "node": "<WorkerController gw0>"}
{"nodeid": "tests53_48_1.py::test_string_of_similar_chars_of_length_150", "location": ["tests53_48_1.py", 5, "test_string_of_similar_chars_of_length_150"], "keywords": {"test_string_of_similar_chars_of_length_150": 1, "tests53_48_1.py": 1, "Folder_48": 1, "": 1}, "outcome": "passed", "longrepr": null, "when": "teardown", "user_properties": [], "sections": [], "duration": 0.00010959000064758584, "start": 1738556288.9240196, "stop": 1738556288.9241292, "$report_type": "TestReport", "item_index": 0, "worker_id": "gw0", "testrun_uid": "fc6c633689b54849adf2e1d0736cde4f", "node": "<WorkerController gw0>"}
{"exitstatus": 2, "$report_type": "SessionFinish"}
