{
  "parameter(s)": [
    32,
    "ascending"
  ],
  "test_length_of_result": [
    "passed",
    "",
    0.00014
  ],
  "test_if_result_is_sorted": [
    "failed",
    "AssertionError: assert ['|', '{', 'z...'r', 'p', ...] == ['%', '(', ')...'2', ':', ...]\n  At index 0 diff: '|' != '%'\n  Full diff:\n    [\n  +  '|',\n  +  '{',\n  +  'z',\n  +  'u',...\n  \n  ...Full output truncated (60 lines hidden), use '-vv' to show",
    0.00045
  ],
  "test_strings_of_size_equal_to_32": [
    "failed",
    "AssertionError: assert ['}', '|', '{...'v', 'r', ...] == ['!', '&', '+...'-', '/', ...]\n  At index 0 diff: '}' != '!'\n  Full diff:\n    [\n  +  '}',\n  +  '|',\n  +  '{',\n  +  'z',...\n  \n  ...Full output truncated (60 lines hidden), use '-vv' to show",
    0.00041
  ]
}