{
  "parameter(s)": [
    10,
    76
  ],
  "test_absence_of_duplicates": [
    "failed",
    "AssertionError: assert 'z' not in 'zQbNzcEDUeP...TgTgWSnXxUFv'\n  'z' is contained here:\n    zQbNzcEDUePvGRwUpnjyzhfFVAYVELwdIKDsgrcSoAtBfXBmvfxqQkngzsPNesaVOUiSjOjWRJOlCdfcUdqRGwWdezfKaMyFduquRyRfUmaHKVrpTgTgWSnXxUFv\n  ? +",
    0.00035
  ],
  "test_merged_strings": [
    "failed",
    "AssertionError: assert 'aaaaaaaaaaaa...bbbbbbbbbbbbb' == 'bbbbbbbbbbbb...bbbbbbbbbbbbb'\n  - bbbbbbbbbbbbbbbbbbbbbbbbbbbbbbbbbbbbbbbbbbbbbbbbbbbbbbbbbbbbbbbbbbbbbbbbbbbb\n  + aaaaaaaaaaaaaaaaaaaaaaaaaaaaaaaaaaaaaaaaaaaabbbbbbbbbbbbbbbbbbbbbbbbbbbbbbbbbbbbbbbbbbbbb",
    0.00037
  ],
  "test_repeat_char": [
    "failed",
    "IndexError: string index out of range",
    0.00024
  ]
}