{
  "parameter(s)": [
    "7",
    "o",
    4,
    4
  ],
  "test_compare_lengths_with_large_string": [
    "passed",
    "",
    9e-05
  ],
  "test_property_of_function": [
    "failed",
    "AssertionError: assert 'c' not in 'BUcRqNX'\n  'c' is contained here:\n    BUcRqNX\n  ?   +",
    0.00028
  ],
  "test_repeat_char": [
    "failed",
    "AssertionError: assert 'mmmmm' == ''\n  + mmmmm",
    0.00032
  ]
}