{
  "parameter(s)": [
    29,
    93
  ],
  "test_zero_range": [
    "passed",
    "",
    0.00017
  ],
  "test_range_size": [
    "passed",
    "",
    0.00013
  ],
  "test_range_sum": [
    "passed",
    "",
    0.00012
  ],
  "test_large_range": [
    "failed",
    "AssertionError: assert [30, 31, 32, 33, 34, 35, ...] == [30, 31, 32, 33, 34, 35, ...]\n  Right contains one more item: 94\n  Full diff:\n    [\n     30,\n     31,\n     32,\n     33,...\n  \n  ...Full output truncated (62 lines hidden), use '-vv' to show",
    0.00056
  ],
  "test_even_range": [
    "failed",
    "AssertionError: assert [60, 62, 64, 66, 68, 70, ...] == [60, 62, 64, 66, 68, 70, ...]\n  Right contains one more item: 188\n  Full diff:\n    [\n     60,\n     62,\n     64,\n     66,...\n  \n  ...Full output truncated (62 lines hidden), use '-vv' to show",
    0.00088
  ],
  "test_ones_range_sum": [
    "failed",
    "assert 64 == ((93 - 29) + 1)\n +  where 64 = sum([1, 1, 1, 1, 1, 1, ...])\n +    where [1, 1, 1, 1, 1, 1, ...] = all_pos_ints_inclusive([1, 1, 1, 1, 1, 1, ...])",
    0.00035
  ]
}