{
  "parameter(s)": [
    "P",
    "x",
    12,
    25
  ],
  "test_compare_lengths_with_large_string": [
    "passed",
    "",
    0.00012
  ],
  "test_repeat_char": [
    "failed",
    "AssertionError: assert 'mmmmmmmmmmmmm' == ''\n  + mmmmmmmmmmmmm",
    0.00033
  ],
  "test_property_of_function": [
    "failed",
    "AssertionError: assert 'h' not in 'vorSgrxhxUq...nxtklLrsUPiL'\n  'h' is contained here:\n    vorSgrxhxUqnIctWQWrvzFrJinxtklLrsUPiL\n  ?        +",
    0.00049
  ]
}