{
  "parameter(s)": [
    364,
    585
  ],
  "test_lengths": [
    "passed",
    "",
    0.00017
  ],
  "test_sums": [
    "passed",
    "",
    0.00014
  ],
  "test_even_range": [
    "failed",
    "AssertionError: assert [728, 730, 73...736, 738, ...] == [730, 732, 73...738, 740, ...]\n  At index 0 diff: 728 != 730\n  Left contains one more item: 1168\n  Full diff:\n    [\n  +  728,\n     730,\n     732,...\n  \n  ...Full output truncated (219 lines hidden), use '-vv' to show",
    0.00167
  ],
  "test_large_range": [
    "failed",
    "AssertionError: assert [364, 365, 36...368, 369, ...] == [365, 366, 36...369, 370, ...]\n  At index 0 diff: 364 != 365\n  Left contains one more item: 584\n  Full diff:\n    [\n  +  364,\n     365,\n     366,...\n  \n  ...Full output truncated (219 lines hidden), use '-vv' to show",
    0.00195
  ],
  "test_list_concat": [
    "failed",
    "AssertionError: assert [0, 1, 2, 3, 4, 5, ...] == [0, 1, 2, 3, 4, 5, ...]\n  At index 365 diff: 364 != 365\n  Left contains one more item: 5859\n  Full diff:\n    [\n     0,\n     1,\n     2,...\n  \n  ...Full output truncated (5859 lines hidden), use '-vv' to show",
    0.02975
  ]
}