{"category": "PytestAssertRewriteWarning", "filename": "/data/miniconda3/envs/benchmark/lib/python3.12/site-packages/_pytest/config/__init__.py", "lineno": 1277, "message": "Module already imported so cannot be rewritten: anyio", "$report_type": "WarningMessage", "when": "config", "location": ["/data/miniconda3/envs/benchmark/lib/python3.12/site-packages/_pytest/config/__init__.py", 1277, "_consider_importhook"]}
{"category": "PytestAssertRewriteWarning", "filename": "/data/miniconda3/envs/benchmark/lib/python3.12/site-packages/_pytest/config/__init__.py", "lineno": 1277, "message": "Module already imported so cannot be rewritten: anyio", "$report_type": "WarningMessage", "when": "config", "location": ["/data/miniconda3/envs/benchmark/lib/python3.12/site-packages/_pytest/config/__init__.py", 1277, "_consider_importhook"]}
{"pytest_version": "8.3.3", "$report_type": "SessionStart"}
{"nodeid": "tests53_11_2.py::test_string_of_similar_chars_of_length_54", "location": ["tests53_11_2.py", 5, "test_string_of_similar_chars_of_length_54"], "keywords": {"test_string_of_similar_chars_of_length_54": 1, "tests53_11_2.py": 1, "Folder_11": 1, "": 1}, "outcome": "passed", "longrepr": null, "when": "setup", "user_properties": [], "sections": [], "duration": 0.00010037049651145935, "start": 1738505227.216453, "stop": 1738505227.216554, "$report_type": "TestReport", "item_index": 0, "worker_id": "gw0", "testrun_uid": "a4311faf0eca471aadb520fa79e7c587", "node": "<WorkerController gw0>"}
{"nodeid": "tests53_11_2.py::test_string_of_similar_chars_of_length_54", "location": ["tests53_11_2.py", 5, "test_string_of_similar_chars_of_length_54"], "keywords": {"test_string_of_similar_chars_of_length_54": 1, "tests53_11_2.py": 1, "Folder_11": 1, "": 1}, "outcome": "failed", "longrepr": {"reprcrash": {"path": "/data/ASE2024_GitHub/Turbulence-Benchmark-main/Dbrx_T_0/Q53/dbrx_results_2/Folder_11/tests53_11_2.py", "lineno": 8, "message": "AssertionError: assert {'aaaaaaaaaaa...aaaaaaa', ...} == {'aaaaaaaaaaa...aaaaaaaaaaaa'}\n  \n  Extra items in the left set:\n  'aaaaaaaaaaaaaaaaaaaaaaaaaaaaaaaaaaaaaa'\n  'aaaaaaaaaaaaaaaaaaaaaaaaaaaa'\n  'aaaaaaaaaaaaaaaaaaaaaaaaaaaaaaaaaaaaaaaaa'\n  'aaaaaaaaaaaaaaaaaaaaaaaaaaaaaaaaaaaaaaaaaaaaaaaaaaaaa'\n  'aaaaaaaaaaaaaaaaaaaaaaaaaaaaaaaaaaaaaaaaaaaaaaaaa'...\n  \n  ...Full output truncated (52 lines hidden), use '-vv' to show"}, "reprtraceback": {"reprentries": [{"type": "ReprEntry", "data": {"lines": ["    def test_string_of_similar_chars_of_length_54():", "        s = ''.join('a' for _ in range(54))", ">       assert palindrome_of_length_at_least_n(s) == {s}", "E       AssertionError: assert {'aaaaaaaaaaa...aaaaaaa', ...} == {'aaaaaaaaaaa...aaaaaaaaaaaa'}", "E         ", "E         Extra items in the left set:", "E         'aaaaaaaaaaaaaaaaaaaaaaaaaaaaaaaaaaaaaa'", "E         'aaaaaaaaaaaaaaaaaaaaaaaaaaaa'", "E         'aaaaaaaaaaaaaaaaaaaaaaaaaaaaaaaaaaaaaaaaa'", "E         'aaaaaaaaaaaaaaaaaaaaaaaaaaaaaaaaaaaaaaaaaaaaaaaaaaaaa'", "E         'aaaaaaaaaaaaaaaaaaaaaaaaaaaaaaaaaaaaaaaaaaaaaaaaa'...", "E         ", "E         ...Full output truncated (52 lines hidden), use '-vv' to show"], "reprfuncargs": {"args": []}, "reprlocals": null, "reprfileloc": {"path": "Q53/dbrx_results_2/Folder_11/tests53_11_2.py", "lineno": 8, "message": "AssertionError"}, "style": "long"}}], "extraline": null, "style": "long"}, "sections": [], "chain": [[{"reprentries": [{"type": "ReprEntry", "data": {"lines": ["    def test_string_of_similar_chars_of_length_54():", "        s = ''.join('a' for _ in range(54))", ">       assert palindrome_of_length_at_least_n(s) == {s}", "E       AssertionError: assert {'aaaaaaaaaaa...aaaaaaa', ...} == {'aaaaaaaaaaa...aaaaaaaaaaaa'}", "E         ", "E         Extra items in the left set:", "E         'aaaaaaaaaaaaaaaaaaaaaaaaaaaaaaaaaaaaaa'", "E         'aaaaaaaaaaaaaaaaaaaaaaaaaaaa'", "E         'aaaaaaaaaaaaaaaaaaaaaaaaaaaaaaaaaaaaaaaaa'", "E         'aaaaaaaaaaaaaaaaaaaaaaaaaaaaaaaaaaaaaaaaaaaaaaaaaaaaa'", "E         'aaaaaaaaaaaaaaaaaaaaaaaaaaaaaaaaaaaaaaaaaaaaaaaaa'...", "E         ", "E         ...Full output truncated (52 lines hidden), use '-vv' to show"], "reprfuncargs": {"args": []}, "reprlocals": null, "reprfileloc": {"path": "Q53/dbrx_results_2/Folder_11/tests53_11_2.py", "lineno": 8, "message": "AssertionError"}, "style": "long"}}], "extraline": null, "style": "long"}, {"path": "/data/ASE2024_GitHub/Turbulence-Benchmark-main/Dbrx_T_0/Q53/dbrx_results_2/Folder_11/tests53_11_2.py", "lineno": 8, "message": "AssertionError: assert {'aaaaaaaaaaa...aaaaaaa', ...} == {'aaaaaaaaaaa...aaaaaaaaaaaa'}\n  \n  Extra items in the left set:\n  'aaaaaaaaaaaaaaaaaaaaaaaaaaaaaaaaaaaaaa'\n  'aaaaaaaaaaaaaaaaaaaaaaaaaaaa'\n  'aaaaaaaaaaaaaaaaaaaaaaaaaaaaaaaaaaaaaaaaa'\n  'aaaaaaaaaaaaaaaaaaaaaaaaaaaaaaaaaaaaaaaaaaaaaaaaaaaaa'\n  'aaaaaaaaaaaaaaaaaaaaaaaaaaaaaaaaaaaaaaaaaaaaaaaaa'...\n  \n  ...Full output truncated (52 lines hidden), use '-vv' to show"}, null]]}, "when": "call", "user_properties": [], "sections": [], "duration": 0.000530194491147995, "start": 1738505227.2167203, "stop": 1738505227.2172508, "extras": [], "$report_type": "TestReport", "item_index": 0, "worker_id": "gw0", "testrun_uid": "a4311faf0eca471aadb520fa79e7c587", "node": "<WorkerController gw0>"}
{"nodeid": "tests53_11_2.py::test_string_of_similar_chars_of_length_54", "location": ["tests53_11_2.py", 5, "test_string_of_similar_chars_of_length_54"], "keywords": {"test_string_of_similar_chars_of_length_54": 1, "tests53_11_2.py": 1, "Folder_11": 1, "": 1}, "outcome": "passed", "longrepr": null, "when": "teardown", "user_properties": [], "sections": [], "duration": 0.00010756216943264008, "start": 1738505227.2258048, "stop": 1738505227.2259128, "$report_type": "TestReport", "item_index": 0, "worker_id": "gw0", "testrun_uid": "a4311faf0eca471aadb520fa79e7c587", "node": "<WorkerController gw0>"}
{"exitstatus": 2, "$report_type": "SessionFinish"}
