{
  "parameter(s)": [
    "?",
    "k",
    3,
    8
  ],
  "test_compare_lengths_with_large_string": [
    "passed",
    "",
    0.00013
  ],
  "test_property_of_function": [
    "failed",
    "AssertionError: assert 14 == (16 - 4)\n +  where 14 = len('FFcTWZsLWaLcXd')\n +    where 'FFcTWZsLWaLcXd' = filter_chars('FFcztTWZsLWaLcXd')\n +  and   16 = len('FFcztTWZsLWaLcXd')",
    0.00029
  ],
  "test_repeat_char": [
    "failed",
    "AssertionError: assert '' == 'mmmmmmmmmm'\n  - mmmmmmmmmm",
    0.00044
  ]
}