{
  "parameter(s)": [
    49,
    74
  ],
  "test_lengths": [
    "passed",
    "",
    0.00011
  ],
  "test_large_range": [
    "failed",
    "AssertionError: assert [49, 50, 51, 52, 53, 54, ...] == [50, 51, 52, 53, 54, 55, ...]\n  At index 0 diff: 49 != 50\n  Left contains 2023 more items, first extra item: 73\n  Full diff:\n    [\n  +  49,\n     50,\n     51,...\n  \n  ...Full output truncated (2045 lines hidden), use '-vv' to show",
    0.00508
  ],
  "test_even_range": [
    "failed",
    "AssertionError: assert [98, 100, 102...106, 108, ...] == [100, 102, 10...108, 110, ...]\n  At index 0 diff: 98 != 100\n  Left contains 25 more items, first extra item: 146\n  Full diff:\n    [\n  +  98,\n  +  100,\n  +  102,...\n  \n  ...Full output truncated (47 lines hidden), use '-vv' to show",
    0.00078
  ],
  "test_sums": [
    "failed",
    "assert 3001 <= 2775\n +  where 3001 = sum([49, 50, 51, 52, 53, 54, ...])\n +  and   2775 = sum([0, 1, 2, 3, 4, 5, ...])",
    0.0002
  ]
}