{
  "parameter(s)": [
    32,
    "ascending"
  ],
  "test_length_of_result": [
    "passed",
    "",
    0.00017
  ],
  "test_if_result_is_sorted": [
    "failed",
    "AssertionError: assert ['|', '{', 'z...'w', 'v', ...] == [')', '*', '1...'4', '7', ...]\n  At index 0 diff: '|' != ')'\n  Full diff:\n    [\n  +  '|',\n  +  '{',\n  +  'z',\n  +  'x',...\n  \n  ...Full output truncated (60 lines hidden), use '-vv' to show",
    0.00078
  ],
  "test_strings_of_size_equal_to_32": [
    "failed",
    "AssertionError: assert ['~', '{', 'r...'o', 'k', ...] == ['#', '%', ',...'.', '/', ...]\n  At index 0 diff: '~' != '#'\n  Full diff:\n    [\n  +  '~',\n  +  '{',\n  +  'r',\n  +  'p',...\n  \n  ...Full output truncated (60 lines hidden), use '-vv' to show",
    0.00069
  ]
}