{
  "parameter(s)": [
    16,
    60,
    16,
    39
  ],
  "test_string_of_spaces_and_letters": [
    "passed",
    "",
    0.00011
  ],
  "test_length_of_palindrome": [
    "passed",
    "",
    8e-05
  ],
  "test_location_of_palindrome": [
    "passed",
    "",
    6e-05
  ],
  "test_string_of_punctuations_and_space": [
    "passed",
    "",
    6e-05
  ],
  "test_string_of_distinct_chars": [
    "failed",
    "AssertionError: assert not {'bcabcabcabcabcabcabcabcabcabcabcabcabca'}\n +  where {'bcabcabcabcabcabcabcabcabcabcabcabcabca'} = palindromes_of_specific_lengths('abcabcabcabcabcabcabcabcabcabcabcabcabcabcabcabcabcabcabcabcabcabcabcabcabcabcabcabcabcabcabcabcabcabcabcabcabcabcabcabcabcabcabcabcabcabcabcabcabcabcabcabcabcabcabcabcabcabcabcabcabcabcabcabcabcabcabcabcabcabcabcabcabcabcabcabcabcabcabcabcabcabcabcabcabcabcabcabcabcabcabcabcabcabcabcabcabcabcabcabcabcabcabcabcabcabcabcabcabcabcabcabcabcabcabcabcabcabcabcabcabcabcabcabcabcabcabcabcabcabcabcabcabcabcabcabcabcabcabcabcabcabcabcabcabcabcabcabcabcabcabcabcabcabcabcabcabcabcabcabcabcabcabcabcabcabcabcabcabcabcabcabcabcabcabcabcabcabcabcabc')",
    0.00024
  ],
  "test_string_of_similar_chars": [
    "failed",
    "AssertionError: assert {'aaaaaaaaaaa...aaaaaaaaaaaa'} == {'aaaaaaaaaaa...aaaaaaa', ...}\n  Extra items in the right set:\n  'aaaaaaaaaaaaaaaaaaaaaaaaaaaaaaaa'\n  'aaaaaaaaaaaaaaaaaaaaaa'\n  'aaaaaaaaaaaaaaaaaaaaaaaaaaaaaaaaaaa'\n  'aaaaaaaaaaaaaaaaaaaaaaaaaa'\n  'aaaaaaaaaaaaaaaaaaaaaaaaaaaaaaaaaaaaa'\n  'aaaaaaaaaaaaaaaaaaaaa'...\n  \n  ...Full output truncated (44 lines hidden), use '-vv' to show",
    0.00086
  ]
}