{
  "parameter(s)": [
    19,
    "ascending"
  ],
  "test_length_of_result": [
    "passed",
    "",
    0.00021
  ],
  "test_if_result_is_sorted": [
    "failed",
    "AssertionError: assert ['x', 'w', 'v...'m', 'j', ...] == ['(', '3', ';...'>', '@', ...]\n  At index 0 diff: 'x' != '('\n  Full diff:\n    [\n  +  'x',\n  +  'w',\n  +  'v',\n  +  'u',...\n  \n  ...Full output truncated (34 lines hidden), use '-vv' to show",
    0.00086
  ],
  "test_strings_of_size_equal_to_19": [
    "failed",
    "AssertionError: assert ['{', 'y', 'x...'q', 'm', ...] == ['%', ')', '*...'.', '4', ...]\n  At index 0 diff: '{' != '%'\n  Full diff:\n    [\n  +  '{',\n  +  'y',\n  +  'x',\n  +  't',...\n  \n  ...Full output truncated (34 lines hidden), use '-vv' to show",
    0.00067
  ]
}