{
  "parameter(s)": [
    18
  ],
  "test_one_character_string": [
    "failed",
    "AssertionError: assert not ['a']\n +  where ['a'] = all_substring_of_size_n('a')",
    0.00032
  ],
  "test_string_of_same_character": [
    "failed",
    "AssertionError: assert not [' ']\n +  where [' '] = all_substring_of_size_n('                           ')",
    0.00036
  ],
  "test_same_character_string": [
    "failed",
    "AssertionError: assert not ['a']\n +  where ['a'] = all_substring_of_size_n('aaaaaaaaaaaaaaaaaa')",
    0.00035
  ]
}