{
  "parameter(s)": [
    "W",
    "x",
    34,
    67
  ],
  "test_compare_lengths_with_large_string": [
    "passed",
    "",
    0.00015
  ],
  "test_property_of_function": [
    "failed",
    "AssertionError: assert 'Y' not in 'gmdicdbewwl...pkwhtgirhtkm'\n  'Y' is contained here:\n    gmdicdbewwlvqdnkxuYllwiyedabqiqpbxeaYyjizZcYmeqzpkwhtgirhtkm\n  ?                   +",
    0.0004
  ],
  "test_repeat_char": [
    "failed",
    "AssertionError: assert 'mmmmmmmmmmmm...mmmmmmmmmmmmm' == ''\n  + mmmmmmmmmmmmmmmmmmmmmmmmmmmmmmmmmmmmmmmmmmmmmmmmmmmmmmmmmmmmmmmmmmmmm",
    0.00036
  ]
}