{"category": "PytestAssertRewriteWarning", "filename": "/data/miniconda3/envs/benchmark/lib/python3.12/site-packages/_pytest/config/__init__.py", "lineno": 1277, "message": "Module already imported so cannot be rewritten: anyio", "$report_type": "WarningMessage", "when": "config", "location": ["/data/miniconda3/envs/benchmark/lib/python3.12/site-packages/_pytest/config/__init__.py", 1277, "_consider_importhook"]}
{"category": "PytestAssertRewriteWarning", "filename": "/data/miniconda3/envs/benchmark/lib/python3.12/site-packages/_pytest/config/__init__.py", "lineno": 1277, "message": "Module already imported so cannot be rewritten: anyio", "$report_type": "WarningMessage", "when": "config", "location": ["/data/miniconda3/envs/benchmark/lib/python3.12/site-packages/_pytest/config/__init__.py", 1277, "_consider_importhook"]}
{"pytest_version": "8.3.3", "$report_type": "SessionStart"}
{"nodeid": "tests52_20_4.py::test_string_of_many_chars", "location": ["tests52_20_4.py", 6, "test_string_of_many_chars"], "keywords": {"test_string_of_many_chars": 1, "tests52_20_4.py": 1, "Folder_20": 1, "": 1}, "outcome": "passed", "longrepr": null, "when": "setup", "user_properties": [], "sections": [], "duration": 8.795300163910724e-05, "start": 1738556127.3643413, "stop": 1738556127.3644295, "$report_type": "TestReport", "item_index": 0, "worker_id": "gw0", "testrun_uid": "3df1ff5fdf6e43f2bc54954a66a27e2a", "node": "<WorkerController gw0>"}
{"nodeid": "tests52_20_4.py::test_string_of_many_chars", "location": ["tests52_20_4.py", 6, "test_string_of_many_chars"], "keywords": {"test_string_of_many_chars": 1, "tests52_20_4.py": 1, "Folder_20": 1, "": 1}, "outcome": "passed", "longrepr": null, "when": "call", "user_properties": [], "sections": [], "duration": 8.404199979850091e-05, "start": 1738556127.36455, "stop": 1738556127.3646345, "extras": [], "$report_type": "TestReport", "item_index": 0, "worker_id": "gw0", "testrun_uid": "3df1ff5fdf6e43f2bc54954a66a27e2a", "node": "<WorkerController gw0>"}
{"nodeid": "tests52_20_4.py::test_string_of_many_chars", "location": ["tests52_20_4.py", 6, "test_string_of_many_chars"], "keywords": {"test_string_of_many_chars": 1, "tests52_20_4.py": 1, "Folder_20": 1, "": 1}, "outcome": "passed", "longrepr": null, "when": "teardown", "user_properties": [], "sections": [], "duration": 5.733400030294433e-05, "start": 1738556127.3648472, "stop": 1738556127.3649046, "$report_type": "TestReport", "item_index": 0, "worker_id": "gw0", "testrun_uid": "3df1ff5fdf6e43f2bc54954a66a27e2a", "node": "<WorkerController gw0>"}
{"nodeid": "tests52_20_4.py::test_string_of_spaces", "location": ["tests52_20_4.py", 11, "test_string_of_spaces"], "keywords": {"test_string_of_spaces": 1, "tests52_20_4.py": 1, "Folder_20": 1, "": 1}, "outcome": "passed", "longrepr": null, "when": "setup", "user_properties": [], "sections": [], "duration": 6.412199945771135e-05, "start": 1738556127.3651667, "stop": 1738556127.365231, "$report_type": "TestReport", "item_index": 1, "worker_id": "gw0", "testrun_uid": "3df1ff5fdf6e43f2bc54954a66a27e2a", "node": "<WorkerController gw0>"}
{"nodeid": "tests52_20_4.py::test_string_of_spaces", "location": ["tests52_20_4.py", 11, "test_string_of_spaces"], "keywords": {"test_string_of_spaces": 1, "tests52_20_4.py": 1, "Folder_20": 1, "": 1}, "outcome": "failed", "longrepr": {"reprcrash": {"path": "/data/ASE2024_GitHub/Turbulence-Benchmark-main/Dolphin_T_D/Q52/dolphin2_9_2_results_4/Folder_20/tests52_20_4.py", "lineno": 14, "message": "AssertionError: assert not {'                                                     '}\n +  where {'                                                     '} = palindrome_of_length_n('                                                                                                          ')"}, "reprtraceback": {"reprentries": [{"type": "ReprEntry", "data": {"lines": ["    def test_string_of_spaces():", "        s = ' ' * (53 * 2)", ">       assert not palindrome_of_length_n(s)", "E       AssertionError: assert not {'                                                     '}", "E        +  where {'                                                     '} = palindrome_of_length_n('                                                                                                          ')"], "reprfuncargs": {"args": []}, "reprlocals": null, "reprfileloc": {"path": "Q52/dolphin2_9_2_results_4/Folder_20/tests52_20_4.py", "lineno": 14, "message": "AssertionError"}, "style": "long"}}], "extraline": null, "style": "long"}, "sections": [], "chain": [[{"reprentries": [{"type": "ReprEntry", "data": {"lines": ["    def test_string_of_spaces():", "        s = ' ' * (53 * 2)", ">       assert not palindrome_of_length_n(s)", "E       AssertionError: assert not {'                                                     '}", "E        +  where {'                                                     '} = palindrome_of_length_n('                                                                                                          ')"], "reprfuncargs": {"args": []}, "reprlocals": null, "reprfileloc": {"path": "Q52/dolphin2_9_2_results_4/Folder_20/tests52_20_4.py", "lineno": 14, "message": "AssertionError"}, "style": "long"}}], "extraline": null, "style": "long"}, {"path": "/data/ASE2024_GitHub/Turbulence-Benchmark-main/Dolphin_T_D/Q52/dolphin2_9_2_results_4/Folder_20/tests52_20_4.py", "lineno": 14, "message": "AssertionError: assert not {'                                                     '}\n +  where {'                                                     '} = palindrome_of_length_n('                                                                                                          ')"}, null]]}, "when": "call", "user_properties": [], "sections": [], "duration": 0.00021084200125187635, "start": 1738556127.3653207, "stop": 1738556127.365532, "extras": [], "$report_type": "TestReport", "item_index": 1, "worker_id": "gw0", "testrun_uid": "3df1ff5fdf6e43f2bc54954a66a27e2a", "node": "<WorkerController gw0>"}
{"nodeid": "tests52_20_4.py::test_string_of_spaces", "location": ["tests52_20_4.py", 11, "test_string_of_spaces"], "keywords": {"test_string_of_spaces": 1, "tests52_20_4.py": 1, "Folder_20": 1, "": 1}, "outcome": "passed", "longrepr": null, "when": "teardown", "user_properties": [], "sections": [], "duration": 9.556899749441072e-05, "start": 1738556127.3742929, "stop": 1738556127.3743887, "$report_type": "TestReport", "item_index": 1, "worker_id": "gw0", "testrun_uid": "3df1ff5fdf6e43f2bc54954a66a27e2a", "node": "<WorkerController gw0>"}
{"exitstatus": 2, "$report_type": "SessionFinish"}
