{
  "parameter(s)": [
    22,
    88
  ],
  "test_zero_range": [
    "passed",
    "",
    0.0001
  ],
  "test_range_size": [
    "passed",
    "",
    0.0001
  ],
  "test_range_sum": [
    "passed",
    "",
    8e-05
  ],
  "test_large_range": [
    "failed",
    "AssertionError: assert [23, 24, 25, 26, 27, 28, ...] == [23, 24, 25, 26, 27, 28, ...]\n  Right contains one more item: 89\n  Full diff:\n    [\n     23,\n     24,\n     25,\n     26,...\n  \n  ...Full output truncated (64 lines hidden), use '-vv' to show",
    0.00085
  ],
  "test_even_range": [
    "failed",
    "AssertionError: assert [46, 48, 50, 52, 54, 56, ...] == [46, 48, 50, 52, 54, 56, ...]\n  Right contains one more item: 178\n  Full diff:\n    [\n     46,\n     48,\n     50,\n     52,...\n  \n  ...Full output truncated (64 lines hidden), use '-vv' to show",
    0.00086
  ],
  "test_ones_range_sum": [
    "failed",
    "assert 66 == ((88 - 22) + 1)\n +  where 66 = sum([1, 1, 1, 1, 1, 1, ...])\n +    where [1, 1, 1, 1, 1, 1, ...] = all_pos_ints_inclusive([1, 1, 1, 1, 1, 1, ...])",
    0.00024
  ]
}