{
  "parameter(s)": [
    "G",
    "p",
    5,
    6
  ],
  "test_compare_lengths_with_large_string": [
    "passed",
    "",
    0.00012
  ],
  "test_property_of_function": [
    "failed",
    "AssertionError: assert 'g' not in 'pHTiRgfBcvTR'\n  'g' is contained here:\n    pHTiRgfBcvTR\n  ?      +",
    0.00038
  ],
  "test_repeat_char": [
    "failed",
    "AssertionError: assert 'mmmmmmmm' == ''\n  + mmmmmmmm",
    0.00036
  ]
}