{"category": "PytestAssertRewriteWarning", "filename": "/data/miniconda3/envs/benchmark/lib/python3.12/site-packages/_pytest/config/__init__.py", "lineno": 1277, "message": "Module already imported so cannot be rewritten: anyio", "$report_type": "WarningMessage", "when": "config", "location": ["/data/miniconda3/envs/benchmark/lib/python3.12/site-packages/_pytest/config/__init__.py", 1277, "_consider_importhook"]}
{"category": "PytestAssertRewriteWarning", "filename": "/data/miniconda3/envs/benchmark/lib/python3.12/site-packages/_pytest/config/__init__.py", "lineno": 1277, "message": "Module already imported so cannot be rewritten: anyio", "$report_type": "WarningMessage", "when": "config", "location": ["/data/miniconda3/envs/benchmark/lib/python3.12/site-packages/_pytest/config/__init__.py", 1277, "_consider_importhook"]}
{"pytest_version": "8.3.3", "$report_type": "SessionStart"}
{"nodeid": "tests56_92_3.py::test_string_of_same_character", "location": ["tests56_92_3.py", 5, "test_string_of_same_character"], "keywords": {"test_string_of_same_character": 1, "tests56_92_3.py": 1, "Folder_92": 1, "": 1}, "outcome": "passed", "longrepr": null, "when": "setup", "user_properties": [], "sections": [], "duration": 9.845569729804993e-05, "start": 1738507089.011774, "stop": 1738507089.0118725, "$report_type": "TestReport", "item_index": 0, "worker_id": "gw0", "testrun_uid": "19cea5b6b4254bd781d7bfe47dbe43e9", "node": "<WorkerController gw0>"}
{"nodeid": "tests56_92_3.py::test_string_of_same_character", "location": ["tests56_92_3.py", 5, "test_string_of_same_character"], "keywords": {"test_string_of_same_character": 1, "tests56_92_3.py": 1, "Folder_92": 1, "": 1}, "outcome": "failed", "longrepr": {"reprcrash": {"path": "/data/ASE2024_GitHub/Turbulence-Benchmark-main/Command_T_D/Q56/command_results_3/Folder_92/tests56_92_3.py", "lineno": 10, "message": "AssertionError: assert not ['', '', '', '', '', '', ...]\n +  where ['', '', '', '', '', '', ...] = all_substring_of_size_n('                  ')"}, "reprtraceback": {"reprentries": [{"type": "ReprEntry", "data": {"lines": ["    def test_string_of_same_character():", "        selection = [' ', '0', '@', 'a']", "        for char in selection:", "            s = ''.join(char for _ in range(1, 9 + 10))", ">           assert not all_substring_of_size_n(s)", "E           AssertionError: assert not ['', '', '', '', '', '', ...]", "E            +  where ['', '', '', '', '', '', ...] = all_substring_of_size_n('                  ')"], "reprfuncargs": {"args": []}, "reprlocals": null, "reprfileloc": {"path": "Q56/command_results_3/Folder_92/tests56_92_3.py", "lineno": 10, "message": "AssertionError"}, "style": "long"}}], "extraline": null, "style": "long"}, "sections": [], "chain": [[{"reprentries": [{"type": "ReprEntry", "data": {"lines": ["    def test_string_of_same_character():", "        selection = [' ', '0', '@', 'a']", "        for char in selection:", "            s = ''.join(char for _ in range(1, 9 + 10))", ">           assert not all_substring_of_size_n(s)", "E           AssertionError: assert not ['', '', '', '', '', '', ...]", "E            +  where ['', '', '', '', '', '', ...] = all_substring_of_size_n('                  ')"], "reprfuncargs": {"args": []}, "reprlocals": null, "reprfileloc": {"path": "Q56/command_results_3/Folder_92/tests56_92_3.py", "lineno": 10, "message": "AssertionError"}, "style": "long"}}], "extraline": null, "style": "long"}, {"path": "/data/ASE2024_GitHub/Turbulence-Benchmark-main/Command_T_D/Q56/command_results_3/Folder_92/tests56_92_3.py", "lineno": 10, "message": "AssertionError: assert not ['', '', '', '', '', '', ...]\n +  where ['', '', '', '', '', '', ...] = all_substring_of_size_n('                  ')"}, null]]}, "when": "call", "user_properties": [], "sections": [], "duration": 0.0002286769449710846, "start": 1738507089.0120025, "stop": 1738507089.0122316, "extras": [], "$report_type": "TestReport", "item_index": 0, "worker_id": "gw0", "testrun_uid": "19cea5b6b4254bd781d7bfe47dbe43e9", "node": "<WorkerController gw0>"}
{"nodeid": "tests56_92_3.py::test_string_of_same_character", "location": ["tests56_92_3.py", 5, "test_string_of_same_character"], "keywords": {"test_string_of_same_character": 1, "tests56_92_3.py": 1, "Folder_92": 1, "": 1}, "outcome": "passed", "longrepr": null, "when": "teardown", "user_properties": [], "sections": [], "duration": 0.00012589804828166962, "start": 1738507089.0209024, "stop": 1738507089.0210285, "$report_type": "TestReport", "item_index": 0, "worker_id": "gw0", "testrun_uid": "19cea5b6b4254bd781d7bfe47dbe43e9", "node": "<WorkerController gw0>"}
{"exitstatus": 2, "$report_type": "SessionFinish"}
