{
  "parameter(s)": [
    46,
    21,
    97
  ],
  "test_sums": [
    "passed",
    "",
    0.00011
  ],
  "test_list_of_zeros": [
    "failed",
    "AssertionError: assert [21, 22, 23, 24, 25, 26, ...] == [0, 0, 0, 0, 0, 0, ...]\n  At index 0 diff: 21 != 0\n  Right contains one more item: 0\n  Full diff:\n    [\n  +  21,\n  +  22,\n  +  23,...\n  \n  ...Full output truncated (158 lines hidden), use '-vv' to show",
    0.0077
  ],
  "test_negate_of_divisors": [
    "failed",
    "AssertionError: assert [21, 22, 23, 24, 25, 26, ...] == [-46, -46, -4...-46, -46, ...]\n  At index 0 diff: 21 != -46\n  Right contains one more item: -46\n  Full diff:\n    [\n  +  21,\n  +  22,\n  +  23,...\n  \n  ...Full output truncated (152 lines hidden), use '-vv' to show",
    0.00565
  ],
  "test_coefficient_of_divisor": [
    "failed",
    "AssertionError: assert [21, 22, 23, 24, 25, 26, ...] == [1012, 1058, ...96, 1242, ...]\n  At index 0 diff: 21 != 1012\n  Full diff:\n    [\n  -  1012,\n  -  1058,\n  -  1104,\n  -  1150,...\n  \n  ...Full output truncated (174 lines hidden), use '-vv' to show",
    0.01196
  ]
}