{
  "parameter(s)": [
    "!",
    "x",
    114,
    639
  ],
  "test_compare_lengths_with_large_string": [
    "passed",
    "",
    0.00015
  ],
  "test_property_of_function": [
    "failed",
    "AssertionError: assert 'N' not in 'wffpBjcYkoU...cZopEMEiPTAR'\n  'N' is contained here:\n    wffpBjcYkoUBuGfbjRtBQdaOdZtxRtxvbQuAxBjWIiNvpugJtOlVwfOhSUUiQiHqOnnGKLuKAqeaNjuXTwXPmWTTPqIFbDdYjfNlRJMFWAssLUSNhtiefCoTaOEGbfYTcXSkHBgtPqRHrDaIHrLEjNAcjrdJQpJpiHZfbAACgMIgxrcOXqxkUnHLqjsaOrKQrXKurxkVSvQCixnOpeNuhkLFGcZxXxnGTMoIaNwpdxscTHDoAqUWsxJrCvNqrawMfmYRnqotEsUJsdErddcGGPGVEaAdBNIahxQimvDBUDcbdEsuDiVhZfkUxcURDPcigvhdPrHhLLvPlnDvJqBMRkCcISeDCEdRVfkROnFTfVEIdTASpkwNEHNpVkcRuDYwFoewXGeLGwpBMLetPcsCropKQZCmfgAUIhVSOOkiLYgrSxcjPaPAFbNLCdDhtHBrKMpRKOIiuTmlNvnTnOtOpmqZJXgAHxFLJTlqaEbjIBxvXjRCMImNddeARqRkYVekJrhHbpkFEFobkpdWcvUxUUodGLSZiOgdbkPAdpAISYbBUSicIBWXZWsSgelSsrFhY...\n  \n  ...Full output truncated (2 lines hidden), use '-vv' to show",
    0.00177
  ],
  "test_repeat_char": [
    "failed",
    "AssertionError: assert 'mmmmmmmmmmmm...mmmmmmmmmmmmm' == ''\n  + mmmmmmmmmmmmmmmmmmmmmmmmmmmmmmmmmmmmmmmmmmmmmmmmmmmmmmmmmmmmmmmmmmmmmmmmmmmmmmmmmmmmmmmmmmmmmmmmmmmmmmmmmmmmmmmmmmm",
    0.00041
  ]
}