{
  "parameter(s)": [
    47
  ],
  "test_one_character_string": [
    "passed",
    "",
    0.00017
  ],
  "test_length_of_substring_result": [
    "passed",
    "",
    0.00011
  ],
  "test_same_character_string": [
    "failed",
    "AssertionError: assert not ['aaaaaaaaaaaaaaaaaaaaaaaaaaaaaaaaaaaaaaaaaaaaaaa']\n +  where ['aaaaaaaaaaaaaaaaaaaaaaaaaaaaaaaaaaaaaaaaaaaaaaa'] = all_substring_of_size_n('aaaaaaaaaaaaaaaaaaaaaaaaaaaaaaaaaaaaaaaaaaaaaaa')",
    0.00019
  ],
  "test_string_of_same_character": [
    "failed",
    "AssertionError: assert not ['                                               ']\n +  where ['                                               '] = all_substring_of_size_n('                                                        ')",
    0.00024
  ]
}