{
  "parameter(s)": [
    10,
    35,
    52
  ],
  "test_result_is_in_given_string": [
    "passed",
    "",
    0.00016
  ],
  "test_result_is_larger": [
    "failed",
    "assert 0 == (10 - 1)",
    0.00041
  ],
  "test_result_is_smaller": [
    "failed",
    "AssertionError: assert 2 == (18 - 10)\n +  where 18 = len('_\\\\}ZMPLHDyNe[u#4{>')",
    0.00045
  ],
  "test_random_string": [
    "failed",
    "AssertionError: assert 'k' == '['\n  - [\n  + k",
    0.00029
  ]
}