{
  "parameter(s)": [
    12,
    0,
    11
  ],
  "test_result_is_in_given_string": [
    "passed",
    "",
    0.00012
  ],
  "test_result_is_larger": [
    "failed",
    "assert 2 == (12 - 1)",
    0.00031
  ],
  "test_result_is_smaller": [
    "failed",
    "AssertionError: assert 10 == (12 - 12)\n +  where 12 = len('uw>2*^LFvx(l')",
    0.00044
  ],
  "test_random_string": [
    "failed",
    "AssertionError: assert '+' == '~'\n  - ~\n  + +",
    0.00023
  ]
}