{
  "parameter(s)": [
    "_",
    "o",
    71,
    96
  ],
  "test_compare_lengths_with_large_string": [
    "passed",
    "",
    0.00011
  ],
  "test_property_of_function": [
    "failed",
    "AssertionError: assert 'a' not in 'OLZHAaLlYLq...aJvcCQbMSurK'\n  'a' is contained here:\n    OLZHAaLlYLqzCzmjDpxYnldmtBEDeBDfpWtabRWqJssGCEOxKsKumDvRNiXFtMeIsmkTanjKszuEFMRGKqDTICAccjNAMvJbiNqzFnefijipnlHUojLRSEHNPKIYeBHRqjaKZWMzQoMHmnWfminotBtITOxuSjgLlCEDwvHYDMaJvcCQbMSurK\n  ?      +",
    0.00043
  ],
  "test_repeat_char": [
    "failed",
    "AssertionError: assert 'mmmmmmmmmmmm...mmmmmmmmmmmmm' == ''\n  + mmmmmmmmmmmmmmmmmmmmmmmmmmmmmmmmmmmmmmmmmmmmmmmmmmmmmmmmmmmmmmmmmmmmmmmm",
    0.00036
  ]
}