{
  "parameter(s)": [
    276,
    376
  ],
  "test_all_one_range": [
    "failed",
    "AssertionError: assert [277, 279, 28...285, 287, ...] == [1, 1, 1, 1, 1, 1, ...]\n  At index 0 diff: 277 != 1\n  Right contains 49 more items, first extra item: 1\n  Full diff:\n    [\n  +  277,\n  +  279,\n  -  1,...\n  \n  ...Full output truncated (161 lines hidden), use '-vv' to show",
    0.00992
  ],
  "test_odd_same_number": [
    "failed",
    "AssertionError: assert [277, 279, 28...285, 287, ...] == [-11, -11, -1...-11, -11, ...]\n  At index 0 diff: 277 != -11\n  Right contains 49 more items, first extra item: -11\n  Full diff:\n    [\n  +  277,\n  +  279,\n  +  281,...\n  \n  ...Full output truncated (149 lines hidden), use '-vv' to show",
    0.00894
  ],
  "test_even_range": [
    "failed",
    "AssertionError: assert [277, 279, 28...285, 287, ...] == []\n  Left contains 50 more items, first extra item: 277\n  Full diff:\n    [\n  -  ,\n  +  277,\n  +  279,\n  +  281,...\n  \n  ...Full output truncated (48 lines hidden), use '-vv' to show",
    0.00081
  ]
}