{
  "parameter(s)": [
    15,
    28,
    67
  ],
  "test_result_is_in_given_string": [
    "passed",
    "",
    0.00014
  ],
  "test_result_is_larger": [
    "passed",
    "",
    0.00014
  ],
  "test_result_is_smaller": [
    "failed",
    "AssertionError: assert 26 == (40 - 15)\n +  where 40 = len('L7ixQH-_y5OEq*K^kt=`?|0<GS4>b\\\\Ua@VWXh[.n')",
    0.00029
  ],
  "test_random_string": [
    "failed",
    "AssertionError: assert 'A' == 'C'\n  - C\n  + A",
    0.00044
  ]
}