{
  "parameter(s)": [
    "c",
    "n",
    13,
    28
  ],
  "test_compare_lengths_with_large_string": [
    "passed",
    "",
    0.0001
  ],
  "test_repeat_char": [
    "failed",
    "AssertionError: assert 'mmmmmmmmmmmmmm' == ''\n  + mmmmmmmmmmmmmm",
    0.00022
  ],
  "test_property_of_function": [
    "failed",
    "AssertionError: assert 'g' not in 'OoydOjcSDrS...UgLiLKNlxbtG'\n  'g' is contained here:\n    OoydOjcSDrSrwaMWSWtQbGJLVUZwuYrDSEZNWzIUgLiLKNlxbtG\n  ?                                         +",
    0.00037
  ]
}