{
  "parameter(s)": [
    21,
    "ascending"
  ],
  "test_length_of_result": [
    "passed",
    "",
    0.00013
  ],
  "test_if_result_is_sorted": [
    "failed",
    "AssertionError: assert ['}', '{', 'y...'w', 't', ...] == ['*', '+', '....';', '>', ...]\n  At index 0 diff: '}' != '*'\n  Full diff:\n    [\n  +  '}',\n  +  '{',\n  +  'y',\n  +  'x',...\n  \n  ...Full output truncated (38 lines hidden), use '-vv' to show",
    0.00056
  ],
  "test_strings_of_size_equal_to_21": [
    "failed",
    "AssertionError: assert ['t', 's', 'm...'d', 'Y', ...] == ['!', ',', '-...';', 'C', ...]\n  At index 0 diff: 't' != '!'\n  Full diff:\n    [\n  +  't',\n  +  's',\n  +  'm',\n  +  'e',...\n  \n  ...Full output truncated (38 lines hidden), use '-vv' to show",
    0.00055
  ]
}