{
  "parameter(s)": [
    "E",
    "t",
    35,
    89
  ],
  "test_compare_lengths_with_large_string": [
    "passed",
    "",
    0.00011
  ],
  "test_repeat_char": [
    "failed",
    "AssertionError: assert 'mmmmmmmmmmmm...mmmmmmmmmmmmm' == ''\n  + mmmmmmmmmmmmmmmmmmmmmmmmmmmmmmmmmmmm",
    0.00023
  ],
  "test_property_of_function": [
    "failed",
    "AssertionError: assert 'S' not in 'CcVPHakKewy...VhycXxJvacLx'\n  'S' is contained here:\n    CcVPHakKewyrNOCUVLurddJAvdyESRSIWwlBwwBZlLtrDxMEUNbQpkFDoudsYtcxSnrvvjkzXMSsFtwyyYUGKxBIALVUIKEAVzHQoLdTiuCVKgAmVhzVhycXxJvacLx\n  ?                             +",
    0.00062
  ]
}