{
  "parameter(s)": [
    46,
    13,
    63
  ],
  "test_sums": [
    "passed",
    "",
    9e-05
  ],
  "test_negate_of_divisors": [
    "failed",
    "AssertionError: assert [] == [-46, -46, -4...-46, -46, ...]\n  Right contains 51 more items, first extra item: -46\n  Full diff:\n    [\n  +  ,\n  -  -46,\n  -  -46,\n  -  -46,...\n  \n  ...Full output truncated (49 lines hidden), use '-vv' to show",
    0.00067
  ],
  "test_list_of_zeros": [
    "failed",
    "AssertionError: assert [46] == [0, 0, 0, 0, 0, 0, ...]\n  At index 0 diff: 46 != 0\n  Right contains 50 more items, first extra item: 0\n  Full diff:\n    [\n  +  46,\n  -  0,\n  -  0,...\n  \n  ...Full output truncated (50 lines hidden), use '-vv' to show",
    0.00085
  ],
  "test_coefficient_of_divisor": [
    "failed",
    "AssertionError: assert [] == [644, 690, 73...828, 874, ...]\n  Right contains 50 more items, first extra item: 644\n  Full diff:\n    [\n  +  ,\n  -  644,\n  -  690,\n  -  736,...\n  \n  ...Full output truncated (48 lines hidden), use '-vv' to show",
    0.00041
  ]
}