{
  "parameter(s)": [
    "2",
    "s",
    36,
    79
  ],
  "test_compare_lengths_with_large_string": [
    "passed",
    "",
    0.0002
  ],
  "test_repeat_char": [
    "failed",
    "AssertionError: assert 'mmmmmmmmmmmm...mmmmmmmmmmmmm' == ''\n  + mmmmmmmmmmmmmmmmmmmmmmmmmmmmmmmmmmmmm",
    0.00024
  ],
  "test_property_of_function": [
    "failed",
    "AssertionError: assert 'C' not in 'jdoBFCcsFrJ...nzoNBrsudNvK'\n  'C' is contained here:\n    jdoBFCcsFrJORvhOQiNLudJpRwEnGOCDPYaxwyzyywxTPnoAwIMeBFUlDEIPmsCaMbfbdXxLZnPftyghCQicpyToapRPUjetAcagHOyCaqOHhnzoNBrsudNvK\n  ?      +",
    0.00049
  ]
}