{
  "parameter(s)": [
    23,
    "ascending"
  ],
  "test_length_of_result": [
    "passed",
    "",
    0.00026
  ],
  "test_if_result_is_sorted": [
    "failed",
    "AssertionError: assert ['~', 'z', 'w...'t', 's', ...] == ['+', ',', '1...'5', '<', ...]\n  At index 0 diff: '~' != '+'\n  Full diff:\n    [\n  +  '~',\n  +  'z',\n  +  'w',\n  +  'v',...\n  \n  ...Full output truncated (42 lines hidden), use '-vv' to show",
    0.00078
  ],
  "test_strings_of_size_equal_to_23": [
    "failed",
    "AssertionError: assert ['~', 'y', 'x...'t', 'r', ...] == ['0', '1', '9...'>', 'E', ...]\n  At index 0 diff: '~' != '0'\n  Full diff:\n    [\n  +  '~',\n  +  'y',\n  +  'x',\n  +  'w',...\n  \n  ...Full output truncated (42 lines hidden), use '-vv' to show",
    0.00058
  ]
}