{
  "parameter(s)": [
    15,
    44,
    69
  ],
  "test_result_is_in_given_string": [
    "passed",
    "",
    0.00021
  ],
  "test_result_is_smaller": [
    "failed",
    "AssertionError: assert 13 == (26 - 15)\n +  where 26 = len('-._c|<%tQ2d,+D0zv;g@\\\\XB`M/')",
    0.00031
  ],
  "test_result_is_larger": [
    "failed",
    "assert 12 == (15 - 1)",
    0.00032
  ],
  "test_random_string": [
    "failed",
    "AssertionError: assert 'J' == 'U'\n  - U\n  + J",
    0.00031
  ]
}