{
  "parameter(s)": [
    13,
    1,
    46
  ],
  "test_result_is_in_given_string": [
    "passed",
    "",
    0.00012
  ],
  "test_result_is_smaller": [
    "failed",
    "AssertionError: assert 18 == (46 - 13)\n +  where 46 = len('w!iq}Qr29Z3D\\\\t(PG5kh7K=zoO>mSyd/{ @jeJN#IFR&b0')",
    0.00026
  ],
  "test_random_string": [
    "failed",
    "AssertionError: assert 'i' == '6'\n  - 6\n  + i",
    0.00027
  ],
  "test_result_is_larger": [
    "failed",
    "assert 31 == (13 - 1)",
    0.00042
  ]
}