{
  "parameter(s)": [
    7,
    29,
    47
  ],
  "test_result_is_in_given_string": [
    "passed",
    "",
    0.00013
  ],
  "test_result_is_smaller": [
    "failed",
    "AssertionError: assert 18 == (19 - 7)\n +  where 19 = len('29jN\\\\(8rP]np;[bE41%')",
    0.00047
  ],
  "test_result_is_larger": [
    "failed",
    "assert 0 == (7 - 1)",
    0.00036
  ],
  "test_random_string": [
    "failed",
    "AssertionError: assert '+' == 'F'\n  - F\n  + +",
    0.00023
  ]
}