{
  "parameter(s)": [
    -63,
    31,
    72
  ],
  "test_sums": [
    "passed",
    "",
    0.00013
  ],
  "test_list_of_zeros": [
    "failed",
    "AssertionError: assert [] == [0, 0, 0, 0, 0, 0, ...]\n  Right contains 42 more items, first extra item: 0\n  Full diff:\n    [\n  -  0,\n  ?  -\n  +  ,\n  -  0,...\n  \n  ...Full output truncated (41 lines hidden), use '-vv' to show",
    0.00052
  ],
  "test_negate_of_divisors": [
    "failed",
    "AssertionError: assert [63] == [63, 63, 63, 63, 63, 63, ...]\n  Right contains 41 more items, first extra item: 63\n  Full diff:\n    [\n     63,\n  -  63,\n  -  63,\n  -  63,...\n  \n  ...Full output truncated (39 lines hidden), use '-vv' to show",
    0.00074
  ],
  "test_coefficient_of_divisor": [
    "failed",
    "AssertionError: assert [] == [-2016, -2079...8, -2331, ...]\n  Right contains 41 more items, first extra item: -2016\n  Full diff:\n    [\n  +  ,\n  -  -2016,\n  -  -2079,\n  -  -2142,...\n  \n  ...Full output truncated (39 lines hidden), use '-vv' to show",
    0.00046
  ]
}