{"category": "PytestAssertRewriteWarning", "filename": "/data/miniconda3/envs/benchmark/lib/python3.12/site-packages/_pytest/config/__init__.py", "lineno": 1277, "message": "Module already imported so cannot be rewritten: anyio", "$report_type": "WarningMessage", "when": "config", "location": ["/data/miniconda3/envs/benchmark/lib/python3.12/site-packages/_pytest/config/__init__.py", 1277, "_consider_importhook"]}
{"category": "PytestAssertRewriteWarning", "filename": "/data/miniconda3/envs/benchmark/lib/python3.12/site-packages/_pytest/config/__init__.py", "lineno": 1277, "message": "Module already imported so cannot be rewritten: anyio", "$report_type": "WarningMessage", "when": "config", "location": ["/data/miniconda3/envs/benchmark/lib/python3.12/site-packages/_pytest/config/__init__.py", 1277, "_consider_importhook"]}
{"pytest_version": "8.3.3", "$report_type": "SessionStart"}
{"nodeid": "tests37_60_5.py::test_repeat_char", "location": ["tests37_60_5.py", 5, "test_repeat_char"], "keywords": {"test_repeat_char": 1, "tests37_60_5.py": 1, "Folder_60": 1, "": 1}, "outcome": "passed", "longrepr": null, "when": "setup", "user_properties": [], "sections": [], "duration": 0.00010696984827518463, "start": 1738452314.9115615, "stop": 1738452314.9116688, "$report_type": "TestReport", "item_index": 0, "worker_id": "gw0", "testrun_uid": "62247ea4df284a17b52073ca8264e6a9", "node": "<WorkerController gw0>"}
{"nodeid": "tests37_60_5.py::test_repeat_char", "location": ["tests37_60_5.py", 5, "test_repeat_char"], "keywords": {"test_repeat_char": 1, "tests37_60_5.py": 1, "Folder_60": 1, "": 1}, "outcome": "passed", "longrepr": null, "when": "call", "user_properties": [], "sections": [], "duration": 9.061489254236221e-05, "start": 1738452314.9118104, "stop": 1738452314.9119015, "extras": [], "$report_type": "TestReport", "item_index": 0, "worker_id": "gw0", "testrun_uid": "62247ea4df284a17b52073ca8264e6a9", "node": "<WorkerController gw0>"}
{"nodeid": "tests37_60_5.py::test_repeat_char", "location": ["tests37_60_5.py", 5, "test_repeat_char"], "keywords": {"test_repeat_char": 1, "tests37_60_5.py": 1, "Folder_60": 1, "": 1}, "outcome": "passed", "longrepr": null, "when": "teardown", "user_properties": [], "sections": [], "duration": 5.766097456216812e-05, "start": 1738452314.912111, "stop": 1738452314.912169, "$report_type": "TestReport", "item_index": 0, "worker_id": "gw0", "testrun_uid": "62247ea4df284a17b52073ca8264e6a9", "node": "<WorkerController gw0>"}
{"nodeid": "tests37_60_5.py::test_property_of_function", "location": ["tests37_60_5.py", 13, "test_property_of_function"], "keywords": {"test_property_of_function": 1, "tests37_60_5.py": 1, "Folder_60": 1, "": 1}, "outcome": "passed", "longrepr": null, "when": "setup", "user_properties": [], "sections": [], "duration": 6.54272735118866e-05, "start": 1738452314.9127445, "stop": 1738452314.9128103, "$report_type": "TestReport", "item_index": 1, "worker_id": "gw0", "testrun_uid": "62247ea4df284a17b52073ca8264e6a9", "node": "<WorkerController gw0>"}
{"nodeid": "tests37_60_5.py::test_property_of_function", "location": ["tests37_60_5.py", 13, "test_property_of_function"], "keywords": {"test_property_of_function": 1, "tests37_60_5.py": 1, "Folder_60": 1, "": 1}, "outcome": "failed", "longrepr": {"reprcrash": {"path": "/data/ASE2024_GitHub/Turbulence-Benchmark-main/Phi3_T_0/Q37/Phi_3_results_5/Folder_60/tests37_60_5.py", "lineno": 20, "message": "AssertionError: assert 'K' not in 'vaKKzePUNoo...lRFPFYuwTRbT'\n  \n  'K' is contained here:\n    vaKKzePUNooKmphiSrrzadfnondmYWTfYnNggnUtRhenXshqVUXMolzzzYXRZiTYgMnmSbjoNNPmvhXDlMFDyayRpRrfaezebpZjdthvjasMFrloliSpwcZlRFPFYuwTRbT\n  ?   +"}, "reprtraceback": {"reprentries": [{"type": "ReprEntry", "data": {"lines": ["    def test_property_of_function():", "        s = ''.join(random.choice(string.ascii_letters) for _ in range(77 * 2))", "        returned_s = filter_chars(s)", "        sliced_s = s[12:77+1]", "        for char in sliced_s:", "            if ':' <= char <= 'L':", ">               assert char not in returned_s", "E               AssertionError: assert 'K' not in 'vaKKzePUNoo...lRFPFYuwTRbT'", "E                 ", "E                 'K' is contained here:", "E                   vaKKzePUNooKmphiSrrzadfnondmYWTfYnNggnUtRhenXshqVUXMolzzzYXRZiTYgMnmSbjoNNPmvhXDlMFDyayRpRrfaezebpZjdthvjasMFrloliSpwcZlRFPFYuwTRbT", "E                 ?   +"], "reprfuncargs": {"args": []}, "reprlocals": null, "reprfileloc": {"path": "Q37/Phi_3_results_5/Folder_60/tests37_60_5.py", "lineno": 20, "message": "AssertionError"}, "style": "long"}}], "extraline": null, "style": "long"}, "sections": [], "chain": [[{"reprentries": [{"type": "ReprEntry", "data": {"lines": ["    def test_property_of_function():", "        s = ''.join(random.choice(string.ascii_letters) for _ in range(77 * 2))", "        returned_s = filter_chars(s)", "        sliced_s = s[12:77+1]", "        for char in sliced_s:", "            if ':' <= char <= 'L':", ">               assert char not in returned_s", "E               AssertionError: assert 'K' not in 'vaKKzePUNoo...lRFPFYuwTRbT'", "E                 ", "E                 'K' is contained here:", "E                   vaKKzePUNooKmphiSrrzadfnondmYWTfYnNggnUtRhenXshqVUXMolzzzYXRZiTYgMnmSbjoNNPmvhXDlMFDyayRpRrfaezebpZjdthvjasMFrloliSpwcZlRFPFYuwTRbT", "E                 ?   +"], "reprfuncargs": {"args": []}, "reprlocals": null, "reprfileloc": {"path": "Q37/Phi_3_results_5/Folder_60/tests37_60_5.py", "lineno": 20, "message": "AssertionError"}, "style": "long"}}], "extraline": null, "style": "long"}, {"path": "/data/ASE2024_GitHub/Turbulence-Benchmark-main/Phi3_T_0/Q37/Phi_3_results_5/Folder_60/tests37_60_5.py", "lineno": 20, "message": "AssertionError: assert 'K' not in 'vaKKzePUNoo...lRFPFYuwTRbT'\n  \n  'K' is contained here:\n    vaKKzePUNooKmphiSrrzadfnondmYWTfYnNggnUtRhenXshqVUXMolzzzYXRZiTYgMnmSbjoNNPmvhXDlMFDyayRpRrfaezebpZjdthvjasMFrloliSpwcZlRFPFYuwTRbT\n  ?   +"}, null]]}, "when": "call", "user_properties": [], "sections": [], "duration": 0.0003738580271601677, "start": 1738452314.9128845, "stop": 1738452314.9132588, "extras": [], "$report_type": "TestReport", "item_index": 1, "worker_id": "gw0", "testrun_uid": "62247ea4df284a17b52073ca8264e6a9", "node": "<WorkerController gw0>"}
{"nodeid": "tests37_60_5.py::test_property_of_function", "location": ["tests37_60_5.py", 13, "test_property_of_function"], "keywords": {"test_property_of_function": 1, "tests37_60_5.py": 1, "Folder_60": 1, "": 1}, "outcome": "passed", "longrepr": null, "when": "teardown", "user_properties": [], "sections": [], "duration": 8.287467062473297e-05, "start": 1738452314.9215472, "stop": 1738452314.9216306, "$report_type": "TestReport", "item_index": 1, "worker_id": "gw0", "testrun_uid": "62247ea4df284a17b52073ca8264e6a9", "node": "<WorkerController gw0>"}
{"exitstatus": 2, "$report_type": "SessionFinish"}
