{
  "parameter(s)": [
    "S",
    "{",
    19,
    33
  ],
  "test_compare_lengths_with_large_string": [
    "passed",
    "",
    9e-05
  ],
  "test_repeat_char": [
    "failed",
    "AssertionError: assert 'mmmmmmmmmmmm...mmmmmmmmmmmmm' == ''\n  + mmmmmmmmmmmmmmmmmmmmmmmmmmmmmmmmmmm",
    0.00039
  ],
  "test_property_of_function": [
    "failed",
    "AssertionError: assert 'x' not in 'PSZxeeDbWqO...NoKbbcBMROfI'\n  'x' is contained here:\n    PSZxeeDbWqOsHKQfnDPNxhYkqmQULRsDcfLjraCFhbpLBGekDSWvxvNoKbbcBMROfI\n  ?    +",
    0.00048
  ]
}