{"category": "PytestAssertRewriteWarning", "filename": "/data/miniconda3/envs/benchmark/lib/python3.12/site-packages/_pytest/config/__init__.py", "lineno": 1277, "message": "Module already imported so cannot be rewritten: anyio", "$report_type": "WarningMessage", "when": "config", "location": ["/data/miniconda3/envs/benchmark/lib/python3.12/site-packages/_pytest/config/__init__.py", 1277, "_consider_importhook"]}
{"category": "PytestAssertRewriteWarning", "filename": "/data/miniconda3/envs/benchmark/lib/python3.12/site-packages/_pytest/config/__init__.py", "lineno": 1277, "message": "Module already imported so cannot be rewritten: anyio", "$report_type": "WarningMessage", "when": "config", "location": ["/data/miniconda3/envs/benchmark/lib/python3.12/site-packages/_pytest/config/__init__.py", 1277, "_consider_importhook"]}
{"pytest_version": "8.3.3", "$report_type": "SessionStart"}
{"nodeid": "tests52_46_2.py::test_string_of_many_chars", "location": ["tests52_46_2.py", 6, "test_string_of_many_chars"], "keywords": {"test_string_of_many_chars": 1, "tests52_46_2.py": 1, "Folder_46": 1, "": 1}, "outcome": "passed", "longrepr": null, "when": "setup", "user_properties": [], "sections": [], "duration": 0.00013474200022756122, "start": 1738561012.6405065, "stop": 1738561012.6406417, "$report_type": "TestReport", "item_index": 0, "worker_id": "gw0", "testrun_uid": "881ad64022f443d98771f3df7f625ad5", "node": "<WorkerController gw0>"}
{"nodeid": "tests52_46_2.py::test_string_of_many_chars", "location": ["tests52_46_2.py", 6, "test_string_of_many_chars"], "keywords": {"test_string_of_many_chars": 1, "tests52_46_2.py": 1, "Folder_46": 1, "": 1}, "outcome": "passed", "longrepr": null, "when": "call", "user_properties": [], "sections": [], "duration": 0.00013684800069313496, "start": 1738561012.6408403, "stop": 1738561012.6409776, "extras": [], "$report_type": "TestReport", "item_index": 0, "worker_id": "gw0", "testrun_uid": "881ad64022f443d98771f3df7f625ad5", "node": "<WorkerController gw0>"}
{"nodeid": "tests52_46_2.py::test_string_of_many_chars", "location": ["tests52_46_2.py", 6, "test_string_of_many_chars"], "keywords": {"test_string_of_many_chars": 1, "tests52_46_2.py": 1, "Folder_46": 1, "": 1}, "outcome": "passed", "longrepr": null, "when": "teardown", "user_properties": [], "sections": [], "duration": 8.697399971424602e-05, "start": 1738561012.6413095, "stop": 1738561012.641397, "$report_type": "TestReport", "item_index": 0, "worker_id": "gw0", "testrun_uid": "881ad64022f443d98771f3df7f625ad5", "node": "<WorkerController gw0>"}
{"nodeid": "tests52_46_2.py::test_string_of_spaces", "location": ["tests52_46_2.py", 11, "test_string_of_spaces"], "keywords": {"test_string_of_spaces": 1, "tests52_46_2.py": 1, "Folder_46": 1, "": 1}, "outcome": "passed", "longrepr": null, "when": "setup", "user_properties": [], "sections": [], "duration": 8.86289999471046e-05, "start": 1738561012.6418333, "stop": 1738561012.6419222, "$report_type": "TestReport", "item_index": 1, "worker_id": "gw0", "testrun_uid": "881ad64022f443d98771f3df7f625ad5", "node": "<WorkerController gw0>"}
{"nodeid": "tests52_46_2.py::test_string_of_spaces", "location": ["tests52_46_2.py", 11, "test_string_of_spaces"], "keywords": {"test_string_of_spaces": 1, "tests52_46_2.py": 1, "Folder_46": 1, "": 1}, "outcome": "failed", "longrepr": {"reprcrash": {"path": "/data/ASE2024_GitHub/Turbulence-Benchmark-main/Dolphin_T_0/Q52/dolphin2_9_2_results_2/Folder_46/tests52_46_2.py", "lineno": 14, "message": "AssertionError: assert not {'                                                                                                                                                                                                                                                                                                                                                                                                                                                                                '}\n +  where {'                                                                                                                                                                                                                                                                                                                                                                                                                                                                                '} = palindrome_of_length_n('                                                                                                                                                                                                                                                                                                                                                                                                                                                                                                                                                                                                                                                                                                                                                                                                                                                                                                                                                                ')"}, "reprtraceback": {"reprentries": [{"type": "ReprEntry", "data": {"lines": ["    def test_string_of_spaces():", "        s = ' ' * (464 * 2)", ">       assert not palindrome_of_length_n(s)", "E       AssertionError: assert not {'                                                                                                                                                                                                                                                                                                                                                                                                                                                                                '}", "E        +  where {'                                                                                                                                                                                                                                                                                                                                                                                                                                                                                '} = palindrome_of_length_n('                                                                                                                                                                                                                                                                                                                                                                                                                                                                                                                                                                                                                                                                                                                                                                                                                                                                                                                                                                ')"], "reprfuncargs": {"args": []}, "reprlocals": null, "reprfileloc": {"path": "Q52/dolphin2_9_2_results_2/Folder_46/tests52_46_2.py", "lineno": 14, "message": "AssertionError"}, "style": "long"}}], "extraline": null, "style": "long"}, "sections": [], "chain": [[{"reprentries": [{"type": "ReprEntry", "data": {"lines": ["    def test_string_of_spaces():", "        s = ' ' * (464 * 2)", ">       assert not palindrome_of_length_n(s)", "E       AssertionError: assert not {'                                                                                                                                                                                                                                                                                                                                                                                                                                                                                '}", "E        +  where {'                                                                                                                                                                                                                                                                                                                                                                                                                                                                                '} = palindrome_of_length_n('                                                                                                                                                                                                                                                                                                                                                                                                                                                                                                                                                                                                                                                                                                                                                                                                                                                                                                                                                                ')"], "reprfuncargs": {"args": []}, "reprlocals": null, "reprfileloc": {"path": "Q52/dolphin2_9_2_results_2/Folder_46/tests52_46_2.py", "lineno": 14, "message": "AssertionError"}, "style": "long"}}], "extraline": null, "style": "long"}, {"path": "/data/ASE2024_GitHub/Turbulence-Benchmark-main/Dolphin_T_0/Q52/dolphin2_9_2_results_2/Folder_46/tests52_46_2.py", "lineno": 14, "message": "AssertionError: assert not {'                                                                                                                                                                                                                                                                                                                                                                                                                                                                                '}\n +  where {'                                                                                                                                                                                                                                                                                                                                                                                                                                                                                '} = palindrome_of_length_n('                                                                                                                                                                                                                                                                                                                                                                                                                                                                                                                                                                                                                                                                                                                                                                                                                                                                                                                                                                ')"}, null]]}, "when": "call", "user_properties": [], "sections": [], "duration": 0.0006509519989776891, "start": 1738561012.6420312, "stop": 1738561012.6426828, "extras": [], "$report_type": "TestReport", "item_index": 1, "worker_id": "gw0", "testrun_uid": "881ad64022f443d98771f3df7f625ad5", "node": "<WorkerController gw0>"}
{"nodeid": "tests52_46_2.py::test_string_of_spaces", "location": ["tests52_46_2.py", 11, "test_string_of_spaces"], "keywords": {"test_string_of_spaces": 1, "tests52_46_2.py": 1, "Folder_46": 1, "": 1}, "outcome": "passed", "longrepr": null, "when": "teardown", "user_properties": [], "sections": [], "duration": 0.00016500299898325466, "start": 1738561012.6635816, "stop": 1738561012.6637475, "$report_type": "TestReport", "item_index": 1, "worker_id": "gw0", "testrun_uid": "881ad64022f443d98771f3df7f625ad5", "node": "<WorkerController gw0>"}
{"exitstatus": 2, "$report_type": "SessionFinish"}
