{
  "parameter(s)": [
    "/",
    "a",
    42,
    92
  ],
  "test_compare_lengths_with_large_string": [
    "passed",
    "",
    0.00012
  ],
  "test_repeat_char": [
    "failed",
    "AssertionError: assert '' == 'mmmmmmmmmmmm...mmmmmmmmmmmmm'\n  - mmmmmmmmmmmmmmmmmmmmmmmmmmmmmmmmmmmmmmmmmmmmmmmmmmmmmmmmmmmmmmmmmmmmmmmmmmmmmmmmmmmmmmmmmmmmmm",
    0.00032
  ],
  "test_property_of_function": [
    "failed",
    "AssertionError: assert 'Z' not in 'GVNKEIUIMNM...TQAVKGWTVSCQ'\n  'Z' is contained here:\n    GVNKEIUIMNMFLCRIZNUZEGIRDUBUJOYQUXZYQHEFFBUTBNWHOUOGSARDVFRIXILEXCIFKGERVFMCAYRFWHTTQAVKGWTVSCQ\n  ?                 +",
    0.00064
  ]
}