{
  "parameter(s)": [
    71,
    13,
    68
  ],
  "test_sums": [
    "passed",
    "",
    0.00011
  ],
  "test_list_of_zeros": [
    "failed",
    "AssertionError: assert [] == [0, 0, 0, 0, 0, 0, ...]\n  Right contains 56 more items, first extra item: 0\n  Full diff:\n    [\n  -  0,\n  ?  -\n  +  ,\n  -  0,...\n  \n  ...Full output truncated (55 lines hidden), use '-vv' to show",
    0.00074
  ],
  "test_negate_of_divisors": [
    "failed",
    "AssertionError: assert [] == [-71, -71, -7...-71, -71, ...]\n  Right contains 56 more items, first extra item: -71\n  Full diff:\n    [\n  +  ,\n  -  -71,\n  -  -71,\n  -  -71,...\n  \n  ...Full output truncated (54 lines hidden), use '-vv' to show",
    0.00073
  ],
  "test_coefficient_of_divisor": [
    "failed",
    "AssertionError: assert [] == [994, 1065, 1...78, 1349, ...]\n  Right contains 55 more items, first extra item: 994\n  Full diff:\n    [\n  +  ,\n  -  994,\n  -  1065,\n  -  1136,...\n  \n  ...Full output truncated (53 lines hidden), use '-vv' to show",
    0.00043
  ]
}