{
  "parameter(s)": [
    38,
    "ascending"
  ],
  "test_length_of_result": [
    "passed",
    "",
    0.00021
  ],
  "test_if_result_is_sorted": [
    "failed",
    "AssertionError: assert ['}', '|', 'y...'u', 'r', ...] == ['%', '&', '(...'+', '-', ...]\n  At index 0 diff: '}' != '%'\n  Full diff:\n    [\n  +  '}',\n  +  '|',\n  +  'y',\n  +  'w',...\n  \n  ...Full output truncated (72 lines hidden), use '-vv' to show",
    0.00096
  ],
  "test_strings_of_size_equal_to_38": [
    "failed",
    "AssertionError: assert ['{', 'z', 'x...'v', 'u', ...] == [' ', '!', '3...':', '=', ...]\n  At index 0 diff: '{' != ' '\n  Full diff:\n    [\n  +  '{',\n  +  'z',\n  +  'x',\n  +  'w',...\n  \n  ...Full output truncated (72 lines hidden), use '-vv' to show",
    0.00068
  ]
}