{
  "parameter(s)": [
    10,
    76
  ],
  "test_lengths": [
    "passed",
    "",
    0.00011
  ],
  "test_sums": [
    "passed",
    "",
    8e-05
  ],
  "test_even_range": [
    "failed",
    "AssertionError: assert [22, 24, 26, 28, 30, 32, ...] == [22, 24, 26, 28, 30, 32, ...]\n  Left contains one more item: 152\n  Full diff:\n    [\n     22,\n     24,\n     26,\n     28,...\n  \n  ...Full output truncated (63 lines hidden), use '-vv' to show",
    0.00054
  ],
  "test_large_range": [
    "failed",
    "AssertionError: assert [11, 12, 13, 14, 15, 16, ...] == [11, 12, 13, 14, 15, 16, ...]\n  Left contains one more item: 76\n  Full diff:\n    [\n     11,\n     12,\n     13,\n     14,...\n  \n  ...Full output truncated (63 lines hidden), use '-vv' to show",
    0.00086
  ],
  "test_list_concat": [
    "failed",
    "AssertionError: assert [0, 1, 2, 3, 4, 5, ...] == [0, 1, 2, 3, 4, 5, ...]\n  At index 77 diff: 76 != 77\n  Left contains one more item: 769\n  Full diff:\n    [\n     0,\n     1,\n     2,...\n  \n  ...Full output truncated (769 lines hidden), use '-vv' to show",
    0.00253
  ]
}