{
  "parameter(s)": [
    39,
    30,
    59
  ],
  "test_sums": [
    "passed",
    "",
    0.00013
  ],
  "test_list_of_zeros": [
    "failed",
    "AssertionError: assert [] == [0, 0, 0, 0, 0, 0, ...]\n  Right contains 30 more items, first extra item: 0\n  Full diff:\n    [\n  -  0,\n  ?  -\n  +  ,\n  -  0,...\n  \n  ...Full output truncated (29 lines hidden), use '-vv' to show",
    0.00053
  ],
  "test_negate_of_divisors": [
    "failed",
    "AssertionError: assert [] == [-39, -39, -3...-39, -39, ...]\n  Right contains 30 more items, first extra item: -39\n  Full diff:\n    [\n  +  ,\n  -  -39,\n  -  -39,\n  -  -39,...\n  \n  ...Full output truncated (28 lines hidden), use '-vv' to show",
    0.0007
  ],
  "test_coefficient_of_divisor": [
    "failed",
    "AssertionError: assert [] == [1209, 1248, ...65, 1404, ...]\n  Right contains 29 more items, first extra item: 1209\n  Full diff:\n    [\n  +  ,\n  -  1209,\n  -  1248,\n  -  1287,...\n  \n  ...Full output truncated (27 lines hidden), use '-vv' to show",
    0.00062
  ]
}