{
  "parameter(s)": [
    "W",
    "{",
    15,
    55
  ],
  "test_compare_lengths_with_large_string": [
    "passed",
    "",
    0.00014
  ],
  "test_property_of_function": [
    "failed",
    "AssertionError: assert 'z' not in 'qIvkzUCKxwF...jNCPNOaqKZtX'\n  'z' is contained here:\n    qIvkzUCKxwFQhqLORSHARQJMMUDDKOAANLKIUKCUpUUcHcFCzoFBpbLYqhauwxLVysIBersedWqZXJjNCPNOaqKZtX\n  ?     +",
    0.00053
  ],
  "test_repeat_char": [
    "failed",
    "AssertionError: assert 'mmmmmmmmmmmmmmmm' == ''\n  + mmmmmmmmmmmmmmmm",
    0.00035
  ]
}