{
  "parameter(s)": [
    24
  ],
  "test_binary_of_one": [
    "failed",
    "AssertionError: assert not True\n +  where True = if_decimal_is_divisible('1')",
    0.01651
  ],
  "test_binary_of_zero": [
    "failed",
    "ZeroDivisionError: integer modulo by zero",
    0.01686
  ],
  "test_binary_of_two": [
    "failed",
    "AssertionError: assert not True\n +  where True = if_decimal_is_divisible('10')",
    0.01514
  ]
}