{
  "parameter(s)": [
    10,
    28
  ],
  "test_absence_of_duplicates": [
    "failed",
    "AssertionError: assert 'J' not in 'QcaMYPOUxWK...xgknswksRxtR'\n  'J' is contained here:\n    QcaMYPOUxWKHoyJSMaiujcCJUpWKrPwKybLhfxgknswksRxtR\n  ?               +",
    0.00046
  ],
  "test_repeat_char": [
    "failed",
    "IndexError: string index out of range",
    0.00018
  ],
  "test_merged_strings": [
    "failed",
    "AssertionError: assert 'aaaaaaaaaaaa...bbbbbbbbbbbbb' == 'bbbbbbbbbbbbbbbbbbbbbbbbbbbb'\n  - bbbbbbbbbbbbbbbbbbbbbbbbbbbb\n  + aaaaaaaaaaaaaaaaaaaabbbbbbbbbbbbbbbbbbbb",
    0.00037
  ]
}