{
  "parameter(s)": [
    661,
    924
  ],
  "test_range_size": [
    "passed",
    "",
    9e-05
  ],
  "test_all_zero_range": [
    "passed",
    "",
    0.00012
  ],
  "test_range_sum_positive_odds": [
    "passed",
    "",
    7e-05
  ],
  "test_range_sum_negative_odds": [
    "passed",
    "",
    7e-05
  ],
  "test_odd_range": [
    "failed",
    "AssertionError: assert [121, 121, 12...121, 121, ...] == [121, 121, 12...121, 121, ...]\n  Left contains one more item: 121\n  Full diff:\n    [\n     121,\n     121,\n     121,\n     121,...\n  \n  ...Full output truncated (262 lines hidden), use '-vv' to show",
    0.00117
  ],
  "test_all_one_range": [
    "failed",
    "AssertionError: assert [1, 1, 1, 1, 1, 1, ...] == [1, 1, 1, 1, 1, 1, ...]\n  Left contains one more item: 1\n  Full diff:\n    [\n     1,\n     1,\n     1,\n     1,...\n  \n  ...Full output truncated (262 lines hidden), use '-vv' to show",
    0.00114
  ],
  "test_all_negative_ones": [
    "failed",
    "AssertionError: assert [-1, -1, -1, -1, -1, -1, ...] == [-1, -1, -1, -1, -1, -1, ...]\n  Left contains one more item: -1\n  Full diff:\n    [\n     -1,\n     -1,\n     -1,\n     -1,...\n  \n  ...Full output truncated (262 lines hidden), use '-vv' to show",
    0.00099
  ]
}