{
  "parameter(s)": [
    ":",
    "r",
    38,
    54
  ],
  "test_compare_lengths_with_large_string": [
    "passed",
    "",
    0.00017
  ],
  "test_property_of_function": [
    "failed",
    "AssertionError: assert 'b' not in 'bbHTxNUuTpj...wARCeluyIDFz'\n  'b' is contained here:\n    bbHTxNUuTpjWEjSPKyLbvfbQrgOAnJBCwBgLGLbVylZazvFmQpuFmiZdgmIjrSzqyIgtVcCjHXGutnJsoWMaANWHWdhdbYsPwARCeluyIDFz\n  ? +",
    0.00041
  ],
  "test_repeat_char": [
    "failed",
    "AssertionError: assert 'mmmmmmmmmmmm...mmmmmmmmmmmmm' == ''\n  + mmmmmmmmmmmmmmmmmmmmmmmmmmmmmmmmmmmmmmmmmmmmmmmmmmmmmmmm",
    0.00035
  ]
}