{
  "parameter(s)": [
    14,
    28,
    54
  ],
  "test_result_is_in_given_string": [
    "passed",
    "",
    0.00019
  ],
  "test_result_is_larger": [
    "failed",
    "assert 9 == (14 - 1)",
    0.00034
  ],
  "test_result_is_smaller": [
    "failed",
    "AssertionError: assert 9 == (27 - 14)\n +  where 27 = len('N&0pPU5.={<K8$7lBj*( Ec/4sY')",
    0.00029
  ],
  "test_random_string": [
    "failed",
    "AssertionError: assert 'U' == 'O'\n  - O\n  + U",
    0.00022
  ]
}