{
  "parameter(s)": [
    5,
    48,
    76
  ],
  "test_result_is_in_given_string": [
    "passed",
    "",
    0.00015
  ],
  "test_result_is_larger": [
    "passed",
    "",
    0.00015
  ],
  "test_result_is_smaller": [
    "failed",
    "AssertionError: assert 19 == (29 - 5)\n +  where 29 = len('3` R[T,I2&:+(r!B|hLbuGck/H^#P')",
    0.00037
  ],
  "test_random_string": [
    "failed",
    "AssertionError: assert '4' == ','\n  - ,\n  + 4",
    0.00022
  ]
}