{
  "parameter(s)": [
    6,
    "descending"
  ],
  "test_length_of_result": [
    "passed",
    "",
    0.00016
  ],
  "test_strings_of_size_equal_to_6": [
    "failed",
    "AssertionError: assert ['%', '.', '>', 'U', 'u', 'y'] == ['y', 'u', 'U', '>', '.', '%']\n  At index 0 diff: '%' != 'y'\n  Full diff:\n  - ['y', 'u', 'U', '>', '.', '%']\n  + ['%', '.', '>', 'U', 'u', 'y']",
    0.00041
  ],
  "test_if_result_is_sorted": [
    "failed",
    "AssertionError: assert ['3', 'B', 'J', 'W', 'l', 'o'] == ['o', 'l', 'W', 'J', 'B', '3']\n  At index 0 diff: '3' != 'o'\n  Full diff:\n  - ['o', 'l', 'W', 'J', 'B', '3']\n  + ['3', 'B', 'J', 'W', 'l', 'o']",
    0.00065
  ]
}