{"category": "PytestAssertRewriteWarning", "filename": "/data/miniconda3/envs/benchmark/lib/python3.12/site-packages/_pytest/config/__init__.py", "lineno": 1277, "message": "Module already imported so cannot be rewritten: anyio", "$report_type": "WarningMessage", "when": "config", "location": ["/data/miniconda3/envs/benchmark/lib/python3.12/site-packages/_pytest/config/__init__.py", 1277, "_consider_importhook"]}
{"category": "PytestAssertRewriteWarning", "filename": "/data/miniconda3/envs/benchmark/lib/python3.12/site-packages/_pytest/config/__init__.py", "lineno": 1277, "message": "Module already imported so cannot be rewritten: anyio", "$report_type": "WarningMessage", "when": "config", "location": ["/data/miniconda3/envs/benchmark/lib/python3.12/site-packages/_pytest/config/__init__.py", 1277, "_consider_importhook"]}
{"pytest_version": "8.3.3", "$report_type": "SessionStart"}
{"nodeid": "tests53_14_4.py::test_string_of_similar_chars_of_length_13", "location": ["tests53_14_4.py", 5, "test_string_of_similar_chars_of_length_13"], "keywords": {"test_string_of_similar_chars_of_length_13": 1, "tests53_14_4.py": 1, "Folder_14": 1, "": 1}, "outcome": "passed", "longrepr": null, "when": "setup", "user_properties": [], "sections": [], "duration": 9.259100261260755e-05, "start": 1738556491.0578952, "stop": 1738556491.0579882, "$report_type": "TestReport", "item_index": 0, "worker_id": "gw0", "testrun_uid": "06c25eb18b9841acaa96133f7a4f43e6", "node": "<WorkerController gw0>"}
{"nodeid": "tests53_14_4.py::test_string_of_similar_chars_of_length_13", "location": ["tests53_14_4.py", 5, "test_string_of_similar_chars_of_length_13"], "keywords": {"test_string_of_similar_chars_of_length_13": 1, "tests53_14_4.py": 1, "Folder_14": 1, "": 1}, "outcome": "passed", "longrepr": null, "when": "call", "user_properties": [], "sections": [], "duration": 0.00016624500131001696, "start": 1738556491.0581121, "stop": 1738556491.0582788, "extras": [], "$report_type": "TestReport", "item_index": 0, "worker_id": "gw0", "testrun_uid": "06c25eb18b9841acaa96133f7a4f43e6", "node": "<WorkerController gw0>"}
{"nodeid": "tests53_14_4.py::test_string_of_similar_chars_of_length_13", "location": ["tests53_14_4.py", 5, "test_string_of_similar_chars_of_length_13"], "keywords": {"test_string_of_similar_chars_of_length_13": 1, "tests53_14_4.py": 1, "Folder_14": 1, "": 1}, "outcome": "passed", "longrepr": null, "when": "teardown", "user_properties": [], "sections": [], "duration": 5.759499981650151e-05, "start": 1738556491.0585058, "stop": 1738556491.058564, "$report_type": "TestReport", "item_index": 0, "worker_id": "gw0", "testrun_uid": "06c25eb18b9841acaa96133f7a4f43e6", "node": "<WorkerController gw0>"}
{"nodeid": "tests53_14_4.py::test_string_of_similar_chars_of_length_greater_than_13", "location": ["tests53_14_4.py", 10, "test_string_of_similar_chars_of_length_greater_than_13"], "keywords": {"test_string_of_similar_chars_of_length_greater_than_13": 1, "tests53_14_4.py": 1, "Folder_14": 1, "": 1}, "outcome": "passed", "longrepr": null, "when": "setup", "user_properties": [], "sections": [], "duration": 5.849599983775988e-05, "start": 1738556491.0588412, "stop": 1738556491.0588999, "$report_type": "TestReport", "item_index": 1, "worker_id": "gw0", "testrun_uid": "06c25eb18b9841acaa96133f7a4f43e6", "node": "<WorkerController gw0>"}
{"nodeid": "tests53_14_4.py::test_string_of_similar_chars_of_length_greater_than_13", "location": ["tests53_14_4.py", 10, "test_string_of_similar_chars_of_length_greater_than_13"], "keywords": {"test_string_of_similar_chars_of_length_greater_than_13": 1, "tests53_14_4.py": 1, "Folder_14": 1, "": 1}, "outcome": "failed", "longrepr": {"reprcrash": {"path": "/data/ASE2024_GitHub/Turbulence-Benchmark-main/Dolphin_T_D/Q53/dolphin2_9_2_results_4/Folder_14/tests53_14_4.py", "lineno": 17, "message": "AssertionError: assert {'aaaaaaaaaaaaaaaaaaaaaaaaaa'} == {'aaaaaaaaaaa...aaaaaaa', ...}\n  \n  Extra items in the right set:\n  'aaaaaaaaaaaaaa'\n  'aaaaaaaaaaaaaaaaaaaaaaa'\n  'aaaaaaaaaaaaaaaaa'\n  'aaaaaaaaaaaaaaaaaaaaa'\n  'aaaaaaaaaaaaaaaaaaaaaa'...\n  \n  ...Full output truncated (26 lines hidden), use '-vv' to show"}, "reprtraceback": {"reprentries": [{"type": "ReprEntry", "data": {"lines": ["    def test_string_of_similar_chars_of_length_greater_than_13():", "        ss = ''.join('a' for _ in range(13 * 2))", "        s = ss[:13]", "        result = []", "        for i in range(0, 13 + 1):", "            result.append(s + ('a' * i))", ">       assert palindrome_of_length_at_least_n(ss) == set(result)", "E       AssertionError: assert {'aaaaaaaaaaaaaaaaaaaaaaaaaa'} == {'aaaaaaaaaaa...aaaaaaa', ...}", "E         ", "E         Extra items in the right set:", "E         'aaaaaaaaaaaaaa'", "E         'aaaaaaaaaaaaaaaaaaaaaaa'", "E         'aaaaaaaaaaaaaaaaa'", "E         'aaaaaaaaaaaaaaaaaaaaa'", "E         'aaaaaaaaaaaaaaaaaaaaaa'...", "E         ", "E         ...Full output truncated (26 lines hidden), use '-vv' to show"], "reprfuncargs": {"args": []}, "reprlocals": null, "reprfileloc": {"path": "Q53/dolphin2_9_2_results_4/Folder_14/tests53_14_4.py", "lineno": 17, "message": "AssertionError"}, "style": "long"}}], "extraline": null, "style": "long"}, "sections": [], "chain": [[{"reprentries": [{"type": "ReprEntry", "data": {"lines": ["    def test_string_of_similar_chars_of_length_greater_than_13():", "        ss = ''.join('a' for _ in range(13 * 2))", "        s = ss[:13]", "        result = []", "        for i in range(0, 13 + 1):", "            result.append(s + ('a' * i))", ">       assert palindrome_of_length_at_least_n(ss) == set(result)", "E       AssertionError: assert {'aaaaaaaaaaaaaaaaaaaaaaaaaa'} == {'aaaaaaaaaaa...aaaaaaa', ...}", "E         ", "E         Extra items in the right set:", "E         'aaaaaaaaaaaaaa'", "E         'aaaaaaaaaaaaaaaaaaaaaaa'", "E         'aaaaaaaaaaaaaaaaa'", "E         'aaaaaaaaaaaaaaaaaaaaa'", "E         'aaaaaaaaaaaaaaaaaaaaaa'...", "E         ", "E         ...Full output truncated (26 lines hidden), use '-vv' to show"], "reprfuncargs": {"args": []}, "reprlocals": null, "reprfileloc": {"path": "Q53/dolphin2_9_2_results_4/Folder_14/tests53_14_4.py", "lineno": 17, "message": "AssertionError"}, "style": "long"}}], "extraline": null, "style": "long"}, {"path": "/data/ASE2024_GitHub/Turbulence-Benchmark-main/Dolphin_T_D/Q53/dolphin2_9_2_results_4/Folder_14/tests53_14_4.py", "lineno": 17, "message": "AssertionError: assert {'aaaaaaaaaaaaaaaaaaaaaaaaaa'} == {'aaaaaaaaaaa...aaaaaaa', ...}\n  \n  Extra items in the right set:\n  'aaaaaaaaaaaaaa'\n  'aaaaaaaaaaaaaaaaaaaaaaa'\n  'aaaaaaaaaaaaaaaaa'\n  'aaaaaaaaaaaaaaaaaaaaa'\n  'aaaaaaaaaaaaaaaaaaaaaa'...\n  \n  ...Full output truncated (26 lines hidden), use '-vv' to show"}, null]]}, "when": "call", "user_properties": [], "sections": [], "duration": 0.0003528749984980095, "start": 1738556491.0589669, "stop": 1738556491.05932, "extras": [], "$report_type": "TestReport", "item_index": 1, "worker_id": "gw0", "testrun_uid": "06c25eb18b9841acaa96133f7a4f43e6", "node": "<WorkerController gw0>"}
{"nodeid": "tests53_14_4.py::test_string_of_similar_chars_of_length_greater_than_13", "location": ["tests53_14_4.py", 10, "test_string_of_similar_chars_of_length_greater_than_13"], "keywords": {"test_string_of_similar_chars_of_length_greater_than_13": 1, "tests53_14_4.py": 1, "Folder_14": 1, "": 1}, "outcome": "passed", "longrepr": null, "when": "teardown", "user_properties": [], "sections": [], "duration": 0.00010314300016034395, "start": 1738556491.0682187, "stop": 1738556491.0683224, "$report_type": "TestReport", "item_index": 1, "worker_id": "gw0", "testrun_uid": "06c25eb18b9841acaa96133f7a4f43e6", "node": "<WorkerController gw0>"}
{"exitstatus": 2, "$report_type": "SessionFinish"}
