{
  "parameter(s)": [
    62,
    99
  ],
  "test_zero_range": [
    "passed",
    "",
    0.00021
  ],
  "test_range_size": [
    "passed",
    "",
    0.00015
  ],
  "test_range_sum": [
    "passed",
    "",
    0.00013
  ],
  "test_large_range": [
    "failed",
    "AssertionError: assert [62, 63, 64, 65, 66, 67, ...] == [63, 64, 65, 66, 67, 68, ...]\n  At index 0 diff: 62 != 63\n  Full diff:\n    [\n  +  62,\n     63,\n     64,\n     65,...\n  \n  ...Full output truncated (36 lines hidden), use '-vv' to show",
    0.00045
  ],
  "test_even_range": [
    "failed",
    "AssertionError: assert [62, 64, 66, 68, 70, 72, ...] == [126, 128, 13...134, 136, ...]\n  At index 0 diff: 62 != 126\n  Right contains 19 more items, first extra item: 164\n  Full diff:\n    [\n  -  126,\n  -  128,\n  -  130,...\n  \n  ...Full output truncated (74 lines hidden), use '-vv' to show",
    0.00186
  ],
  "test_ones_range_sum": [
    "failed",
    "assert 0 == ((99 - 62) + 1)\n +  where 0 = sum([])\n +    where [] = all_pos_ints_inclusive([1, 1, 1, 1, 1, 1, ...])",
    0.00037
  ]
}