{"category": "PytestAssertRewriteWarning", "filename": "/data/miniconda3/envs/benchmark/lib/python3.12/site-packages/_pytest/config/__init__.py", "lineno": 1277, "message": "Module already imported so cannot be rewritten: anyio", "$report_type": "WarningMessage", "when": "config", "location": ["/data/miniconda3/envs/benchmark/lib/python3.12/site-packages/_pytest/config/__init__.py", 1277, "_consider_importhook"]}
{"category": "PytestAssertRewriteWarning", "filename": "/data/miniconda3/envs/benchmark/lib/python3.12/site-packages/_pytest/config/__init__.py", "lineno": 1277, "message": "Module already imported so cannot be rewritten: anyio", "$report_type": "WarningMessage", "when": "config", "location": ["/data/miniconda3/envs/benchmark/lib/python3.12/site-packages/_pytest/config/__init__.py", 1277, "_consider_importhook"]}
{"pytest_version": "8.3.3", "$report_type": "SessionStart"}
{"nodeid": "tests52_90_3.py::test_string_of_many_chars", "location": ["tests52_90_3.py", 6, "test_string_of_many_chars"], "keywords": {"test_string_of_many_chars": 1, "tests52_90_3.py": 1, "Folder_90": 1, "": 1}, "outcome": "passed", "longrepr": null, "when": "setup", "user_properties": [], "sections": [], "duration": 9.98564064502716e-05, "start": 1738458712.0546877, "stop": 1738458712.0547879, "$report_type": "TestReport", "item_index": 0, "worker_id": "gw0", "testrun_uid": "59842a5526e1495aa08e35d4c372f8a2", "node": "<WorkerController gw0>"}
{"nodeid": "tests52_90_3.py::test_string_of_many_chars", "location": ["tests52_90_3.py", 6, "test_string_of_many_chars"], "keywords": {"test_string_of_many_chars": 1, "tests52_90_3.py": 1, "Folder_90": 1, "": 1}, "outcome": "passed", "longrepr": null, "when": "call", "user_properties": [], "sections": [], "duration": 8.697528392076492e-05, "start": 1738458712.0549214, "stop": 1738458712.0550086, "extras": [], "$report_type": "TestReport", "item_index": 0, "worker_id": "gw0", "testrun_uid": "59842a5526e1495aa08e35d4c372f8a2", "node": "<WorkerController gw0>"}
{"nodeid": "tests52_90_3.py::test_string_of_many_chars", "location": ["tests52_90_3.py", 6, "test_string_of_many_chars"], "keywords": {"test_string_of_many_chars": 1, "tests52_90_3.py": 1, "Folder_90": 1, "": 1}, "outcome": "passed", "longrepr": null, "when": "teardown", "user_properties": [], "sections": [], "duration": 6.037764251232147e-05, "start": 1738458712.0553102, "stop": 1738458712.0553713, "$report_type": "TestReport", "item_index": 0, "worker_id": "gw0", "testrun_uid": "59842a5526e1495aa08e35d4c372f8a2", "node": "<WorkerController gw0>"}
{"nodeid": "tests52_90_3.py::test_string_of_spaces", "location": ["tests52_90_3.py", 11, "test_string_of_spaces"], "keywords": {"test_string_of_spaces": 1, "tests52_90_3.py": 1, "Folder_90": 1, "": 1}, "outcome": "passed", "longrepr": null, "when": "setup", "user_properties": [], "sections": [], "duration": 5.709100514650345e-05, "start": 1738458712.0556602, "stop": 1738458712.0557177, "$report_type": "TestReport", "item_index": 1, "worker_id": "gw0", "testrun_uid": "59842a5526e1495aa08e35d4c372f8a2", "node": "<WorkerController gw0>"}
{"nodeid": "tests52_90_3.py::test_string_of_spaces", "location": ["tests52_90_3.py", 11, "test_string_of_spaces"], "keywords": {"test_string_of_spaces": 1, "tests52_90_3.py": 1, "Folder_90": 1, "": 1}, "outcome": "failed", "longrepr": {"reprcrash": {"path": "/data/ASE2024_GitHub/Turbulence-Benchmark-main/Phi3_T_D/Q52/Phi_3_results_3/Folder_90/tests52_90_3.py", "lineno": 14, "message": "AssertionError: assert not {'                                                                                                                                                                                                                                                                                                                              '}\n +  where {'                                                                                                                                                                                                                                                                                                                              '} = palindrome_of_length_n('                                                                                                                                                                                                                                                                                                                                                                                                                                                                                                                                                                                                                                                            ')"}, "reprtraceback": {"reprentries": [{"type": "ReprEntry", "data": {"lines": ["    def test_string_of_spaces():", "        s = ' ' * (318 * 2)", ">       assert not palindrome_of_length_n(s)", "E       AssertionError: assert not {'                                                                                                                                                                                                                                                                                                                              '}", "E        +  where {'                                                                                                                                                                                                                                                                                                                              '} = palindrome_of_length_n('                                                                                                                                                                                                                                                                                                                                                                                                                                                                                                                                                                                                                                                            ')"], "reprfuncargs": {"args": []}, "reprlocals": null, "reprfileloc": {"path": "Q52/Phi_3_results_3/Folder_90/tests52_90_3.py", "lineno": 14, "message": "AssertionError"}, "style": "long"}}], "extraline": null, "style": "long"}, "sections": [], "chain": [[{"reprentries": [{"type": "ReprEntry", "data": {"lines": ["    def test_string_of_spaces():", "        s = ' ' * (318 * 2)", ">       assert not palindrome_of_length_n(s)", "E       AssertionError: assert not {'                                                                                                                                                                                                                                                                                                                              '}", "E        +  where {'                                                                                                                                                                                                                                                                                                                              '} = palindrome_of_length_n('                                                                                                                                                                                                                                                                                                                                                                                                                                                                                                                                                                                                                                                            ')"], "reprfuncargs": {"args": []}, "reprlocals": null, "reprfileloc": {"path": "Q52/Phi_3_results_3/Folder_90/tests52_90_3.py", "lineno": 14, "message": "AssertionError"}, "style": "long"}}], "extraline": null, "style": "long"}, {"path": "/data/ASE2024_GitHub/Turbulence-Benchmark-main/Phi3_T_D/Q52/Phi_3_results_3/Folder_90/tests52_90_3.py", "lineno": 14, "message": "AssertionError: assert not {'                                                                                                                                                                                                                                                                                                                              '}\n +  where {'                                                                                                                                                                                                                                                                                                                              '} = palindrome_of_length_n('                                                                                                                                                                                                                                                                                                                                                                                                                                                                                                                                                                                                                                                            ')"}, null]]}, "when": "call", "user_properties": [], "sections": [], "duration": 0.0003373175859451294, "start": 1738458712.055786, "stop": 1738458712.0561237, "extras": [], "$report_type": "TestReport", "item_index": 1, "worker_id": "gw0", "testrun_uid": "59842a5526e1495aa08e35d4c372f8a2", "node": "<WorkerController gw0>"}
{"nodeid": "tests52_90_3.py::test_string_of_spaces", "location": ["tests52_90_3.py", 11, "test_string_of_spaces"], "keywords": {"test_string_of_spaces": 1, "tests52_90_3.py": 1, "Folder_90": 1, "": 1}, "outcome": "passed", "longrepr": null, "when": "teardown", "user_properties": [], "sections": [], "duration": 9.920541197061539e-05, "start": 1738458712.0644674, "stop": 1738458712.0645673, "$report_type": "TestReport", "item_index": 1, "worker_id": "gw0", "testrun_uid": "59842a5526e1495aa08e35d4c372f8a2", "node": "<WorkerController gw0>"}
{"exitstatus": 2, "$report_type": "SessionFinish"}
