{
  "parameter(s)": [
    18,
    33,
    60
  ],
  "test_result_is_in_given_string": [
    "passed",
    "",
    0.00017
  ],
  "test_result_is_larger": [
    "failed",
    "assert 10 == (18 - 1)",
    0.00034
  ],
  "test_result_is_smaller": [
    "failed",
    "AssertionError: assert 17 == (28 - 18)\n +  where 28 = len('yMva{7F#f.S6okAPt^q$ZXDsh@!_')",
    0.00041
  ],
  "test_random_string": [
    "failed",
    "AssertionError: assert 'Z' == '['\n  - [\n  + Z",
    0.00025
  ]
}