{
  "parameter(s)": [
    20,
    43
  ],
  "test_repeat_char": [
    "failed",
    "IndexError: string index out of range",
    0.00016
  ],
  "test_absence_of_duplicates": [
    "failed",
    "AssertionError: assert 'i' not in 'AQZfBaDhRku...aVhQynWWUpTX'\n  'i' is contained here:\n    AQZfBaDhRkuCiyaSzKdNmuKziNOZPAYjBnKyCJLEIrFpkdiUzhLybLghnzxMiqaVhQynWWUpTX\n  ?             +",
    0.00054
  ],
  "test_merged_strings": [
    "failed",
    "AssertionError: assert 'aaaaaaaaaaaa...bbbbbbbbbbbbb' == 'bbbbbbbbbbbb...bbbbbbbbbbbbb'\n  - bbbbbbbbbbbbbbbbbbbbbbbbbbbbbbbbbbbbbbbbbbb\n  + aaaaaaaaaaaaaaaaaaaaaaaaaaaaaaaabbbbbbbbbbbbbbbbbbbbbbbbbbbbbbbb",
    0.00041
  ]
}