{
  "parameter(s)": [
    ";",
    "g",
    31,
    38
  ],
  "test_compare_lengths_with_large_string": [
    "passed",
    "",
    0.00015
  ],
  "test_repeat_char": [
    "failed",
    "AssertionError: assert '' == 'mmmmmmmmmmmm...mmmmmmmmmmmmm'\n  - mmmmmmmmmmmmmmmmmmmmmmmmmmmmmmmmmmmmmmmm",
    0.00033
  ],
  "test_property_of_function": [
    "failed",
    "AssertionError: assert 'b' not in 'WHHBOWWgPBP...YBPHIfcBgRgF'\n  'b' is contained here:\n    WHHBOWWgPBPeddfUSBJgOHQbNfMFEPKLRQFNQbCVTYBPHIfcBgRgF\n  ?                        +",
    0.00043
  ]
}