{
  "parameter(s)": [
    35,
    "ascending"
  ],
  "test_length_of_result": [
    "passed",
    "",
    0.00016
  ],
  "test_if_result_is_sorted": [
    "failed",
    "AssertionError: assert ['~', 'z', 'y...'s', 'q', ...] == [')', '.', '/...'=', '@', ...]\n  At index 0 diff: '~' != ')'\n  Full diff:\n    [\n  +  '~',\n  +  'z',\n  +  'y',\n  +  'w',...\n  \n  ...Full output truncated (66 lines hidden), use '-vv' to show",
    0.00051
  ],
  "test_strings_of_size_equal_to_35": [
    "failed",
    "AssertionError: assert ['~', '}', '{...'w', 'v', ...] == [' ', '!', '%...'+', '-', ...]\n  At index 0 diff: '~' != ' '\n  Full diff:\n    [\n  +  '~',\n  +  '}',\n  +  '{',\n  +  'y',...\n  \n  ...Full output truncated (66 lines hidden), use '-vv' to show",
    0.00062
  ]
}