{
  "parameter(s)": [
    "H",
    "e",
    38,
    69
  ],
  "test_compare_lengths_with_large_string": [
    "passed",
    "",
    0.00011
  ],
  "test_repeat_char": [
    "passed",
    "",
    0.00012
  ],
  "test_property_of_function": [
    "failed",
    "AssertionError: assert 'e' not in 'dhhntutxmoi...yilpzdmoeiyr'\n  'e' is contained here:\n    dhhntutxmoiirxzwzuhsmeqgrrlxtrzitesuwnlvhtdkyilpzdmoeiyr\n  ?                      +",
    0.00054
  ],
  "test_chars_not_in_range": [
    "failed",
    "AssertionError: assert '%k n>q+ >g n...%mjvfx @g> j ' == '%k n>q+CF >g...ExF A@Cg> jB '\n  - %k n>q+CF >gB n%oGrv $hDjvG % %zzxk%mjvfExF A@Cg> jB \n  ?        --   -    -     -  -             - ^^^ -    ^^\n  + %k n>q+ >g n%orv $hjv % %zzxk%mjvfx @g> j \n  ?                                    ^     ^",
    0.00033
  ]
}