{
  "parameter(s)": [
    17,
    95,
    13,
    49
  ],
  "test_string_of_distinct_chars": [
    "passed",
    "",
    0.00016
  ],
  "test_string_of_spaces_and_letters": [
    "failed",
    "AssertionError: assert not {'  a  a  a  a  ', '  a  a  a  a  a  ', '  a  a  a  a  a  a  ', '  a  a  a  a  a  a  a  ', '  a  a  a  a  a  a  a  a  ', ' a  a  a  a  a ', ...}\n +  where {'  a  a  a  a  ', '  a  a  a  a  a  ', '  a  a  a  a  a  a  ', '  a  a  a  a  a  a  a  ', '  a  a  a  a  a  a  a  a  ', ' a  a  a  a  a ', ...} = palindromes_of_specific_lengths(' a  a  a  a  a  a  a  a  a  a  a  a  a  a  a  a  a  a  a  a  a  a  a  a  a  a  a  a  a  a  a  a  a  a  a  a  a  a  a  a  a  a  a  a  a  a  a  a  a  a  a  a  a  a  a  a  a  a  a  a  a  a  a  a  a  a  a  a  a  a  a  a  a  a  a  a  a  a  a  a  a  a  a  a  a  a  a  a  a  a  a  a  a  a  a  a  a  a  a  a  a  a  a  a  a  a  a  a  a  a  a  a  a  a  a  a  a  a  a  a  a  a  a  a  a  a  a  a  a  a  a  a  a  a  a  a  a  a  a  a  a  a  a  a  a  a  a  a  a  a  a  a  a  a  a  a  a  a  a  a  a  a  a  a  a  a  a  a  a  a  a  a  a  a  a  a  a  a  a  a  a  a  a  a  a  a  a  a  a  a  a  a  a  a  a  a  a  a  a  a  a  a  a  a  a  a  a  a  a  a  a  a  a  a  a  a  a  a  a  a  a  a  a  a  a  a  a  a  a  a  a  a  a  a  a  a  a  a  a  a  a  a  a  a  a  a  a  a  a  a  a  a  a  a  a  a  a  a  a  a  a  a  a  a  a  a  a  a  a  a  a  a  a  a  a  a  a  a  a  a  a  a  a  a  a ')",
    0.00055
  ],
  "test_string_of_similar_chars": [
    "failed",
    "AssertionError: assert {'aaaaaaaaaaa...aaaaaaa', ...} == {'aaaaaaaaaaa...aaaaaaa', ...}\n  Extra items in the right set:\n  'aaaaaaaaaaaaaaaaaaaaaaaaaaaaaaaaaaaaaaaaaaaa'\n  'aaaaaaaaaaaaaaaaaaaaaaaaaaaaaaaaaaaaaaaaaaaaaaaa'\n  'aaaaaaaaaaaaaaaaaaaaaaaaaaaaaaaaaaaaaaaaaa'\n  'aaaaaaaaaaaaaaaaaaaaaaaaaaaaaaaaaaaaaaaaaaaaa'\n  'aaaaaaaaaaaaaaaaaaaaaaaaaaaaaaaaaaaaaaaaaaaaaaa'\n  'aaaaaaaaaaaaaaaaaaaaaaaaaaaaaaaaaaaaaaaaaaaaaa'...\n  \n  ...Full output truncated (55 lines hidden), use '-vv' to show",
    0.00135
  ],
  "test_string_of_spaces": [
    "failed",
    "AssertionError: assert {'           ...       ', ...} == set()\n  Extra items in the left set:\n  '                    '\n  '                        '\n  '                      '\n  '                   '\n  '                     '\n  '                          '...\n  \n  ...Full output truncated (31 lines hidden), use '-vv' to show",
    0.00157
  ]
}