{
  "parameter(s)": [
    2
  ],
  "test_string_of_same_character": [
    "failed",
    "AssertionError: assert not ['  ']\n +  where ['  '] = all_substring_of_size_n('           ')",
    0.00104
  ],
  "test_one_character_string": [
    "failed",
    "AssertionError: assert not ['aa']\n +  where ['aa'] = all_substring_of_size_n('a')",
    0.00026
  ],
  "test_same_character_string": [
    "failed",
    "AssertionError: assert not ['aa']\n +  where ['aa'] = all_substring_of_size_n('aa')",
    0.00023
  ]
}