{
  "parameter(s)": [
    31,
    "ascending"
  ],
  "test_length_of_result": [
    "passed",
    "",
    0.00016
  ],
  "test_if_result_is_sorted": [
    "failed",
    "AssertionError: assert ['}', 'z', 'v...'n', 'l', ...] == ['+', '.', '/...'6', '9', ...]\n  At index 0 diff: '}' != '+'\n  Full diff:\n    [\n  +  '}',\n  +  'z',\n  +  'v',\n  +  'q',...\n  \n  ...Full output truncated (58 lines hidden), use '-vv' to show",
    0.00056
  ],
  "test_strings_of_size_equal_to_31": [
    "failed",
    "AssertionError: assert ['{', 'z', 'x...'s', 'r', ...] == ['!', '$', '%...'*', '-', ...]\n  At index 0 diff: '{' != '!'\n  Full diff:\n    [\n  +  '{',\n  +  'z',\n  +  'x',\n  +  't',...\n  \n  ...Full output truncated (58 lines hidden), use '-vv' to show",
    0.00054
  ]
}