{
  "parameter(s)": [
    28
  ],
  "test_string_of_similar_chars_of_length_28": [
    "passed",
    "",
    0.0002
  ],
  "test_string_of_many_chars": [
    "failed",
    "AssertionError: assert not {'abcdefabcdefabcdefabcdefabcdefabcdefabcdefabcdefabcdefabcdefabcdefabcdefabcdefabcdefabcdefabcdefabcdefabcdefabcdefabcdefabcdefabcdefabcdefabcdefabcdefabcdefabcdefabcdef'}\n +  where {'abcdefabcdefabcdefabcdefabcdefabcdefabcdefabcdefabcdefabcdefabcdefabcdefabcdefabcdefabcdefabcdefabcdefabcdefabcdefabcdefabcdefabcdefabcdefabcdefabcdefabcdefabcdefabcdef'} = palindrome_of_length_at_least_n('abcdefabcdefabcdefabcdefabcdefabcdefabcdefabcdefabcdefabcdefabcdefabcdefabcdefabcdefabcdefabcdefabcdefabcdefabcdefabcdefabcdefabcdefabcdefabcdefabcdefabcdefabcdefabcdef')",
    0.00028
  ],
  "test_string_of_spaces_and_letters": [
    "failed",
    "AssertionError: assert not {'a'}\n +  where {'a'} = palindrome_of_length_at_least_n(' a  a  a  a  a  a  a  a  a  a  a  a  a  a  a  a  a  a  a  a  a  a  a  a  a  a  a  a  a  a  a  a  a  a  a  a  a  a  a  a  a  a  a  a  a  a  a  a  a  a  a  a  a  a  a  a ')",
    0.00034
  ],
  "test_string_of_similar_chars_of_length_greater_than_28": [
    "failed",
    "AssertionError: assert {'aaaaaaaaaaa...aaaaaaaaaaaa'} == {'aaaaaaaaaaa...aaaaaaa', ...}\n  Extra items in the right set:\n  'aaaaaaaaaaaaaaaaaaaaaaaaaaaaaaaaaaaaaaaaaaaaaaaaaa'\n  'aaaaaaaaaaaaaaaaaaaaaaaaaaaaaaaaaaaaa'\n  'aaaaaaaaaaaaaaaaaaaaaaaaaaaaaa'\n  'aaaaaaaaaaaaaaaaaaaaaaaaaaaaaaaaaaaaaaaa'\n  'aaaaaaaaaaaaaaaaaaaaaaaaaaaaaaaaaaaaaaaaaaaaaaaa'\n  'aaaaaaaaaaaaaaaaaaaaaaaaaaaaaaaaaaa'...\n  \n  ...Full output truncated (54 lines hidden), use '-vv' to show",
    0.00075
  ]
}