{
  "parameter(s)": [
    "i",
    "v",
    11,
    72
  ],
  "test_compare_lengths_with_large_string": [
    "passed",
    "",
    0.00014
  ],
  "test_property_of_function": [
    "failed",
    "AssertionError: assert 'r' not in 'nHdbUqOioqR...CDFdrPYlbfFj'\n  'r' is contained here:\n    nHdbUqOioqRUWINddXeOcxXANMXUJYGZNMWMAgRLDgHEyzhSVTGwGCcgBIBnZUZQrNOpYMigLviUIqaXDFlqlllcuYpbgdfgJIrTOuoXVhHinyTutvFhCDFdrPYlbfFj\n  ?                                                                 +",
    0.00042
  ],
  "test_repeat_char": [
    "failed",
    "AssertionError: assert 'mmmmmmmmmmmm' == ''\n  + mmmmmmmmmmmm",
    0.0003
  ]
}