{
  "parameter(s)": [
    19,
    "ascending"
  ],
  "test_length_of_result": [
    "passed",
    "",
    0.00018
  ],
  "test_if_result_is_sorted": [
    "failed",
    "AssertionError: assert ['{', 'q', 'p...'n', 'g', ...] == ['.', '/', '2...':', '=', ...]\n  At index 0 diff: '{' != '.'\n  Full diff:\n    [\n  +  '{',\n  +  'q',\n  +  'p',\n  +  'o',...\n  \n  ...Full output truncated (34 lines hidden), use '-vv' to show",
    0.00064
  ],
  "test_strings_of_size_equal_to_19": [
    "failed",
    "AssertionError: assert ['{', 'y', 'u...'q', 'n', ...] == ['%', '(', '2...'<', '?', ...]\n  At index 0 diff: '{' != '%'\n  Full diff:\n    [\n  +  '{',\n  +  'y',\n  +  'u',\n  +  's',...\n  \n  ...Full output truncated (34 lines hidden), use '-vv' to show",
    0.00061
  ]
}