{
  "parameter(s)": [
    25,
    80
  ],
  "test_all_one_range": [
    "failed",
    "AssertionError: assert [1, 1, 1, 1, 1, 1, ...] == [1, 1, 1, 1, 1, 1, ...]\n  Right contains 27 more items, first extra item: 1\n  Full diff:\n    [\n     1,\n     1,\n     1,\n     1,...\n  \n  ...Full output truncated (51 lines hidden), use '-vv' to show",
    0.00049
  ],
  "test_odd_same_number": [
    "failed",
    "AssertionError: assert [-11, -11, -1...-11, -11, ...] == [-11, -11, -1...-11, -11, ...]\n  Right contains 27 more items, first extra item: -11\n  Full diff:\n    [\n     -11,\n     -11,\n     -11,\n     -11,...\n  \n  ...Full output truncated (51 lines hidden), use '-vv' to show",
    0.00057
  ],
  "test_even_range": [
    "failed",
    "AssertionError: assert [54, 58, 62, 66, 70, 74, ...] == []\n  Left contains 27 more items, first extra item: 54\n  Full diff:\n    [\n  -  ,\n  +  54,\n  +  58,\n  +  62,...\n  \n  ...Full output truncated (25 lines hidden), use '-vv' to show",
    0.00055
  ]
}