{
  "parameter(s)": [
    23,
    "ascending"
  ],
  "test_length_of_result": [
    "passed",
    "",
    0.00019
  ],
  "test_if_result_is_sorted": [
    "failed",
    "AssertionError: assert ['{', 'u', 't...'j', 'f', ...] == [')', '*', '+...'2', ';', ...]\n  At index 0 diff: '{' != ')'\n  Full diff:\n    [\n  +  '{',\n  +  'u',\n  +  't',\n  +  'm',...\n  \n  ...Full output truncated (42 lines hidden), use '-vv' to show",
    0.00078
  ],
  "test_strings_of_size_equal_to_23": [
    "failed",
    "AssertionError: assert ['v', 't', 'r...'c', 'b', ...] == ['+', '6', '8...'<', '=', ...]\n  At index 0 diff: 'v' != '+'\n  Full diff:\n    [\n  +  'v',\n  +  't',\n  +  'r',\n  +  'm',...\n  \n  ...Full output truncated (42 lines hidden), use '-vv' to show",
    0.00066
  ]
}