{
  "parameter(s)": [
    "A",
    "Q",
    38,
    99
  ],
  "test_compare_lengths_with_large_string": [
    "passed",
    "",
    0.00017
  ],
  "test_repeat_char": [
    "failed",
    "AssertionError: assert '' == 'mmmmmmmmmmmm...mmmmmmmmmmmmm'\n  - mmmmmmmmmmmmmmmmmmmmmmmmmmmmmmmmmmmmmmmmmmmmmmmmmmmmmmmmmmmmmmmmmmmmmmmmmmmmmmmmmmmmmmmmmmmmmmmmmmmmm",
    0.00033
  ],
  "test_property_of_function": [
    "failed",
    "AssertionError: assert 'F' not in 'XQXHSZRFDCS...ZAEIWbcdPCLG'\n  'F' is contained here:\n    XQXHSZRFDCSZVHOJZUFLOXdfFbXNCCJJIMKIQGYOQfcAZYeOaIMXZLRPVNfaKOdKENTIbEKYUMaKcDbSKKbdFfRKBUFaQTUTSXTYCOCSHYATSDSDdRUWDZAEIWbcdPCLG\n  ?        +",
    0.00065
  ]
}