{
  "parameter(s)": [
    533,
    605
  ],
  "test_zero_range": [
    "passed",
    "",
    0.00013
  ],
  "test_range_size": [
    "passed",
    "",
    0.0001
  ],
  "test_range_sum": [
    "passed",
    "",
    7e-05
  ],
  "test_even_range": [
    "failed",
    "AssertionError: assert [1066, 1068, ...74, 1076, ...] == [1068, 1070, ...76, 1078, ...]\n  At index 0 diff: 1066 != 1068\n  Left contains one more item: 1212\n  Full diff:\n    [\n  +  1066,\n     1068,\n     1070,...\n  \n  ...Full output truncated (72 lines hidden), use '-vv' to show",
    0.00097
  ],
  "test_large_range": [
    "failed",
    "AssertionError: assert [533, 534, 53...537, 538, ...] == [534, 535, 53...538, 539, ...]\n  At index 0 diff: 533 != 534\n  Left contains one more item: 606\n  Full diff:\n    [\n  +  533,\n     534,\n     535,...\n  \n  ...Full output truncated (72 lines hidden), use '-vv' to show",
    0.00064
  ],
  "test_ones_range_sum": [
    "failed",
    "assert 74 == ((605 - 533) + 1)\n +  where 74 = sum([1, 1, 1, 1, 1, 1, ...])\n +    where [1, 1, 1, 1, 1, 1, ...] = all_pos_ints_inclusive([1, 1, 1, 1, 1, 1, ...])",
    0.00024
  ]
}