{"category": "PytestAssertRewriteWarning", "filename": "/data/miniconda3/envs/benchmark/lib/python3.12/site-packages/_pytest/config/__init__.py", "lineno": 1277, "message": "Module already imported so cannot be rewritten: anyio", "$report_type": "WarningMessage", "when": "config", "location": ["/data/miniconda3/envs/benchmark/lib/python3.12/site-packages/_pytest/config/__init__.py", 1277, "_consider_importhook"]}
{"category": "PytestAssertRewriteWarning", "filename": "/data/miniconda3/envs/benchmark/lib/python3.12/site-packages/_pytest/config/__init__.py", "lineno": 1277, "message": "Module already imported so cannot be rewritten: anyio", "$report_type": "WarningMessage", "when": "config", "location": ["/data/miniconda3/envs/benchmark/lib/python3.12/site-packages/_pytest/config/__init__.py", 1277, "_consider_importhook"]}
{"pytest_version": "8.3.3", "$report_type": "SessionStart"}
{"nodeid": "tests37_95_1.py::test_repeat_char", "location": ["tests37_95_1.py", 5, "test_repeat_char"], "keywords": {"test_repeat_char": 1, "tests37_95_1.py": 1, "Folder_95": 1, "": 1}, "outcome": "passed", "longrepr": null, "when": "setup", "user_properties": [], "sections": [], "duration": 9.589269757270813e-05, "start": 1738452060.4305491, "stop": 1738452060.4306455, "$report_type": "TestReport", "item_index": 0, "worker_id": "gw0", "testrun_uid": "34ff9bdefc2648e9ba58c4d3bc2e421c", "node": "<WorkerController gw0>"}
{"nodeid": "tests37_95_1.py::test_repeat_char", "location": ["tests37_95_1.py", 5, "test_repeat_char"], "keywords": {"test_repeat_char": 1, "tests37_95_1.py": 1, "Folder_95": 1, "": 1}, "outcome": "passed", "longrepr": null, "when": "call", "user_properties": [], "sections": [], "duration": 8.273031562566757e-05, "start": 1738452060.4307644, "stop": 1738452060.4308476, "extras": [], "$report_type": "TestReport", "item_index": 0, "worker_id": "gw0", "testrun_uid": "34ff9bdefc2648e9ba58c4d3bc2e421c", "node": "<WorkerController gw0>"}
{"nodeid": "tests37_95_1.py::test_repeat_char", "location": ["tests37_95_1.py", 5, "test_repeat_char"], "keywords": {"test_repeat_char": 1, "tests37_95_1.py": 1, "Folder_95": 1, "": 1}, "outcome": "passed", "longrepr": null, "when": "teardown", "user_properties": [], "sections": [], "duration": 5.416944622993469e-05, "start": 1738452060.4310484, "stop": 1738452060.431103, "$report_type": "TestReport", "item_index": 0, "worker_id": "gw0", "testrun_uid": "34ff9bdefc2648e9ba58c4d3bc2e421c", "node": "<WorkerController gw0>"}
{"nodeid": "tests37_95_1.py::test_property_of_function", "location": ["tests37_95_1.py", 13, "test_property_of_function"], "keywords": {"test_property_of_function": 1, "tests37_95_1.py": 1, "Folder_95": 1, "": 1}, "outcome": "passed", "longrepr": null, "when": "setup", "user_properties": [], "sections": [], "duration": 6.532296538352966e-05, "start": 1738452060.4321265, "stop": 1738452060.4321923, "$report_type": "TestReport", "item_index": 1, "worker_id": "gw0", "testrun_uid": "34ff9bdefc2648e9ba58c4d3bc2e421c", "node": "<WorkerController gw0>"}
{"nodeid": "tests37_95_1.py::test_property_of_function", "location": ["tests37_95_1.py", 13, "test_property_of_function"], "keywords": {"test_property_of_function": 1, "tests37_95_1.py": 1, "Folder_95": 1, "": 1}, "outcome": "failed", "longrepr": {"reprcrash": {"path": "/data/ASE2024_GitHub/Turbulence-Benchmark-main/Phi3_T_0/Q37/Phi_3_results_1/Folder_95/tests37_95_1.py", "lineno": 20, "message": "AssertionError: assert 'Z' not in 'SLdyzzRQoqe...zoYPvozIrnUi'\n  \n  'Z' is contained here:\n    SLdyzzRQoqeyPqjwejcgGKdSAlXeFZAcmJoqdICXTuGXZlnVLGVUDtvzoYPvozIrnUi\n  ?                              +"}, "reprtraceback": {"reprentries": [{"type": "ReprEntry", "data": {"lines": ["    def test_property_of_function():", "        s = ''.join(random.choice(string.ascii_letters) for _ in range(40 * 2))", "        returned_s = filter_chars(s)", "        sliced_s = s[35:40+1]", "        for char in sliced_s:", "            if ')' <= char <= 'l':", ">               assert char not in returned_s", "E               AssertionError: assert 'Z' not in 'SLdyzzRQoqe...zoYPvozIrnUi'", "E                 ", "E                 'Z' is contained here:", "E                   SLdyzzRQoqeyPqjwejcgGKdSAlXeFZAcmJoqdICXTuGXZlnVLGVUDtvzoYPvozIrnUi", "E                 ?                              +"], "reprfuncargs": {"args": []}, "reprlocals": null, "reprfileloc": {"path": "Q37/Phi_3_results_1/Folder_95/tests37_95_1.py", "lineno": 20, "message": "AssertionError"}, "style": "long"}}], "extraline": null, "style": "long"}, "sections": [], "chain": [[{"reprentries": [{"type": "ReprEntry", "data": {"lines": ["    def test_property_of_function():", "        s = ''.join(random.choice(string.ascii_letters) for _ in range(40 * 2))", "        returned_s = filter_chars(s)", "        sliced_s = s[35:40+1]", "        for char in sliced_s:", "            if ')' <= char <= 'l':", ">               assert char not in returned_s", "E               AssertionError: assert 'Z' not in 'SLdyzzRQoqe...zoYPvozIrnUi'", "E                 ", "E                 'Z' is contained here:", "E                   SLdyzzRQoqeyPqjwejcgGKdSAlXeFZAcmJoqdICXTuGXZlnVLGVUDtvzoYPvozIrnUi", "E                 ?                              +"], "reprfuncargs": {"args": []}, "reprlocals": null, "reprfileloc": {"path": "Q37/Phi_3_results_1/Folder_95/tests37_95_1.py", "lineno": 20, "message": "AssertionError"}, "style": "long"}}], "extraline": null, "style": "long"}, {"path": "/data/ASE2024_GitHub/Turbulence-Benchmark-main/Phi3_T_0/Q37/Phi_3_results_1/Folder_95/tests37_95_1.py", "lineno": 20, "message": "AssertionError: assert 'Z' not in 'SLdyzzRQoqe...zoYPvozIrnUi'\n  \n  'Z' is contained here:\n    SLdyzzRQoqeyPqjwejcgGKdSAlXeFZAcmJoqdICXTuGXZlnVLGVUDtvzoYPvozIrnUi\n  ?                              +"}, null]]}, "when": "call", "user_properties": [], "sections": [], "duration": 0.0003082193434238434, "start": 1738452060.4322655, "stop": 1738452060.432574, "extras": [], "$report_type": "TestReport", "item_index": 1, "worker_id": "gw0", "testrun_uid": "34ff9bdefc2648e9ba58c4d3bc2e421c", "node": "<WorkerController gw0>"}
{"nodeid": "tests37_95_1.py::test_property_of_function", "location": ["tests37_95_1.py", 13, "test_property_of_function"], "keywords": {"test_property_of_function": 1, "tests37_95_1.py": 1, "Folder_95": 1, "": 1}, "outcome": "passed", "longrepr": null, "when": "teardown", "user_properties": [], "sections": [], "duration": 8.919369429349899e-05, "start": 1738452060.440724, "stop": 1738452060.4408135, "$report_type": "TestReport", "item_index": 1, "worker_id": "gw0", "testrun_uid": "34ff9bdefc2648e9ba58c4d3bc2e421c", "node": "<WorkerController gw0>"}
{"exitstatus": 2, "$report_type": "SessionFinish"}
