{"category": "PytestAssertRewriteWarning", "filename": "/data/miniconda3/envs/benchmark/lib/python3.12/site-packages/_pytest/config/__init__.py", "lineno": 1277, "message": "Module already imported so cannot be rewritten: anyio", "$report_type": "WarningMessage", "when": "config", "location": ["/data/miniconda3/envs/benchmark/lib/python3.12/site-packages/_pytest/config/__init__.py", 1277, "_consider_importhook"]}
{"category": "PytestAssertRewriteWarning", "filename": "/data/miniconda3/envs/benchmark/lib/python3.12/site-packages/_pytest/config/__init__.py", "lineno": 1277, "message": "Module already imported so cannot be rewritten: anyio", "$report_type": "WarningMessage", "when": "config", "location": ["/data/miniconda3/envs/benchmark/lib/python3.12/site-packages/_pytest/config/__init__.py", 1277, "_consider_importhook"]}
{"pytest_version": "8.3.3", "$report_type": "SessionStart"}
{"nodeid": "tests37_17_1.py::test_repeat_char", "location": ["tests37_17_1.py", 5, "test_repeat_char"], "keywords": {"test_repeat_char": 1, "tests37_17_1.py": 1, "Folder_17": 1, "": 1}, "outcome": "passed", "longrepr": null, "when": "setup", "user_properties": [], "sections": [], "duration": 0.00013383757323026657, "start": 1738503264.9945567, "stop": 1738503264.9946911, "$report_type": "TestReport", "item_index": 0, "worker_id": "gw0", "testrun_uid": "367153697a124da6ac0a166878e99431", "node": "<WorkerController gw0>"}
{"nodeid": "tests37_17_1.py::test_repeat_char", "location": ["tests37_17_1.py", 5, "test_repeat_char"], "keywords": {"test_repeat_char": 1, "tests37_17_1.py": 1, "Folder_17": 1, "": 1}, "outcome": "passed", "longrepr": null, "when": "call", "user_properties": [], "sections": [], "duration": 0.00018444564193487167, "start": 1738503264.9948423, "stop": 1738503264.9950273, "extras": [], "$report_type": "TestReport", "item_index": 0, "worker_id": "gw0", "testrun_uid": "367153697a124da6ac0a166878e99431", "node": "<WorkerController gw0>"}
{"nodeid": "tests37_17_1.py::test_repeat_char", "location": ["tests37_17_1.py", 5, "test_repeat_char"], "keywords": {"test_repeat_char": 1, "tests37_17_1.py": 1, "Folder_17": 1, "": 1}, "outcome": "passed", "longrepr": null, "when": "teardown", "user_properties": [], "sections": [], "duration": 8.197221904993057e-05, "start": 1738503264.9952714, "stop": 1738503264.995354, "$report_type": "TestReport", "item_index": 0, "worker_id": "gw0", "testrun_uid": "367153697a124da6ac0a166878e99431", "node": "<WorkerController gw0>"}
{"nodeid": "tests37_17_1.py::test_property_of_function", "location": ["tests37_17_1.py", 13, "test_property_of_function"], "keywords": {"test_property_of_function": 1, "tests37_17_1.py": 1, "Folder_17": 1, "": 1}, "outcome": "passed", "longrepr": null, "when": "setup", "user_properties": [], "sections": [], "duration": 9.106937795877457e-05, "start": 1738503264.996464, "stop": 1738503264.9965558, "$report_type": "TestReport", "item_index": 1, "worker_id": "gw0", "testrun_uid": "367153697a124da6ac0a166878e99431", "node": "<WorkerController gw0>"}
{"nodeid": "tests37_17_1.py::test_property_of_function", "location": ["tests37_17_1.py", 13, "test_property_of_function"], "keywords": {"test_property_of_function": 1, "tests37_17_1.py": 1, "Folder_17": 1, "": 1}, "outcome": "failed", "longrepr": {"reprcrash": {"path": "/data/ASE2024_GitHub/Turbulence-Benchmark-main/Command_T_D/Q37/command_results_1/Folder_17/tests37_17_1.py", "lineno": 20, "message": "AssertionError: assert 'Z' not in 'fZIjXcNTPNH...KrSeEYCdDfYR'\n  \n  'Z' is contained here:\n    fZIjXcNTPNHwcSAnnxedFAAZqYZNDTSmDJChMMEIqEaAKrSeEYCdDfYR\n  ?  +"}, "reprtraceback": {"reprentries": [{"type": "ReprEntry", "data": {"lines": ["    def test_property_of_function():", "        s = ''.join(random.choice(string.ascii_letters) for _ in range(29 * 2))", "        returned_s = filter_chars(s)", "        sliced_s = s[27:29+1]", "        for char in sliced_s:", "            if ';' <= char <= 'b':", ">               assert char not in returned_s", "E               AssertionError: assert 'Z' not in 'fZIjXcNTPNH...KrSeEYCdDfYR'", "E                 ", "E                 'Z' is contained here:", "E                   fZIjXcNTPNHwcSAnnxedFAAZqYZNDTSmDJChMMEIqEaAKrSeEYCdDfYR", "E                 ?  +"], "reprfuncargs": {"args": []}, "reprlocals": null, "reprfileloc": {"path": "Q37/command_results_1/Folder_17/tests37_17_1.py", "lineno": 20, "message": "AssertionError"}, "style": "long"}}], "extraline": null, "style": "long"}, "sections": [], "chain": [[{"reprentries": [{"type": "ReprEntry", "data": {"lines": ["    def test_property_of_function():", "        s = ''.join(random.choice(string.ascii_letters) for _ in range(29 * 2))", "        returned_s = filter_chars(s)", "        sliced_s = s[27:29+1]", "        for char in sliced_s:", "            if ';' <= char <= 'b':", ">               assert char not in returned_s", "E               AssertionError: assert 'Z' not in 'fZIjXcNTPNH...KrSeEYCdDfYR'", "E                 ", "E                 'Z' is contained here:", "E                   fZIjXcNTPNHwcSAnnxedFAAZqYZNDTSmDJChMMEIqEaAKrSeEYCdDfYR", "E                 ?  +"], "reprfuncargs": {"args": []}, "reprlocals": null, "reprfileloc": {"path": "Q37/command_results_1/Folder_17/tests37_17_1.py", "lineno": 20, "message": "AssertionError"}, "style": "long"}}], "extraline": null, "style": "long"}, {"path": "/data/ASE2024_GitHub/Turbulence-Benchmark-main/Command_T_D/Q37/command_results_1/Folder_17/tests37_17_1.py", "lineno": 20, "message": "AssertionError: assert 'Z' not in 'fZIjXcNTPNH...KrSeEYCdDfYR'\n  \n  'Z' is contained here:\n    fZIjXcNTPNHwcSAnnxedFAAZqYZNDTSmDJChMMEIqEaAKrSeEYCdDfYR\n  ?  +"}, null]]}, "when": "call", "user_properties": [], "sections": [], "duration": 0.00034739263355731964, "start": 1738503264.99666, "stop": 1738503264.9970078, "extras": [], "$report_type": "TestReport", "item_index": 1, "worker_id": "gw0", "testrun_uid": "367153697a124da6ac0a166878e99431", "node": "<WorkerController gw0>"}
{"nodeid": "tests37_17_1.py::test_property_of_function", "location": ["tests37_17_1.py", 13, "test_property_of_function"], "keywords": {"test_property_of_function": 1, "tests37_17_1.py": 1, "Folder_17": 1, "": 1}, "outcome": "passed", "longrepr": null, "when": "teardown", "user_properties": [], "sections": [], "duration": 0.00010087341070175171, "start": 1738503265.0054088, "stop": 1738503265.00551, "$report_type": "TestReport", "item_index": 1, "worker_id": "gw0", "testrun_uid": "367153697a124da6ac0a166878e99431", "node": "<WorkerController gw0>"}
{"exitstatus": 2, "$report_type": "SessionFinish"}
