{
  "parameter(s)": [
    "Y",
    "s",
    3,
    5
  ],
  "test_compare_lengths_with_large_string": [
    "passed",
    "",
    0.00017
  ],
  "test_property_of_function": [
    "passed",
    "",
    0.00014
  ],
  "test_repeat_char": [
    "failed",
    "AssertionError: assert not 'mmmmmmm'\n +  where 'mmmmmmm' = filter_chars('mmmmmmm')",
    0.00022
  ],
  "test_chars_in_range": [
    "failed",
    "AssertionError: assert 'i' not in 'onrdila\\\\pcngpo`'\n  'i' is contained here:\n    onrdila\\pcngpo`\n  ?     +",
    0.00029
  ]
}