{
  "parameter(s)": [
    370,
    918
  ],
  "test_lengths": [
    "passed",
    "",
    0.0001
  ],
  "test_sums": [
    "passed",
    "",
    7e-05
  ],
  "test_large_range": [
    "failed",
    "AssertionError: assert [370, 371, 37...374, 375, ...] == [371, 372, 37...375, 376, ...]\n  At index 0 diff: 370 != 371\n  Left contains one more item: 917\n  Full diff:\n    [\n  +  370,\n     371,\n     372,...\n  \n  ...Full output truncated (546 lines hidden), use '-vv' to show",
    0.00245
  ],
  "test_even_range": [
    "failed",
    "AssertionError: assert [740, 742, 74...748, 750, ...] == [742, 744, 74...750, 752, ...]\n  At index 0 diff: 740 != 742\n  Left contains one more item: 1834\n  Full diff:\n    [\n  +  740,\n     742,\n     744,...\n  \n  ...Full output truncated (546 lines hidden), use '-vv' to show",
    0.00299
  ],
  "test_list_concat": [
    "failed",
    "AssertionError: assert [0, 1, 2, 3, 4, 5, ...] == [0, 1, 2, 3, 4, 5, ...]\n  At index 371 diff: 370 != 371\n  Left contains one more item: 9189\n  Full diff:\n    [\n     0,\n     1,\n     2,...\n  \n  ...Full output truncated (9189 lines hidden), use '-vv' to show",
    0.02547
  ]
}