{
  "parameter(s)": [
    7,
    67,
    77
  ],
  "test_result_is_in_given_string": [
    "passed",
    "",
    0.00014
  ],
  "test_result_is_larger": [
    "failed",
    "assert 3 == (7 - 1)",
    0.00033
  ],
  "test_result_is_smaller": [
    "failed",
    "AssertionError: assert 1 == (11 - 7)\n +  where 11 = len(':/QhAS^B\\\\.>')",
    0.00045
  ],
  "test_random_string": [
    "failed",
    "AssertionError: assert 'U' == 'a'\n  - a\n  + U",
    0.00021
  ]
}