{
  "parameter(s)": [
    13,
    76
  ],
  "test_lengths": [
    "passed",
    "",
    0.0001
  ],
  "test_sums": [
    "passed",
    "",
    7e-05
  ],
  "test_large_range": [
    "failed",
    "AssertionError: assert [13, 14, 15, 16, 17, 18, ...] == [14, 15, 16, 17, 18, 19, ...]\n  At index 0 diff: 13 != 14\n  Left contains 2 more items, first extra item: 75\n  Full diff:\n    [\n  +  13,\n     14,\n     15,...\n  \n  ...Full output truncated (62 lines hidden), use '-vv' to show",
    0.00058
  ],
  "test_even_range": [
    "failed",
    "AssertionError: assert [13, 14, 15, 16, 17, 18, ...] == [28, 30, 32, 34, 36, 38, ...]\n  At index 0 diff: 13 != 28\n  Left contains 2 more items, first extra item: 75\n  Full diff:\n    [\n  +  13,\n  +  14,\n  +  15,...\n  \n  ...Full output truncated (99 lines hidden), use '-vv' to show",
    0.00072
  ],
  "test_list_concat": [
    "failed",
    "AssertionError: assert [0, 1, 2, 3, 4, 5, ...] == [0, 1, 2, 3, 4, 5, ...]\n  At index 14 diff: 13 != 14\n  Left contains 2 more items, first extra item: 768\n  Full diff:\n    [\n     0,\n     1,\n     2,...\n  \n  ...Full output truncated (770 lines hidden), use '-vv' to show",
    0.00241
  ]
}