{
  "parameter(s)": [
    6,
    37,
    59
  ],
  "test_result_is_in_given_string": [
    "passed",
    "",
    0.00019
  ],
  "test_result_is_smaller": [
    "failed",
    "AssertionError: assert 16 == (23 - 6)\n +  where 23 = len('g\\\\!RH8wcA%BZU&):/V9tYk ')",
    0.00028
  ],
  "test_result_is_larger": [
    "failed",
    "assert 4 == (6 - 1)",
    0.00028
  ],
  "test_random_string": [
    "failed",
    "AssertionError: assert 'R' == '<'\n  - <\n  + R",
    0.00036
  ]
}