{
  "parameter(s)": [
    33,
    "descending"
  ],
  "test_length_of_result": [
    "passed",
    "",
    0.00016
  ],
  "test_if_result_is_sorted": [
    "failed",
    "AssertionError: assert ['%', '/', '1...':', '<', ...] == ['}', '|', 'z...'t', 'r', ...]\n  At index 0 diff: '%' != '}'\n  Full diff:\n    [\n  +  '%',\n  +  '/',\n  +  '1',\n  +  '9',...\n  \n  ...Full output truncated (62 lines hidden), use '-vv' to show",
    0.00065
  ],
  "test_strings_of_size_equal_to_33": [
    "failed",
    "AssertionError: assert ['!', '%', '&...'/', '5', ...] == ['~', '}', '{...'t', 'o', ...]\n  At index 0 diff: '!' != '~'\n  Full diff:\n    [\n  +  '!',\n  +  '%',\n  +  '&',\n  +  '-',...\n  \n  ...Full output truncated (62 lines hidden), use '-vv' to show",
    0.0006
  ]
}