{
  "parameter(s)": [
    "S",
    "{",
    19,
    33
  ],
  "test_compare_lengths_with_large_string": [
    "passed",
    "",
    0.00014
  ],
  "test_repeat_char": [
    "failed",
    "AssertionError: assert 'mmmmmmmmmmmmmmmmmmmm' == ''\n  + mmmmmmmmmmmmmmmmmmmm",
    0.00026
  ],
  "test_property_of_function": [
    "failed",
    "AssertionError: assert 'j' not in 'aQelrbJWOLG...YPDmBwWeNXlj'\n  'j' is contained here:\n    aQelrbJWOLGZPyTTKPEQAJEcDqKflIlmKVrZfKJbQOYPDmBwWeNXlj\n  ?                                                      +",
    0.00051
  ]
}