{
  "parameter(s)": [
    18,
    33,
    60
  ],
  "test_result_is_in_given_string": [
    "passed",
    "",
    0.00019
  ],
  "test_result_is_smaller": [
    "failed",
    "AssertionError: assert 27 == (28 - 18)\n +  where 28 = len('u#EYd{:AyeB&)mac/_}LR0UxnCSX')",
    0.00027
  ],
  "test_result_is_larger": [
    "failed",
    "assert 0 == (18 - 1)",
    0.00032
  ],
  "test_random_string": [
    "failed",
    "AssertionError: assert '%' == 'I'\n  - I\n  + %",
    0.00041
  ]
}