{
  "parameter(s)": [
    "2",
    "s",
    36,
    79
  ],
  "test_compare_lengths_with_large_string": [
    "passed",
    "",
    0.00024
  ],
  "test_property_of_function": [
    "failed",
    "AssertionError: assert 'E' not in 'oYvrXxxLdhB...XJsttowThBDC'\n  'E' is contained here:\n    oYvrXxxLdhBZWeAscEcHdbUEKpDjtQlRILxDEQBtEAtswcKDDpvyUtBxuRjbruGsWoJUTUwNXbzjyoAAoQbrNEyuAKActdhQvhhrecRRXJsttowThBDC\n  ?                  +",
    0.00064
  ],
  "test_repeat_char": [
    "failed",
    "AssertionError: assert 'mmmmmmmmmmmm...mmmmmmmmmmmmm' == ''\n  + mmmmmmmmmmmmmmmmmmmmmmmmmmmmmmmmmmmmmmmmmmmmmmmmmmmmmmmmmmmmmmmmmmmmmmmmmmmmmmmmm",
    0.00032
  ]
}