{
  "parameter(s)": [
    60,
    200
  ],
  "test_zero_range": [
    "passed",
    "",
    0.00013
  ],
  "test_range_size": [
    "passed",
    "",
    0.00011
  ],
  "test_range_sum": [
    "passed",
    "",
    8e-05
  ],
  "test_even_range": [
    "failed",
    "AssertionError: assert [122, 124, 12...130, 132, ...] == [124, 126, 12...132, 134, ...]\n  At index 0 diff: 122 != 124\n  Left contains one more item: 400\n  Full diff:\n    [\n  +  122,\n     124,\n     126,...\n  \n  ...Full output truncated (138 lines hidden), use '-vv' to show",
    0.00141
  ],
  "test_large_range": [
    "failed",
    "AssertionError: assert [61, 62, 63, 64, 65, 66, ...] == [62, 63, 64, 65, 66, 67, ...]\n  At index 0 diff: 61 != 62\n  Left contains one more item: 200\n  Full diff:\n    [\n  +  61,\n     62,\n     63,...\n  \n  ...Full output truncated (138 lines hidden), use '-vv' to show",
    0.00089
  ],
  "test_ones_range_sum": [
    "failed",
    "assert 140 == ((200 - 60) - 1)\n +  where 140 = sum([1, 1, 1, 1, 1, 1, ...])\n +    where [1, 1, 1, 1, 1, 1, ...] = all_pos_ints_exclusive([1, 1, 1, 1, 1, 1, ...])",
    0.00031
  ]
}