{
  "parameter(s)": [
    10,
    66
  ],
  "test_positive_range": [
    "failed",
    "AssertionError: assert [11, 12, 13, 14, 15, 16, ...] == []\n  Left contains 56 more items, first extra item: 11\n  Full diff:\n    [\n  -  ,\n  +  11,\n  +  12,\n  +  13,...\n  \n  ...Full output truncated (54 lines hidden), use '-vv' to show",
    0.00059
  ],
  "test_even_range": [
    "failed",
    "AssertionError: assert [-22, -24, -2...-30, -32, ...] == [-22, -24, -2...-30, -32, ...]\n  Right contains one more item: -134\n  Full diff:\n    [\n     -22,\n     -24,\n     -26,\n     -28,...\n  \n  ...Full output truncated (54 lines hidden), use '-vv' to show",
    0.00078
  ],
  "test_large_range": [
    "failed",
    "AssertionError: assert [10, 11, 12, 13, 14, 15, ...] == []\n  Left contains 56 more items, first extra item: 10\n  Full diff:\n    [\n  -  ,\n  +  10,\n  +  11,\n  +  12,...\n  \n  ...Full output truncated (54 lines hidden), use '-vv' to show",
    0.00051
  ]
}