{
  "parameter(s)": [
    "&",
    "v",
    12,
    88
  ],
  "test_compare_lengths_with_large_string": [
    "passed",
    "",
    0.00016
  ],
  "test_property_of_function": [
    "failed",
    "AssertionError: assert 'U' not in 'yKIEdydViHI...hojJzPPpXITz'\n  'U' is contained here:\n    yKIEdydViHIuEzvvJfLAJOkPbFyZlaiPwtPOpRQPbSaJUvpPyYbLGIFernuwdjJiUkZJyDAIsMVAkzkqXWuowZpYGhojJzPPpXITz\n  ?                                             +",
    0.00069
  ],
  "test_repeat_char": [
    "failed",
    "AssertionError: assert 'mmmmmmmmmmmmm' == ''\n  + mmmmmmmmmmmmm",
    0.00034
  ]
}