{
  "parameter(s)": [
    11,
    83,
    13,
    66
  ],
  "test_string_of_distinct_chars": [
    "passed",
    "",
    0.00014
  ],
  "test_string_of_similar_chars": [
    "failed",
    "AssertionError: assert {'aaaaaaaaaaa...aaaaaaa', ...} == {'aaaaaaaaaaa...aaaaaaa', ...}\n  Extra items in the right set:\n  'aaaaaaaaaaaaaaaaaaaaaaaaaaaaaaaaaaaaaaaaaaaaaaaaaaaaaaaa'\n  'aaaaaaaaaaaaaaaaaaaaaaaaaaaaaaaaaaaaaaaaaaaaaaaaaaaaaaaaaaa'\n  'aaaaaaaaaaaaaaaaaaaaaaaaaaaaaaaaaaaaaaaaaaaaaaaaaaaaaaaaaaaaaaaaaa'\n  'aaaaaaaaaaaaaaaaaaaaaaaaaaaaaaaaaaaaaaaaaaaaaaaaaaaaaaaaa'\n  'aaaaaaaaaaaaaaaaaaaaaaaaaaaaaaaaaaaaaaaaaaaaaaaaaaaaaaaaaaaaaaaa'\n  'aaaaaaaaaaaaaaaaaaaaaaaaaaaaaaaaaaaaaaaaaaaaaaaaaaaaaaaaaaaaa'...\n  \n  ...Full output truncated (62 lines hidden), use '-vv' to show",
    0.00198
  ],
  "test_string_of_spaces_and_letters": [
    "failed",
    "AssertionError: assert not {'  a  a  a  a  ', '  a  a  a  a  a  ', '  a  a  a  a  a  a  ', '  a  a  a  a  a  a  a  ', '  a  a  a  a  a  a  a  a  ', '  a  a  a  a  a  a  a  a  a  ', ...}\n +  where {'  a  a  a  a  ', '  a  a  a  a  a  ', '  a  a  a  a  a  a  ', '  a  a  a  a  a  a  a  ', '  a  a  a  a  a  a  a  a  ', '  a  a  a  a  a  a  a  a  a  ', ...} = palindromes_of_specific_lengths(' a  a  a  a  a  a  a  a  a  a  a  a  a  a  a  a  a  a  a  a  a  a  a  a  a  a  a  a  a  a  a  a  a  a  a  a  a  a  a  a  a  a  a  a  a  a  a  a  a  a  a  a  a  a  a  a  a  a  a  a  a  a  a  a  a  a  a  a  a  a  a  a  a  a  a  a  a  a  a  a  a  a  a  a  a  a  a  a  a  a  a  a  a  a  a  a  a  a  a  a  a  a  a  a  a  a  a  a  a  a  a  a  a  a  a  a  a  a  a  a  a  a  a  a  a  a  a  a  a  a  a  a  a  a  a  a  a  a  a  a  a  a  a  a  a  a  a  a  a  a  a  a  a  a  a  a  a  a  a  a  a  a  a  a  a  a  a  a  a  a  a  a  a  a  a  a  a  a  a  a  a  a  a  a  a  a  a  a  a  a  a  a  a  a  a  a  a  a  a  a  a  a  a  a  a  a  a  a  a  a  a  a  a  a  a  a  a  a  a  a  a  a  a  a  a  a  a  a  a  a  a  a  a  a  a  a  a  a  a  a  a  a  a  a  a  a  a  a  a ')",
    0.00128
  ],
  "test_string_of_spaces": [
    "failed",
    "AssertionError: assert {'           ...       ', ...} == set()\n  Extra items in the left set:\n  '                                                  '\n  '                         '\n  '                                  '\n  '                                            '\n  '               '\n  '                                          '...\n  \n  ...Full output truncated (85 lines hidden), use '-vv' to show",
    0.00139
  ]
}