{
  "parameter(s)": [
    "W",
    "x",
    34,
    67
  ],
  "test_compare_lengths_with_large_string": [
    "passed",
    "",
    0.00011
  ],
  "test_repeat_char": [
    "failed",
    "AssertionError: assert 'mmmmmmmmmmmm...mmmmmmmmmmmmm' == ''\n  + mmmmmmmmmmmmmmmmmmmmmmmmmmmmmmmmmmmmmmmmmmmmmmmmmmmmmmmmmmmmmmmmmmmmm",
    0.00035
  ],
  "test_property_of_function": [
    "failed",
    "AssertionError: assert 'e' not in 'yyYfbnxmcfX...wjcvtudnslzw'\n  'e' is contained here:\n    yyYfbnxmcfXxkaewXaMxXhwhtpxuquqYjehYknwXmfpmbqwjcvtudnslzw\n  ?               +",
    0.00041
  ]
}