{
  "parameter(s)": [
    639,
    975
  ],
  "test_lengths": [
    "passed",
    "",
    0.0001
  ],
  "test_sums": [
    "passed",
    "",
    7e-05
  ],
  "test_large_range": [
    "failed",
    "AssertionError: assert [638, 639, 64...642, 643, ...] == [639, 640, 64...643, 644, ...]\n  At index 0 diff: 638 != 639\n  Left contains one more item: 975\n  Full diff:\n    [\n  +  638,\n     639,\n     640,...\n  \n  ...Full output truncated (336 lines hidden), use '-vv' to show",
    0.00197
  ],
  "test_even_range": [
    "failed",
    "AssertionError: assert [1276, 1278, ...84, 1286, ...] == [1278, 1280, ...86, 1288, ...]\n  At index 0 diff: 1276 != 1278\n  Left contains one more item: 1950\n  Full diff:\n    [\n  +  1276,\n     1278,\n     1280,...\n  \n  ...Full output truncated (336 lines hidden), use '-vv' to show",
    0.00135
  ],
  "test_list_concat": [
    "failed",
    "AssertionError: assert [0, 1, 2, 3, 4, 5, ...] == [0, 1, 2, 3, 4, 5, ...]\n  At index 639 diff: 638 != 639\n  Left contains one more item: 9759\n  Full diff:\n    [\n     0,\n     1,\n     2,...\n  \n  ...Full output truncated (9759 lines hidden), use '-vv' to show",
    0.02678
  ]
}