{
  "parameter(s)": [
    "K",
    "a",
    71,
    94
  ],
  "test_compare_lengths_with_large_string": [
    "passed",
    "",
    0.00015
  ],
  "test_repeat_char": [
    "failed",
    "AssertionError: assert '' == 'mmmmmmmmmmmm...mmmmmmmmmmmmm'\n  - mmmmmmmmmmmmmmmmmmmmmmmmmmmmmmmmmmmmmmmmmmmmmmmmmmmmmmmmmmmmmmmmmmmmmmmmmmmmmmmmmmmmmmmmmmmmmmmm",
    0.00031
  ],
  "test_property_of_function": [
    "failed",
    "AssertionError: assert 'W' not in 'aXPLUXZXNMV...YSTLKXUKWRLP'\n  'W' is contained here:\n    aXPLUXZXNMVMVXKLLXVUTUKMZNaWQSLORaPVZTQSOSTULYSTLKXUKWRLP\n  ?                            +",
    0.00059
  ]
}